number,value,datetime_start,datetime_complete,duration,params_BOUGUER,params_CRUST_RHO,params_CTD,params_DEM,params_EMAG2_LOG,params_FREE_AIR,params_GEOID,params_LAB,params_LITH_RHO,params_MAG_SEIS_MOHO,params_MOHO,params_MOHO_GRAV,params_REVEAL_P120,params_REVEAL_P150,params_REVEAL_P180,params_REVEAL_P210,params_REVEAL_P40,params_REVEAL_P60,params_REVEAL_P90,params_REVEAL_P_DIFF_40_60,params_REVEAL_S100,params_REVEAL_S140,params_REVEAL_S200,params_REVEAL_S220,params_REVEAL_S50,params_REVEAL_S80,params_REVEAL_S90,params_REVEAL_S_DIFF_200_220,params_REVEAL_VP60VS70,params_REVEAL_VP90VS60,params_REVEAL_VPVS_DIFF,params_SEDIMENT,params_SI,system_attrs_fixed_params,state
0,0.36138937429795426,2026-04-16 06:56:29.525100,2026-04-16 06:58:53.844466,0 days 00:02:24.319366,1.0,1.0,1.0,1.0,1.0,1.0,1.0,1.0,1.0,1.0,1.0,1.0,1.0,1.0,1.0,1.0,1.0,1.0,1.0,1.0,1.0,1.0,1.0,1.0,1.0,1.0,1.0,1.0,1.0,1.0,1.0,1.0,1.0,"{'REVEAL_P90': 1.0, 'REVEAL_P60': 1.0, 'SEDIMENT': 1.0, 'REVEAL_P40': 1.0, 'CTD': 1.0, 'CRUST_RHO': 1.0, 'SI': 1.0, 'GEOID': 1.0, 'REVEAL_S80': 1.0, 'REVEAL_VP90VS60': 1.0, 'DEM': 1.0, 'REVEAL_S100': 1.0, 'REVEAL_S200': 1.0, 'REVEAL_S140': 1.0, 'REVEAL_VP60VS70': 1.0, 'REVEAL_VPVS_DIFF': 1.0, 'REVEAL_S_DIFF_200_220': 1.0, 'REVEAL_P120': 1.0, 'REVEAL_P210': 1.0, 'FREE_AIR': 1.0, 'EMAG2_LOG': 1.0, 'MAG_SEIS_MOHO': 1.0, 'MOHO': 1.0, 'REVEAL_S90': 1.0, 'LITH_RHO': 1.0, 'REVEAL_S50': 1.0, 'LAB': 1.0, 'REVEAL_P180': 1.0, 'MOHO_GRAV': 1.0, 'REVEAL_P150': 1.0, 'REVEAL_P_DIFF_40_60': 1.0, 'BOUGUER': 1.0, 'REVEAL_S220': 1.0}",COMPLETE
1,0.3716182924282381,2026-04-16 06:58:53.847520,2026-04-16 07:01:15.726724,0 days 00:02:21.879204,0.1948567125127257,0.18408992080552522,0.18410729205738682,0.10838581269344748,1.0952662748632553,0.31245650712608714,2.962151658830349,0.21839352923182975,0.5954553793888989,0.17258215396625,0.3135775732257744,1.0150667045928572,0.7790143126276238,0.11992724522955164,0.7475992999956502,0.541828231953324,1.040166367988731,4.123206532618726,0.432845022129388,1.0769622478263126,4.44475416669081,0.22948683681130555,2.595942550311263,0.12897950480855533,2.157696745589682,1.0502105436744278,0.4192159350410975,0.32877474139911184,0.20366442026830908,1.5958573588141265,0.20492680115417347,1.7524101118128137,0.1255111517297383,,COMPLETE
2,0.35340115156448004,2026-04-16 07:01:15.728608,2026-04-16 07:03:39.266655,0 days 00:02:23.538047,0.3001230180898044,1.4537555576161922,0.1465352103067214,3.5067764992972172,3.3134836155089475,3.946212980759093,0.16119044727609197,0.35704789209099796,0.21526280972215278,1.0370844668954533,3.683296438423419,0.28907721743726744,4.439102767051396,2.558586885593424,0.45745782054754014,2.074566765675251,0.3292529363110524,4.370990468130502,4.09381360859878,0.4037506188440754,0.27520696850790527,0.3385226783451977,1.3353819088790582,0.8356499023325523,0.11935477742481386,0.6938901412739394,0.1413663700812185,0.20609249413202357,0.7648565112369945,0.11439974749291269,0.8488762161408708,2.3628864184236402,0.5595074635794794,,COMPLETE
3,0.3568204640210532,2026-04-16 07:03:39.270992,2026-04-16 07:05:59.004959,0 days 00:02:19.733967,0.5325732706437204,0.21757649801197562,2.051259942215136,2.043455498416139,1.7361170890393296,0.3568426123255424,2.4290950368254953,1.9613313824155445,0.15965665886173755,1.2111307195599326,3.216235469207419,2.0410334065257048,0.12822825454807552,0.6901506581791922,0.8986552644007192,0.3375589571206083,4.749974771378395,2.306261812167793,0.17355056469855074,0.7728716861851782,0.13359790328445564,0.15734685129393672,0.4064644058668375,0.11045524260304719,1.6284765129487637,1.5882886211970033,0.6342770438858341,0.36491004518573583,2.9267581150621287,1.7320535358459537,1.1454201562599386,0.13386261584543913,0.10218376758008087,,COMPLETE
4,0.3636463861786262,2026-04-16 07:05:59.005950,2026-04-16 07:08:19.120894,0 days 00:02:20.114944,0.5118807219845012,3.482797436617689,0.73121711727864,0.13514082247401413,0.8247575333443021,3.284210350911731,0.49799877736850856,0.5316714274124602,0.1538065811598201,2.3540549916739844,3.3299080375866614,2.899715852166587,2.3196088229293594,0.10275701058256682,2.453480159918335,0.20748033175894867,0.3420435321164826,0.11308297976636,0.15251209898002926,0.7374699809816788,0.3106554858581908,3.797767944247853,0.1878927968546051,0.23842649129817403,0.24392426447067803,1.9215811115723025,0.34695916603302895,3.024025177405686,2.360327600127808,0.24474916579073802,1.1916095713775827,1.2057081573389115,0.26517954410462846,,COMPLETE
5,0.33023968825686306,2026-04-16 07:08:19.122117,2026-04-16 07:10:41.756593,0 days 00:02:22.634476,0.8133268642646567,1.5646172845245514,0.7610438922351125,0.699536365395908,0.17626741740706342,0.25527510672017345,4.477427984113195,0.2533605885076776,1.3865582968261485,0.6785245383889537,4.727053921131418,0.42155331669491175,0.2974486379287082,1.1865024511462618,1.7267033554444338,3.4923398229690443,0.35408871584750534,0.37462611558389586,0.1598260858385584,1.1921968649009667,0.32447648098898546,0.1155233613914713,0.30474420508418104,0.14236381287235736,1.9677452882613438,4.31687113842961,0.25777728526856764,0.12230968684637636,1.0855042274745075,0.26777533310313256,0.7145565133513968,3.999220074578463,0.4147589698454849,,COMPLETE
6,0.34903623744636536,2026-04-16 07:10:41.757380,2026-04-16 07:13:02.618259,0 days 00:02:20.860879,1.7115000764688548,1.416320452869399,1.0090423315981845,0.19780776349405252,1.3221876538695285,0.27430586177787175,0.7413627235366395,3.3445882537423945,0.25757267464272166,2.445884838854264,0.8775452610882297,1.1902012049596233,3.7241461894928167,0.3767050528609561,3.3867510216238226,3.0943771470831383,0.11729398526129194,0.3507484078994471,2.625148553475693,0.3920095005479951,1.492390555251755,3.903697468383557,0.45399571411797673,3.3432081915002594,0.1439391089327091,0.2425546071605745,0.7940730292120066,0.15587917868879184,0.17125527562127538,1.2477547117579695,0.3797182755664948,0.2074384957294224,0.10670437436886865,,COMPLETE
7,0.3655455761039911,2026-04-16 07:13:02.620144,2026-04-16 07:15:25.227338,0 days 00:02:22.607194,1.1810970754652488,3.36214634822542,0.1881925110523379,0.10199983732585115,1.2697166345350421,1.8546693963465997,0.1036634157292471,0.2822090051553566,0.14426155883642527,2.7720757993795844,1.3099797385674432,4.498997443951861,0.25297586129952526,0.46543736260056773,0.25973536453725443,0.35714479620010053,0.13897967017840054,2.113416820082882,3.2146465264678445,3.2776331220237247,0.18758929697854748,1.4979909410671277,0.8556226023737441,2.2405805612946135,0.4214422962057286,0.1487294964712418,0.9237177101041923,1.621702307943825,1.2813348073648008,1.3405085969289574,0.24045113403355006,1.2325158377757162,1.0722715472299058,,COMPLETE
8,0.35035486038569247,2026-04-16 07:15:25.228410,2026-04-16 07:17:45.284952,0 days 00:02:20.056542,0.17298105438684686,0.2999327032958846,1.6882022447363862,4.1753803075184335,0.45109653340121175,0.31641701954844287,1.2492175283159117,1.5224174271071171,0.8830568083719574,2.7929018550910776,0.34549437457269533,0.1462513716989619,4.336720537130749,1.1088653955197347,0.9300725537404403,2.81343883728721,0.2146406524604869,0.9553057578887411,0.7144393131097432,4.809188434406937,3.583662952414401,0.1062332156990954,0.42548918777106237,0.759672721122477,3.89492303883841,0.19994278254364248,0.19407209432804684,4.38851454510497,3.7773340393735215,3.961055478182881,0.5339148796046899,0.6867090776580449,0.10997959032388707,,COMPLETE
9,0.3243078356770971,2026-04-16 07:17:45.285693,2026-04-16 07:20:05.578788,0 days 00:02:20.293095,0.7713928938790778,0.3153579159668689,0.40809820330120644,0.7391888334744298,0.9604629436055062,0.14443501695377814,2.378802343466695,0.11267277996879667,0.3067785513876969,0.11509722292608278,0.6180691498776408,2.497892120906854,0.3751834158446108,0.409216461404211,0.11573199841119607,0.4346144590956211,1.5613468349331552,1.8136089975611087,3.094785346274657,0.1643887146465753,0.7113136476036263,1.2713619874715776,2.271326477723069,2.0332742012972784,1.0088067681178658,2.972554739324683,0.8354817300713056,3.2515645455920947,1.5581909172350805,3.560969923212881,2.2491989652673565,1.5283007861169702,2.3718123485461646,,COMPLETE
10,0.34751152361736004,2026-04-16 07:20:05.579687,2026-04-16 07:22:28.856772,0 days 00:02:23.277085,3.686479188303165,0.116357117274778,0.3085303885624059,0.299919317854365,0.29846690821455973,0.10419932489181827,0.35326009150373755,0.10423365961745723,4.4701665910224975,0.12020998482796215,0.12288302423733935,0.540950724925005,1.0121683418163723,0.10116148148868637,0.3221847557630197,0.10845376597090524,2.371707297862876,3.845072704730258,0.33803867040308355,2.1046759147074474,4.044849285259282,0.34813656113090036,3.6819897147088714,0.30153723626335494,4.772360463447634,0.4997160992000612,3.0282893637997015,0.4362338522991398,0.2298889558691448,0.4415056067156836,0.10918855005360101,0.4231156845697542,4.271906202534824,,COMPLETE
11,0.3680664542826776,2026-04-16 07:22:28.858679,2026-04-16 07:24:50.736613,0 days 00:02:21.877934,0.10600021319893158,4.821715355179509,0.10536377430508152,0.1288937933361543,2.849870664066375,1.3779583277919942,0.12304103238825242,0.22974845980440042,0.5454275503646467,0.31659126820980266,0.2326442274944728,4.482773059870434,0.4028520361797542,0.23035776700363902,0.18192729748999448,0.8366977313959941,0.6298613471061977,2.1883912400191363,1.3472696319928577,3.821243022995104,1.8163395534057167,2.169987133085647,4.7342358877664745,4.1279243908998815,0.38829267004424983,0.11523031395040917,2.0529288292503294,1.2248071740693047,0.30842478009755514,2.0037939721436584,0.1722004753883463,4.8988773734836775,1.3174145348434771,,COMPLETE
12,0.362673974315386,2026-04-16 07:24:50.737822,2026-04-16 07:27:09.736149,0 days 00:02:18.998327,0.10465106809770405,0.578767364456776,0.11526057682603667,0.34236675565029684,4.871383727077001,0.8517317728734202,0.28096202971686995,0.17790683471900537,0.4985828680634652,0.2678916582657103,0.1941395111492201,4.970251717457934,0.5509418351509916,0.20942795828827557,0.10161603990368452,1.0078147878784005,0.7261020440387209,4.307542518097139,1.3605072845731174,1.9106237827400079,2.2612722925633517,0.49660259681426694,4.761197981007609,4.881003070121578,0.4538071129699457,0.36990797700757955,2.890099125605101,0.616843585545652,0.3603655483484632,2.6414008222462666,0.10130029340257676,4.98159426951498,1.7381331084404337,,COMPLETE
13,0.36505241752706696,2026-04-16 07:27:09.737173,2026-04-16 07:29:25.634680,0 days 00:02:15.897507,0.1286042603408103,0.1337189906192274,4.506370673639349,0.20410630338678307,2.527141429435861,0.5533125689377013,1.7793414774064915,0.5214403741987127,1.7772576784036147,0.29559192087953473,0.30379914825308474,1.3126676543259297,1.3007326688425138,0.20399318588144225,0.19954745767093762,0.7055837130690641,1.2310613883949635,1.58678340183951,0.3726251840328714,2.0872789029477268,4.991842814433601,2.3723637135592957,2.165205954208912,0.41599702351509915,0.49764248388007115,0.10502722172148621,4.9351360110506945,1.1364589673595602,0.3955287015134399,0.6952048012970232,0.24929494420322623,2.940554360193265,0.23115673488568503,,COMPLETE
14,0.35756524964986713,2026-04-16 07:29:25.636418,2026-04-16 07:31:42.079434,0 days 00:02:16.443016,0.2239295346802032,0.5987346813791442,0.2637810654858387,0.10855908291650018,0.4931541483611999,1.560546809935924,3.9749089039419707,0.17275748829470858,0.4478214453635422,0.2503395509894917,0.10663360332139381,0.11514021443712853,0.5445464871463467,0.182847941962638,0.4661146293849578,1.5489024358945436,0.65267670225827,0.5561167441663306,1.516168648340965,0.12674314453812324,2.143967870649557,0.2288711216866523,2.6962995251893753,1.3978561496763027,2.2893626260842566,1.1321378137636977,1.5584335836444043,0.25607411633646254,0.10898951210798517,2.0025518356260306,0.19122266685762443,2.164261027330132,1.8731758102791658,,COMPLETE
15,0.360401935172683,2026-04-16 07:31:42.080316,2026-04-16 07:33:56.976270,0 days 00:02:14.895954,0.3275174314708705,4.306194667647634,0.1028801878522773,0.4419628669979121,2.4302520716843836,0.5080404565630463,0.21635105951498795,0.6608014613019294,0.5760357620173714,0.46686110907239947,0.4284818953431299,0.27660161351437756,0.11188724101736545,4.966539212437372,1.4976119575210842,0.6885903405945246,2.1200738653014137,2.672058399973156,0.42859737855844793,0.3273396659932838,2.3463422429608105,0.6327680059964897,1.4619657486216688,0.47895243076048494,0.3083830583654586,0.3282317516204548,0.4191791290112722,1.6532579080371812,0.5026960246578991,0.7019054975516897,0.16684648218725018,0.5391168079159974,0.2671073315650867,,COMPLETE
16,0.37305820503672776,2026-04-16 07:33:56.977210,2026-04-16 07:36:11.222074,0 days 00:02:14.244864,0.1010491782680534,0.4305323872032171,0.188231417016502,0.20610577657006085,2.116948172469551,1.469851245084176,0.10215837022558028,0.1653975324853196,2.6041884359081116,0.18286915681584,0.22007084224645115,0.74430310542106,1.7640193377547138,0.1575473166562033,0.5490878011749563,0.19178884669923588,0.5813920944571774,1.2411634932161832,0.5787398724117151,3.9955860574844246,1.1782379820482312,2.1785252073164685,4.1072639857099755,0.1867284521045354,0.808353219348001,0.6154072148627309,1.8212352572805397,0.6196754353000953,0.23553585370207844,2.3834370234933178,2.9651016522520437,3.3260836686228057,0.8932082861925379,,COMPLETE
17,0.3367708375243209,2026-04-16 07:36:11.223523,2026-04-16 07:38:27.190487,0 days 00:02:15.966964,0.1857072786736493,0.3868468488289089,0.4144805412479399,0.20429848394775718,0.1106615871236619,2.3097576803670155,0.5308057262038599,0.14627889456931653,2.878347505151214,0.16524191908071578,0.4686813154252672,0.808668534846646,1.8102247796325794,0.12495742001622345,0.5168958100449895,0.15172206423973159,3.325943263435572,0.14304813021185375,0.5815089081834595,1.4720651808258316,0.5427621048681416,0.8120058170518061,3.0374924853627263,0.19410323615850256,0.8035424008537688,0.6759178199460076,0.5079769876779533,0.6172616761936774,0.10138511157495113,4.106715896954204,4.633839800198674,1.882793050612165,0.6437610670956294,,COMPLETE
18,0.35624410029198517,2026-04-16 07:38:27.191298,2026-04-16 07:40:44.068055,0 days 00:02:16.876757,0.3102074403563841,0.1812522680176692,0.18833426640904838,0.26356040074361603,0.5133852626891985,0.19260221568933586,1.343063100100392,0.3235568650541356,2.3240855622991177,0.17792108199898435,0.18169757943826106,0.5920378829711701,2.4168175203125015,0.2951716438914211,0.7016531284012297,0.22568820171458207,0.46182259262140396,1.1927924339377072,0.24227316324984277,2.8603305307364306,0.986599713345877,0.23181704377416137,0.10056885984669577,0.11044505214366918,2.8011626547885027,1.009006708499865,0.10603363617383958,0.27461007933965986,0.16835478727511358,4.938066862117618,1.97892792136915,2.9871915941969274,0.42766962993357266,,COMPLETE
19,0.35234472738188594,2026-04-16 07:40:44.068884,2026-04-16 07:43:15.136684,0 days 00:02:31.067800,0.1609161988761824,0.45182795110223245,0.4683955896097237,0.40831764584539953,1.7347733147055462,0.4933348616394639,3.0361311677011176,0.4074533911565975,4.765104510425657,4.861575398510109,1.62434124905338,1.7740558156934598,0.8829307426876762,0.15107618577737097,1.37145200931704,0.49243807499463454,0.9756302295977505,0.6030665911668638,0.10512134042468622,0.5397854284453872,1.265776811017719,2.6526688838068546,1.5842408901882437,0.18264568907306422,1.3694207997014156,1.9340912875361111,1.4687243221136586,0.560971186665809,0.541693603231939,0.9643054871882745,4.679817374662299,0.32977531202806837,0.18357798520825935,,COMPLETE
20,0.35999776471620093,2026-04-16 07:43:15.138746,2026-04-16 07:45:43.822430,0 days 00:02:28.683684,4.344333213964188,0.20580927512486386,0.2313055043053722,1.26591445105253,1.7137273989155737,1.006645237954941,0.7538552584443768,0.9909524532802733,1.299434265985651,0.510615819489,0.14771474765664142,0.26613232983615653,1.4119197225306623,0.679790486923073,4.504273461073347,0.21098106774194303,1.7741111063472805,0.24333375457118311,0.666899638900411,1.5131254821264666,0.5945400975616024,0.47661673882165,3.462022406026782,0.3667422131128597,0.6674462698153666,0.47420138148496105,0.3255714654088667,0.3671855371130388,0.22281377431588745,2.323770564125656,2.6861508739725117,0.7383525421278172,3.928279441017902,,COMPLETE
21,0.3774421645942902,2026-04-16 07:45:43.824481,2026-04-16 07:48:02.489140,0 days 00:02:18.664659,0.10340902844134921,0.8606150943397279,0.14438824343399478,0.1536759698182332,4.76370925318455,1.3620573835400425,0.11116238425171955,0.2265986278431104,0.7320590983223546,0.35299457128314127,0.247269668996543,3.273232368109593,0.20623383811368262,0.28368161900207717,0.1648422183489141,1.2021601178239503,0.5947335557020386,2.87979734010075,1.6075199198043393,4.6450762029165125,2.7882847031678955,2.0731202081309674,4.447242877004575,0.5746850979836882,0.17923536258836745,0.10221065271820963,1.5604760221527119,0.9382868733286772,0.29334906409676625,2.5901648434047284,0.39769034954529126,4.055163584040225,1.0654156190841733,,COMPLETE
22,0.37092378536779524,2026-04-16 07:48:02.490027,2026-04-16 07:50:21.578360,0 days 00:02:19.088333,0.10182192005708475,0.9539967972803033,0.16657695446860277,0.16875866633287132,4.246309209321275,2.9181205584152896,0.16070659521872338,0.1901352338758649,0.38662188343591963,0.1706648203338105,0.2598753454705633,1.587087016778535,0.20481358770901342,0.29344555910342607,0.3247923996743563,1.502695815927773,0.49971068096328347,3.092975784547994,1.891743458610953,4.751405670898452,3.040208174851077,1.6683316185048767,2.011137894279149,0.2810428541117651,0.23798223833260523,0.2124747446432756,1.438281403059589,0.8003855085917347,0.15116207973822923,3.1395825390685292,0.36724278516990777,3.3264494260819215,0.8443277605439642,,COMPLETE
23,0.3742061042082969,2026-04-16 07:50:21.581410,2026-04-16 07:52:38.384930,0 days 00:02:16.803520,0.1464888321619691,0.7987036886635468,0.3354533751308885,0.1482634825000669,3.915983117350232,1.2158270382919723,0.1718070309019994,0.12906584166843493,0.7669455591318062,0.4567545085960743,0.45787429982325145,0.8736589504052639,0.664251926204413,0.15034317049402834,0.66248981846592,0.10058096773732199,0.2372971184705584,1.4377499195083634,0.8863101106673347,2.7337267886876337,2.948700145738298,3.108431919159508,4.248423591620874,0.5848817049093024,0.19861621473182597,1.3630633471179046,2.5804094571803864,0.4481773846882662,0.279989428425433,1.6220913115502578,0.4605069422592747,1.781151624025641,0.3957156251445555,,COMPLETE
24,0.3766668607929492,2026-04-16 07:52:38.385685,2026-04-16 07:54:58.632253,0 days 00:02:20.246568,0.14029959223501137,0.9283907988770761,0.2993696726293116,0.53457049077806,3.800085450666038,1.2381689509699407,0.1501125430651421,0.13139024729219162,0.8364575086373002,0.4678140112261548,0.5188692093998288,0.39785999138786643,0.16816179155424538,0.16223406804659296,0.14816194262205756,0.10889733922122662,0.21029136511693602,1.2481406634689878,0.9298889522737096,2.7692872330506475,2.670374383645909,4.6088713813573285,4.593344591058106,0.6117836268963469,0.17261645727432168,3.185992071608318,2.6749948937463044,0.4943251628268086,0.27647589464989947,2.6287867623371666,0.5181324424630056,2.609231821603338,0.4047000568360219,,COMPLETE
25,0.3698219548859547,2026-04-16 07:54:58.634616,2026-04-16 07:57:16.745896,0 days 00:02:18.111280,0.2654005852318495,0.9071611468677481,0.3120543608105522,0.4904198718239771,3.684430444058111,4.966847639877974,0.20071609962629683,0.12110257632670811,0.8156497102238256,0.4858370374818756,0.5990712612990553,0.1981166188459831,0.18897205713366017,0.2708235044119477,0.1599978305117345,0.10707702917827569,0.19100987710529604,0.8054284035321088,0.9543901026447926,2.682051997068621,2.953427496304534,4.549522320049112,4.626785632321369,0.5854983158097289,0.17258962597817662,4.875661105031687,4.898577139651316,0.45512923624737767,0.3068439477998997,2.863140754040113,0.5143995261662432,2.416269696870813,0.3940431101385127,,COMPLETE
26,0.3655611474345946,2026-04-16 07:57:16.748010,2026-04-16 07:59:34.799123,0 days 00:02:18.051113,0.4287041713478324,1.8466096915675239,0.5745248357673712,0.5970836270798715,4.589351450374451,0.6974385101416837,0.2985289250754687,0.10075438509683984,1.0412212109574999,0.38108298362124754,0.4414308517905254,0.39604808258244645,0.14711688262101444,0.46599361723336835,0.12654860584064612,0.13680266142211386,0.23160311149101628,1.5403744484270627,2.026416678626026,2.6194723507981594,1.7189875044330034,3.164363075937354,3.154742004000927,1.141178919278412,0.1997997325534818,3.010639414965309,2.864377133160303,0.8051270361198486,0.48606017408347346,1.037573407062631,0.37359940129179264,1.4647742345608203,0.5914295240643715,,COMPLETE
