number,value,datetime_start,datetime_complete,duration,params_BOUGUER,params_CRUST_RHO,params_CTD,params_DEM,params_EMAG2_LOG,params_FREE_AIR,params_GEOID,params_LAB,params_LITH_RHO,params_MAG_SEIS_MOHO,params_MOHO,params_MOHO_GRAV,params_REVEAL_P120,params_REVEAL_P150,params_REVEAL_P180,params_REVEAL_P210,params_REVEAL_P40,params_REVEAL_P60,params_REVEAL_P90,params_REVEAL_P_DIFF_40_60,params_REVEAL_S100,params_REVEAL_S140,params_REVEAL_S200,params_REVEAL_S220,params_REVEAL_S50,params_REVEAL_S80,params_REVEAL_S90,params_REVEAL_S_DIFF_200_220,params_REVEAL_VP60VS70,params_REVEAL_VP90VS60,params_REVEAL_VPVS_DIFF,params_SEDIMENT,params_SI,system_attrs_fixed_params,state
27,0.36629712655291335,2026-04-16 07:59:34.801239,2026-04-16 08:01:55.846631,0 days 00:02:21.045392,0.15552215330355296,2.1413968475146876,0.26787127785932885,1.7523402348478279,3.311598064183905,2.2994849039929504,0.13562756956239727,0.13827118684313167,0.7247119193164886,0.7910557525403732,0.7818602894734096,0.42661208901348646,0.10032185944786338,0.1469924315603372,0.26374770122676894,1.4838038591365554,0.1716893487413942,2.8976760943600586,0.9891630703765261,3.602726251187661,3.1186402322964026,4.971327482795698,1.7995446442615706,0.5752929609161945,0.11244400236576481,3.374409469450347,2.2798386454195674,1.8692459076148005,0.625450667060598,0.4740963133238218,0.4885221992565142,0.9486407529224046,0.30631150719659367,,COMPLETE
28,0.367599701489982,2026-04-16 08:01:55.847804,2026-04-16 08:04:12.805815,0 days 00:02:16.958011,0.14610333311715312,0.7965623747412786,0.3608518884070969,0.25309745994626964,4.95093801374977,1.1280439432328744,0.21886813483449855,0.4303946971916517,1.3649213989680387,0.7377180605260784,1.8193739751874003,3.2025549918401626,0.18259615911425572,0.3118765938654945,0.15319085726114118,4.939055215909001,0.2518436630339949,1.3302065829024536,0.8493309372565465,1.588048655469341,2.6484452838910766,3.174698795276038,1.2320526607180435,0.6209906469013532,0.3015299000877823,2.000696090232967,3.772046018309563,0.19505852266968676,0.13478341862361962,4.977616985003106,0.29432956336477567,4.068519183856044,0.19713279858375543,,COMPLETE
29,0.3701627431875218,2026-04-16 08:04:12.806758,2026-04-16 08:06:30.828820,0 days 00:02:18.022062,0.2308969215219675,0.6924745047616278,0.539406458415792,1.10033413429581,3.1127194041240296,0.7841933190135063,0.15321206043610908,0.8833963424293004,1.1071449342443995,1.399750867918528,1.0720570896565704,0.8099523203640657,0.33059101124770107,0.2223538952287047,0.36512251437333976,0.28817725094250446,0.10804681592839356,0.894595719539494,1.2872289994957493,2.652944994805542,0.8755655525781784,1.099200807806499,1.082892040349103,1.0508386664842926,0.16206732249273822,1.390043234746925,1.0588611645096713,0.939436214838263,0.7618431451356326,0.9975329702585664,1.3469011795746122,0.9104436077143025,0.4905565886728125,,COMPLETE
30,0.35857039567561166,2026-04-16 08:06:30.830601,2026-04-16 08:08:48.594333,0 days 00:02:17.763732,0.3839555421983264,1.2711043816030305,0.13649517810863485,0.14824185404146772,2.1286791778476886,1.1069731437203159,0.4052445804878716,0.28832098506265835,0.35391312068871095,0.6147705645511179,0.5802891104246286,0.1928548838370904,0.5024047077498474,0.5897979585083578,0.23370013215092217,1.0738094231547157,0.2798138438730062,0.6747931211411017,2.009742974548388,0.2333607523612455,1.4741236235351094,1.8262778826061963,0.6304556948589962,1.4037073713722308,0.1328605757372744,2.8399940912438835,1.1641512806038024,0.4650650791759672,0.2947821986489126,1.5209780796435632,0.6688990450938676,2.4850026272231247,0.3348478169623865,,COMPLETE
31,0.3737219203191148,2026-04-16 08:08:48.595326,2026-04-16 08:11:08.847187,0 days 00:02:20.251861,0.12713294826510743,0.48838027062189815,0.22143576137872453,0.17732723777380352,2.243400998283141,1.5625943526521355,0.10031438056357654,0.15251420538007884,3.0469998743545736,0.358580610084432,0.21741211895154974,0.6701757455935712,0.23093806417161106,0.16099060270843077,0.14159999050199829,0.15411744167207722,0.4489854207729406,1.1849829775378846,0.5462052565043236,4.153389258826305,1.1405848897897208,2.6072582851738986,3.5191906789309217,0.47473993094091305,0.5886239681284113,0.7635856177997913,1.935062842783956,0.7211787454398696,0.2510013010214611,2.554012303291992,0.8388332397143038,3.492741142595568,0.9530372523460379,,COMPLETE
32,0.37514715195735404,2026-04-16 08:11:08.849057,2026-04-16 08:13:26.664213,0 days 00:02:17.815156,0.13168648341257358,1.0973930807348258,0.23327643374974946,0.16487002028521897,3.7485348587972345,2.1582534796963038,0.19011776443496015,0.14184483572130455,0.10201880108983635,0.37438421840660013,0.35562674908654524,0.5805992167603028,0.24358645146262434,0.13528157447259614,0.13707424445989963,0.14504589189663136,0.42276118573139243,1.1021200320990885,0.7737560557597073,4.948349788803465,3.7349021370102133,3.0592749170155167,3.4582520515815265,0.4555044735219901,0.10017143499359789,1.3121460790485302,2.411499254546144,1.3099342599146035,0.2663758691755751,1.8727656479043118,0.6765043460355437,3.9054469290036273,1.190579882510352,,COMPLETE
33,0.3661364622160257,2026-04-16 08:13:26.665202,2026-04-16 08:15:45.168414,0 days 00:02:18.503212,0.2135286115642566,1.0277068918930061,0.13265271058345354,0.35900511270470653,3.998154287670653,2.1800752530860725,0.19110727103456407,0.22153123904401958,0.6740169073674471,0.4002529080177825,0.3580954442753635,0.34738470803809557,0.16448853292184767,0.1218277428706855,0.10076268201547005,0.10053468439192449,0.15637810520171483,1.655395895897118,1.1149401352378765,4.959759953358997,3.6455056495798353,3.624975259759485,2.6697575287200266,0.84799250597949,0.1054609808790621,1.3217198049508474,3.6894302698540082,1.3068909180899866,0.40679856869170256,1.9000135708930994,0.6213461986353478,1.7500977901513777,0.6808682998052091,,COMPLETE
34,0.367959938258051,2026-04-16 08:15:45.170357,2026-04-16 08:18:03.127492,0 days 00:02:17.957135,0.1334689581433191,2.325703692738912,0.24226046304814758,0.24234774802555892,3.711172606791615,1.2022851382597304,0.26222301897068406,0.13630116913919219,0.12077291415671844,0.22461995502254212,0.49712288818694067,0.5417656170477032,0.13861916895307028,0.13140722266883056,0.2061548235091129,0.13597434866766886,0.8318657773171664,1.0461127813967779,0.8205429234645972,3.140609006693552,4.65041149995174,4.987891483865094,3.9158351157070013,0.3653696048099696,0.20070706932778243,2.328208346996809,2.478400401120432,2.325689471172107,0.3647585196546777,1.5303905198865164,0.41756359736092863,2.693929326742391,1.2140827543999608,,COMPLETE
35,0.36612823549273904,2026-04-16 08:18:03.128767,2026-04-16 08:20:19.391672,0 days 00:02:16.262905,0.1902281941212688,1.0393561755278606,0.32694362604771815,0.1300387055046523,3.1899744291717664,3.3586878873587334,0.13613118122244977,0.212751031802428,0.8985999016452296,0.9274937941533732,0.2863880306331353,1.0342074975085191,0.6942369674442992,1.9079903058367211,0.1708402788626098,0.28762686131401566,0.3113537431446628,3.5739694213788646,1.160283748638291,0.953009752405281,1.9144615261106983,2.967164933307646,4.956009945668148,0.6672682979521926,0.10286614714603798,0.9368845189497581,1.2788828671714398,0.9428305207333297,0.1916113641426965,3.2508389751453812,0.9167810190846684,2.0518796811851026,1.4465909296550394,,COMPLETE
36,0.36098107007785185,2026-04-16 08:20:19.392427,2026-04-16 09:06:17.799935,0 days 00:45:58.407508,0.1302555875512563,0.7284758665086825,0.9840080893194523,2.624353737273321,2.7007583461494815,1.9194922157180856,0.191826295605286,0.1329581854975104,0.10241517219150192,0.512589115819829,0.3932155623209125,3.4459671505318936,0.2710109293829753,0.18092781277558043,0.6784132228545504,0.12509226447771823,0.3801594573535342,2.0385006716799507,1.65541705152697,2.1199838566322162,3.7266964704725183,1.9568013615505369,2.498470391664263,0.8705673038632341,0.2992864923687697,1.385592827649924,3.5834247955845324,1.4337321362959505,0.13032590002714153,1.2952846883859737,1.5001519013034854,4.179138701848652,2.6693290350528853,,COMPLETE
37,0.3567799142708238,2026-04-16 09:06:17.801941,2026-04-16 09:19:54.018984,0 days 00:13:36.217043,2.122243757838693,1.645584160901109,0.15330521755815113,0.1531146053909483,1.4532851180706803,2.7032350780240635,0.37464632812154364,3.9302843115931,1.7079475938746236,1.3420447608290662,0.16962537028078387,2.2937115082739483,0.435168075959577,0.10029408383724893,0.380782583589497,0.16813164805871905,0.42685746144805864,0.7791675124465566,2.445986803328121,1.1058206602976899,2.6164874437232823,3.9895875785358017,3.011181376122885,0.504356330788694,0.1400967310099487,3.9732094111907865,0.643496861273188,2.16578182928766,0.300413938549559,0.9130617929804953,0.8013838908200461,1.301323711109153,0.8272145967890159,,COMPLETE
38,0.36912740178344294,2026-04-16 09:19:54.020913,2026-04-16 09:22:10.973656,0 days 00:02:16.952743,0.5829727203058067,1.3028722918623596,0.6036136796916175,0.11767980221858268,4.973953661681601,0.911952645905051,0.1228554865219525,0.25858728989106955,0.22151843500059576,0.5744131339451318,0.723137431244465,0.9474936172112297,0.3147272609595946,0.251075479472423,1.1718845676916982,0.25014731870754353,0.27355709473441003,0.5393614790589759,0.4697527227565647,3.342837808248479,4.0656192498673445,1.3789834820765206,0.25820655448081115,0.3298165961527483,0.2292671724203401,0.8604859454611208,1.671404260052744,0.32950511891386064,0.1859955500989486,0.15879702875626356,1.0262615220400182,3.8391093714921163,0.14906475210502101,,COMPLETE
39,0.3654285338618326,2026-04-16 09:22:10.974686,2026-04-16 09:24:28.216338,0 days 00:02:17.241652,0.26472542581705366,1.1390008498059088,0.8618689890026237,0.30488914427356284,0.6657772907570821,0.6459990588627819,0.170769900848813,0.10022481357212927,0.687342992267031,0.21930196817971268,0.3135153939796704,0.47921028794808934,0.124814492529213,0.3467895014461642,2.0458293561239644,0.1841595040554531,0.1328202975066829,0.43400939039803454,0.2597783944120957,2.4373076842625663,0.4445914790296973,3.5576400851110135,4.120009951469997,0.252608302774975,0.17816386777893092,1.677289762325045,2.564369377790845,0.9759563136405724,0.614334084602912,1.698671553630372,0.2947767510456885,0.10523669050945154,0.49198191015111825,,COMPLETE
40,0.3620789594073469,2026-04-16 09:24:28.218064,2026-04-16 09:26:47.494959,0 days 00:02:19.276895,1.120611221396998,0.8678386649078711,0.20916414455641544,0.6846081939042571,3.90026737183637,4.0457161901363925,0.24527059970362405,1.6002200052224793,0.195262511247678,1.0085517557896722,0.9661598847624918,0.2199030180005603,0.20815901685705385,0.1798963720948242,0.13026954195229848,1.1974945936464814,0.19471100913281372,2.6444965712146433,4.353237697320333,3.834454692823472,3.2103509666987513,1.0500353851928095,0.8269335247853543,1.2857854978817118,0.13989847511015596,2.4403125070974103,3.9861140953862293,0.2637071348428617,0.8471801021087577,3.8367913285645496,0.6088940424730412,1.6706221930522542,0.712414480229156,,COMPLETE
41,0.3736379910216513,2026-04-16 09:26:47.497165,2026-04-16 09:30:05.182340,0 days 00:03:17.685175,0.12290597046221668,0.6308386745127803,0.22953394819620593,0.1651191921271006,2.2611074750959927,1.796118656097221,0.10168380430913625,0.16022070101038272,3.26157984940373,0.3898706531041124,0.2348932795911004,0.6241257803871111,0.24928616130775696,0.15229026730350761,0.1438564998420515,0.1276958776747184,0.376999267607067,1.089408416811024,0.5347322680767419,4.208521890944696,1.50088782143287,2.6954933940770043,3.4684901067019616,0.4754920063602256,0.3483955663263246,0.5559714265578396,1.9621233228527803,0.7835883272041304,0.23977624415582469,2.284017980523494,0.7802842116076363,3.430602261434499,1.057840612112271,,COMPLETE
42,0.37845620077202025,2026-04-16 09:30:05.184354,2026-04-16 09:32:30.432143,0 days 00:02:25.247789,0.15285713814523288,0.49234819386620093,0.27501454088079463,0.18371381170870646,3.070137273962276,1.3256431232021384,0.12204780104301734,0.19555284032357087,1.9880491797145865,0.3690447246356144,0.13503584103954178,0.3470158862636927,0.23247504030846758,0.12069766512561708,0.23496429413953152,0.16560409945685522,0.5249827744900851,1.4177063683766506,0.7627547194462241,4.682821405306666,0.11822130446733649,2.5805726490416925,3.6955902833334715,0.7417676222693477,0.24417183180446203,0.8211839982943933,2.063270102712377,0.49469873728517144,0.23884051054528954,2.744921222795826,0.42394373558897674,4.3797724149249815,1.6705809667037503,,COMPLETE
43,0.3774857983737971,2026-04-16 09:32:30.433986,2026-04-16 09:34:54.512911,0 days 00:02:24.078925,0.17451433101096653,0.5480891701297959,0.376722056151636,0.10640610564239318,2.9377717392271077,1.312482672967338,0.1270201610606509,0.1884039273028302,1.201582543155619,0.32326805548314597,0.13238889075853535,0.36670008639031365,0.7060113032466124,0.12098654552832347,0.25894090551328436,0.11277369574578716,0.8519485929545245,1.3487119825492266,0.7638291291915654,4.822412561450198,0.16698462591760713,3.965752658366215,1.870853922425476,0.7160116262011195,0.19817507520136088,1.141673209394663,2.2739375703879396,0.5240215160568908,0.43963903972618934,3.0000052381086584,0.47143288976403125,4.62344141212653,2.5325881766115343,,COMPLETE
44,0.37556266820654427,2026-04-16 09:34:54.514890,2026-04-16 09:37:17.319077,0 days 00:02:22.804187,0.1837327267790813,0.2987245234397645,0.4218347376745849,0.1007662375011329,3.0642525171168087,1.7430167171806816,0.13093327417422387,0.3545518432598248,1.8203566373831224,0.3292004954908297,0.15495862198324348,0.3384385155088729,0.1587438997750972,0.11555819447362864,0.21345928193451472,0.16717424141405243,1.1116196206091828,1.7348722004198942,0.7269823930524318,4.773885197945641,0.12493761722795164,4.215846414611801,2.0451259293903377,0.7329154734051506,0.2393473889998754,0.7930975376892324,3.2572646446384006,0.5361488065047263,0.4651655808998137,3.213414219773586,0.32783372870293254,4.890591215264565,2.675381432438241,,COMPLETE
45,0.37397017431491214,2026-04-16 09:37:17.320832,2026-04-16 09:39:38.200956,0 days 00:02:20.880124,0.1800976003544683,0.3119961311855447,0.4558957856488192,0.1004055018871945,1.1817676117239941,1.3389714972518896,0.12422412541274183,0.3009936005201161,1.799987391934488,0.3092377603596297,0.14000058084055675,0.3581062412855543,0.15880190691801735,0.1079170491376009,0.26171314247198596,0.39597241227285035,1.0551184843905121,1.9842618472834204,0.6618359316013245,3.3112317494041084,0.1080373157008527,4.078323875809921,1.8238139303800311,1.7791019790535576,0.2554801764633939,0.37235724477267557,3.1341401303914127,0.4980273694354142,0.4319849725065788,3.0388276690045974,0.31831044002701486,4.9208729288660376,3.1012241866057835,,COMPLETE
46,0.3710457374275267,2026-04-16 09:39:38.202855,2026-04-16 09:42:11.122729,0 days 00:02:32.919874,0.25179143233139206,0.24510773539506173,0.6615250269860772,0.12279548546322001,2.8772594467701045,1.7896925041351237,0.1369420442849694,0.3655096107113309,2.2201580183887812,0.14473264249368678,0.10430951805113202,0.23878854557035367,0.12990685307196875,0.12278192516487539,0.21260424415686413,2.1816391830610664,1.387911905593748,4.839776993558892,1.1188645932406405,4.241640269519393,0.18871067680738685,4.282239257511995,0.5921714524364446,0.7733940941592028,0.25698634159490225,0.8184745590148457,0.9097127708535413,0.370177999742665,0.34909719631934577,4.316253180495066,0.2199689134134644,4.350467161189951,2.1332363034390727,,COMPLETE
47,0.37285395420530243,2026-04-16 09:42:11.124870,2026-04-16 09:44:33.740483,0 days 00:02:22.615613,0.38882829310042233,0.5398354305343898,0.3833594242491632,0.10479343463236808,1.904660247851301,0.9793019696388425,0.15030879953493545,0.20545848563333186,1.2314280395472637,0.24922590688192345,0.12963946721611427,0.32585922892122055,0.3447907774430491,0.19338137049586895,0.28389290955584956,0.557909890779211,0.8354469555364151,2.4322083301050967,1.5785990081486558,3.3222389468024858,0.1671700588714354,2.2696387309455317,2.360247674747706,0.8798279472389224,0.16314461517196235,0.15837725361248178,2.1042983408444864,0.554632290728967,4.8691908380916065,3.65334248648236,0.33708570319970677,4.970674896055001,3.623805913408836,,COMPLETE
48,0.3731068936325622,2026-04-16 09:44:33.741526,2026-04-16 09:46:53.754031,0 days 00:02:20.012505,0.20445242032283487,0.3613687704055821,1.2954995936234357,0.132326015929253,1.502319693432987,1.5993561290437845,0.11610397718632712,0.5730307001944005,1.606497299121779,0.3117070892322545,0.160466629033599,0.15431737697254605,0.16776916927390734,0.11503379860972665,0.22875904802829355,0.11906755609537768,1.1370021991225114,3.433092439854558,0.3235095402309275,4.906754816401949,0.10160561447798853,3.70311499204791,1.3106120675298318,0.7055023311355743,0.3597305456973466,0.28262258651243655,4.536423443682496,0.3079090908146534,1.141174886780473,2.6970097747117907,0.2678658071409461,3.0299408736230524,4.985589406247432,,COMPLETE
49,0.36655695222281826,2026-04-16 09:46:53.755806,2026-04-16 09:49:13.299434,0 days 00:02:19.543628,0.11412783851857754,0.37977649957796156,4.219780198421681,0.9222314273313202,0.9840817912059959,1.3369657227601184,0.308373397910888,0.24543660603094403,3.6562792434065434,0.6560627153580088,0.11353674946053081,0.4597631937332897,0.279167046848218,0.9465642154073636,0.18225236116384674,0.1716704564989347,0.5653490883636727,1.80196643906145,0.7214516975047478,0.6159192408167493,0.24500987104686653,1.6182658731755513,2.7676263270313126,0.9822468474308595,0.532467403140427,0.4734090672979735,3.188227730983462,0.132379676522105,1.875974139567299,2.2412635533867133,0.42838087604592107,0.18750093797169695,1.6431927866067073,,COMPLETE
50,0.36330763428786633,2026-04-16 09:49:13.301399,2026-04-16 09:51:31.739991,0 days 00:02:18.438592,0.16614222254518513,0.5066167700546211,0.4544647036509687,0.21244422133944169,0.28939016659666866,0.5983711828745125,0.2337076474409637,0.4720502895334697,2.058121123579604,0.21518426402603322,0.18860158187825748,0.15403252242745963,3.2740011571576875,0.438157588123122,0.41213625387989444,0.26006021489933084,0.7415969494317378,2.222452037655799,2.722974412692453,1.8990693739687767,0.13130609451747086,2.002884275018417,1.7381015526255206,1.6727290812917135,0.21503517919221982,1.0986235035739307,1.285437622032587,0.1946853602630861,0.8587788163509261,3.3625181798914205,0.5653278351210931,2.3320187922165982,2.4517675905534837,,COMPLETE
51,0.37073832745763996,2026-04-16 09:51:31.741901,2026-04-16 09:53:50.109253,0 days 00:02:18.367352,0.14751345760937126,0.251176919076027,0.27885599681910395,0.18024591874245427,3.260471421891983,2.5260017057567117,0.11522242557025507,0.19883306523482855,0.931095714404197,0.414005694202236,0.13589289808525892,0.2850675693247781,0.22954944448405395,0.13408268692115893,0.11588730297259141,0.1502077040335593,0.8839078841268028,0.9717503293122212,0.780062809893766,4.428600237293069,0.1457346714738039,2.6366914828734975,2.1162317900810423,0.43525552807697954,0.12228550312742523,0.7015593005489061,2.3556493430871153,1.0508265982023741,0.4390560194230516,2.1559136611493472,0.1338140120745583,4.036914958701616,1.4871810678047204,,COMPLETE
52,0.3745652897631798,2026-04-16 09:53:50.110153,2026-04-16 09:56:14.730670,0 days 00:02:24.620517,0.1158440395469144,0.6250645167939604,0.17171578005001784,0.11866101048430329,2.659237191906957,2.0600191772913687,0.17627752136573144,0.1751028067096763,1.1377440882317817,0.33709238038940526,0.260156282548713,0.4999612206269338,0.11358382742082403,0.10115230576941017,0.17627631143851882,0.20421332193016145,0.5514954819593777,1.726070282912291,0.44426026117582273,4.979608092022292,0.2315288638920704,3.4751692285100058,3.1928524123655673,0.727395869327155,0.15088302113138133,0.5854648188141486,1.614344621536122,0.6761674281408924,0.5767836533399692,4.390527243402285,0.6859406149731779,2.9096993171101673,2.0101724151688005,,COMPLETE
53,0.3680527246228963,2026-04-16 09:56:14.732317,2026-04-16 09:58:38.348304,0 days 00:02:23.615987,0.17185409037555543,1.1399256563765845,0.2705035909632814,0.22798666361028352,3.452645099475269,1.6294214206647366,0.145609686749473,0.36473818602927094,1.6015946860514298,0.27865084019605957,0.19910875641520545,0.32034273221313625,0.45159241552850743,0.23547400804767726,0.3192231644719603,0.82511429822554,0.6926247233151782,1.3785998665025851,0.6389319344575297,3.7624487935970574,0.3421533639160913,4.498456318231894,4.150750287645577,0.3923361510351861,0.2881673036659477,1.2003938358825443,2.7886572983810014,0.5325056952799994,0.2120034453578589,2.8317926565682345,0.5389396452333446,4.183034907716767,3.0300920920299417,,COMPLETE
54,0.37536714935889864,2026-04-16 09:58:38.351096,2026-04-16 10:00:59.499082,0 days 00:02:21.147986,0.20376553823316385,0.7339346059503404,0.508160437830266,0.1461938695643569,4.267699507942229,0.7864497738859217,0.1255892531922723,0.2272429963033064,0.4681876537831154,0.5412347257091943,0.1664651015537164,0.378965146959478,0.2094758061733051,0.17033513187062801,0.12082024226381864,0.11764850005867286,1.305116056797438,0.9197662808715746,1.0194262283319397,3.0211563795823047,0.11981714305381158,2.370341174915076,4.958364790975185,0.5314067436044397,0.12245750236154385,1.7102080746360921,3.3599272585374083,0.41187175115676333,0.3492874605889092,1.8610538164736192,0.43332245395365937,3.6315949012484063,1.232022039014989,,COMPLETE
