number,value,datetime_start,datetime_complete,duration,params_BOUGUER,params_CRUST_RHO,params_CTD,params_DEM,params_EMAG2_LOG,params_FREE_AIR,params_GEOID,params_LAB,params_LITH_RHO,params_MAG_SEIS_MOHO,params_MOHO,params_MOHO_GRAV,params_REVEAL_P120,params_REVEAL_P150,params_REVEAL_P180,params_REVEAL_P210,params_REVEAL_P40,params_REVEAL_P60,params_REVEAL_P90,params_REVEAL_P_DIFF_40_60,params_REVEAL_S100,params_REVEAL_S140,params_REVEAL_S200,params_REVEAL_S220,params_REVEAL_S50,params_REVEAL_S80,params_REVEAL_S90,params_REVEAL_S_DIFF_200_220,params_REVEAL_VP60VS70,params_REVEAL_VP90VS60,params_REVEAL_VPVS_DIFF,params_SEDIMENT,params_SI,system_attrs_fixed_params,state
111,0.38077429486722486,2026-04-16 12:16:10.048589,2026-04-16 12:18:32.564133,0 days 00:02:22.515544,0.1368729119523717,0.2968440871817813,1.9225930495263528,0.6471133557670621,3.296002237282353,0.2882279668526702,0.1279452683269869,1.2202232709746144,0.17631412727833834,1.0696972913748541,0.19007953695947336,0.17773124346672473,0.1712227170505384,2.0862675959851815,4.807087792190318,0.14098025800346953,3.064044428818607,0.5911484540653605,2.9692755429652093,0.2958013052554784,0.2164708071933954,0.36142788217137767,0.1882261841411637,4.098622366389733,2.3379646886459122,0.5185693290108399,0.30005570765199685,1.291096373531653,0.12408921168566152,3.634684894685993,2.021238240336785,0.6620995293237654,3.189959668788548,,COMPLETE
112,0.38007595649760617,2026-04-16 12:18:32.565249,2026-04-16 12:20:53.060847,0 days 00:02:20.495598,0.15444463288610558,0.28469125802239864,2.0359292316529887,0.6463634017718778,3.3655717307775945,0.30341732121793324,0.1389671817003634,1.2471719408726598,0.1706465150427399,1.3084295950131546,0.1896833658750532,0.1863518243293919,0.1700365291502247,2.060639777922063,4.988554768068108,0.14042097038202295,3.130364703790758,0.5450206277362546,2.4023024996204443,0.2967534257665876,0.22874444505931454,0.5344332192620883,0.153886101092571,3.595813062955475,2.561513034660517,0.5072157035525852,0.20876959523906666,1.115619232357574,0.1607900606938277,3.5876394723323606,2.075023112654889,0.6463570470771776,3.453371807296449,,COMPLETE
113,0.3664708587458058,2026-04-16 12:20:53.061863,2026-04-16 12:23:12.077536,0 days 00:02:19.015673,0.19509690580527603,0.3085558330348184,1.7863161488962436,0.631109583453355,3.270405015865066,0.2018608412538599,0.1393704193519949,1.235907982859147,0.18052053081346778,1.3388923701268176,0.194342030755871,0.2243459310609721,0.19695951751358726,2.5068991569296495,4.669326880669788,0.14130708612079684,2.6776703378984035,0.5967591928381696,2.4566610224282224,0.5169389356564353,0.21926927775710683,0.3472795404823366,0.1865455987525015,3.839501598363633,2.822885532668547,0.5149593272854663,0.2692561127088778,1.4046715606703906,0.1592954669120195,3.660422398567235,2.576485368152571,0.6612565250738001,4.556734408230146,,COMPLETE
114,0.3761759381045201,2026-04-16 12:23:12.079270,2026-04-16 12:25:32.709657,0 days 00:02:20.630387,0.15765644845534155,0.40095473108259083,3.3424253299480724,0.4914056698214296,3.3490580760876685,0.29803551063390715,0.13521217590077836,1.1504738590928436,0.130169542321269,1.0804416922534557,0.15768450995732677,0.19557643959909954,0.22051706548904706,2.0990194274368865,4.988300917053494,0.11645266202570408,3.1183770349337316,0.7253340938433929,3.0650412485978276,0.3046349346126406,0.25887520356488036,0.5156670249990959,0.17804751205403221,3.310351568006637,2.3489592276028772,0.4764835613323375,0.182784478066212,1.7712043385182532,0.10527011064168765,4.360552737948943,2.1403460190991366,0.922633925630528,3.4178126968113314,,COMPLETE
115,0.36061891771459254,2026-04-16 12:25:32.711161,2026-04-16 12:27:57.895105,0 days 00:02:25.183944,0.14899715962965632,0.23546325332142054,1.4420928115731784,1.0034105922390557,2.7415213875251747,0.1530346828195481,0.12487427707721416,1.545889487110697,0.20891421335514407,1.2339016137193268,0.15342939859684634,0.15252311023003218,0.1673181634416481,1.7858118111904895,4.277218885283755,0.1288163046868363,2.904126914687218,0.47075077503914486,2.660450548312228,0.29268487574012597,0.30505146653063336,0.44387497950578736,0.17276282925796552,4.238395685041617,2.6172595817793876,0.3966310473616747,0.14401733306474282,1.1254699386404345,0.12030122246794711,0.15241872540586388,1.6889605611365488,0.4988338360749564,3.2789618646190193,,COMPLETE
116,0.37906413615984813,2026-04-16 12:27:57.897139,2026-04-16 12:30:22.553531,0 days 00:02:24.656392,0.23614158536047458,0.2909113454600367,1.0657626621107068,0.3966104692629765,2.297479217080934,0.27996523850441857,0.1550363588488188,1.3932538365402856,0.18250799921480476,0.8119225599718245,0.18569101574514804,1.1134908380322075,0.1840204125852773,3.079172248803151,3.6557137423872184,0.14782290595033937,1.9017217047457755,0.5691937051310831,2.2531332643489277,0.3571532781515622,0.1793896245157089,0.361798165997138,0.15353813939152794,3.7203153753889904,2.005786376223294,0.7391604239826582,0.2160336036539634,1.327994183536033,0.14524467374383285,3.4213197761978678,2.926961776443028,0.6043675711255375,4.2637149914371095,,COMPLETE
117,0.3779975954699946,2026-04-16 12:30:22.555525,2026-04-16 12:32:53.077513,0 days 00:02:30.521988,0.14111119191428012,0.3381401768980411,4.091484058883983,0.679518570554471,3.1044460381971577,0.33086056171636713,0.12404525600159344,1.0868475815635852,0.25298868893422133,0.9096706134711504,0.13491792808385777,0.14075273415526976,0.1522229128937319,1.4346917743895762,4.270561517740028,0.13635519574729257,2.4657208981974,0.49797893088580836,1.8224484418039408,0.4226357266620749,0.20957164089171282,0.2727275457989615,0.10966471830955617,4.27471895103004,1.5200864692295408,0.4566916171836901,0.2712933308130064,1.1588122223927262,0.19682315104250672,3.1590597147429893,2.0262922030200654,0.47593870710773084,3.968634668766709,,COMPLETE
118,0.36933745886518643,2026-04-16 12:32:53.079646,2026-04-16 12:35:27.576999,0 days 00:02:34.497353,0.17989589377879334,0.2424978935259153,0.7233765460501262,4.686635925355949,2.066219080525803,0.22404307044312705,0.18447375391656518,0.9385490971285833,0.14109743788353457,1.6463130149620833,0.20830210099030064,0.17108170531656489,0.17162456005127458,2.0712480314852373,2.634800587652772,0.10995815308436203,2.21635282086629,0.53404630040277,3.484903473534551,0.24510695026742943,0.23031895565369068,0.3896064160121835,0.15538697076113364,3.563474548829022,3.6015666424479353,0.9845219392179941,0.5258050484540955,1.53349318569862,0.18166530767411632,3.9642037072506153,2.4510629820168277,0.38358067448667715,2.764630421769515,,COMPLETE
119,0.3745123036647978,2026-04-16 12:35:27.580618,2026-04-16 12:38:01.516055,0 days 00:02:33.935437,0.1174188567320881,0.31418114185708546,2.8393459864596626,2.052725747911466,3.465778573336949,0.2821021653021377,0.1511205283698425,1.4464865698068574,0.16257000120606283,1.5689063632669662,0.16399759773584308,2.5250361603041025,0.1273740448508062,0.8834339037680871,2.235926446721221,0.12335156273837757,3.1770854601654963,0.6538792746514384,3.1624820764912225,0.28452630417070535,0.506138828307193,0.3225728198446379,0.24944289402492137,3.0695852654625058,2.1787913570004034,0.3630674570787468,0.3268461144259807,0.9939801232173995,0.2222026115677671,4.2386303205095714,2.0514223526505964,0.6941455362535851,3.8864998951446967,,COMPLETE
120,0.3773813859382866,2026-04-16 12:38:01.519350,2026-04-16 12:40:27.277432,0 days 00:02:25.758082,0.1658937429709139,0.35892181796366895,2.4649903560896735,3.9011606454323435,2.5182429872609307,0.3985757033373432,0.13684476086244995,1.7054485609587533,0.22892915265320402,1.2214213567963867,1.5371992327689368,0.23381978691118094,0.13956841348142288,1.699855557663647,4.961267709811111,0.15514729089717647,2.691341539277288,2.525033052222233,4.27720952090302,0.7949818895390341,0.16265054591231512,0.5233742002622466,0.2767196373985636,4.737062425347049,2.5443578191959895,0.856635140089783,0.4458743779651067,0.9076501251601348,0.12572294610419182,3.5393300847969953,1.2521531259878982,0.2566617993570478,3.1638562308726845,,COMPLETE
121,0.37780376969557644,2026-04-16 12:40:27.279636,2026-04-16 12:42:52.666088,0 days 00:02:25.386452,0.13113754531027455,0.27426672889395604,2.036583588378104,0.564679213147146,2.5183523115183655,0.36430710438440334,0.1718694848094307,1.0803559971540238,0.26502096560647204,0.9969893160289878,0.1265832340592484,0.18501885941638702,0.14117510133030042,2.3427461156698994,3.118822006610427,0.10024967452678647,4.047236962484968,0.4167377790172598,3.735696627678093,0.3217986943584921,0.11895004430027092,0.687745552353368,0.21077945912324836,2.597994509833083,1.1993121421451396,0.6786660405918366,0.21715210874695845,0.8093739053082667,0.13160656522764194,4.57173255497756,1.0350300848678382,0.5635981886008214,2.6477569272324826,,COMPLETE
122,0.3779039683265011,2026-04-16 12:42:52.669293,2026-04-16 12:45:20.694635,0 days 00:02:28.025342,0.13789099382019593,0.2606377863815189,1.9800230642332137,0.7438509855528892,2.8168569784544193,0.4322331719843379,0.16061863042647753,2.0819423122857095,0.37804927252395665,0.6875253298818808,0.1420312833157468,0.17589681484130634,0.11665418621724456,3.7206954031019914,3.741283982993146,0.11450377267099045,2.9397124585245624,0.46985433753445305,4.42159455347931,0.23292030483579054,0.19269526643477283,0.6066995014038751,0.29764660229657247,2.2377661418541424,1.9276340779226342,0.5738042878925972,0.1663020418820689,1.2580526528855254,0.15849397438793592,4.697448798806988,1.4558195454986544,0.6451464462623816,2.896145264303934,,COMPLETE
123,0.38196257371388764,2026-04-16 12:45:20.696915,2026-04-16 12:47:44.943288,0 days 00:02:24.246373,0.11411537292575706,0.2809869918660966,2.745214929032251,0.8995816541226913,2.304239104042296,0.2526399841926335,0.11682466201009697,1.2942688626308299,0.19390327486225764,0.5805479175663544,0.11530658451524387,0.20110062789587166,0.15744202556567846,2.5496401827891724,3.397699261604044,0.10722462737048996,3.7246002954869724,0.37124860902012946,2.3987204023391895,0.4786945747750349,0.17204479520906515,0.4662941101831228,0.3791994785315302,2.0063500579831737,1.4990785068761279,0.8036922559384354,0.10640722125038075,1.0946299364103222,0.10901637596716035,4.993539735694921,0.7704060245152144,0.3991816058032441,2.333090061190751,,COMPLETE
124,0.3807941400463468,2026-04-16 12:47:44.944459,2026-04-16 12:50:09.114288,0 days 00:02:24.169829,0.11231796205356644,0.22310237477891928,2.775414567963492,1.0792610851308655,2.257439071996555,0.24997124458709208,0.10922307464956527,0.778502508891606,0.2000509986235091,0.6053306869967977,0.12077731532611008,0.2063880885319897,0.16463492954332193,2.686751971378389,4.164853307452852,0.13452168003192388,3.8499927814982744,0.3691942810603827,2.498106485319933,0.48925938605797753,0.24535935612936702,0.37051592397992955,0.40019673863760635,3.458560297207701,1.497753622125087,0.8131761841442219,0.15494610462305555,1.0635927641852776,0.11291191483445262,3.8624841369101968,0.7445763036622983,0.7384761593387569,2.453034467365095,,COMPLETE
125,0.36712936707598554,2026-04-16 12:50:09.116432,2026-04-16 12:52:38.072580,0 days 00:02:28.956148,0.11468497690358576,0.21710172799547622,2.789787082350273,1.1858185596999913,2.168733750108956,0.1716587258808379,0.10806429080419798,0.7266949127974002,0.20432515174272306,0.5875492558862975,0.11446841750661471,0.1580695757832391,0.16115242352650067,2.8798272341720983,4.12701387543148,0.13838175515719747,3.8038003830421525,0.35286592219237223,2.5355073554442966,0.5226890745460281,0.24959364620207886,0.37412577149600346,0.5479520299248076,2.230848757468761,1.5050390389816473,0.8027520661210346,0.11689448699822454,1.038135931814205,0.1096796301368687,4.9555432369569585,0.8306299860990995,1.0243045259713552,2.2503782531761996,,COMPLETE
126,0.38428867310109716,2026-04-16 12:52:38.074476,2026-04-16 12:55:05.315523,0 days 00:02:27.241047,0.12581989097309762,0.2062338504725072,2.146087979558491,0.6452586882611444,2.2839010975305154,0.2431950059160948,0.11747390227085018,1.2688477510453784,0.22203088645786298,0.6333129174453365,0.13856199413777692,0.7074572267982208,0.19622206563147007,2.6112586305027277,4.625636902562685,0.12699947710367215,3.6704748911681007,0.36507330282425327,2.2761635304037346,0.4949897850112036,0.17933001693009018,0.4251935935224504,0.4134853568459099,1.9485105685096427,3.237739813668762,0.9024538343974303,0.11400091706433967,1.408488378396865,0.14212744729934262,4.3149074440063195,0.7377788971863094,0.2834371546255856,2.519052060426149,,COMPLETE
127,0.37651953059199905,2026-04-16 12:55:05.317411,2026-04-16 12:57:34.453541,0 days 00:02:29.136130,0.12643063041295383,0.20310279670861558,3.235585916901672,1.0889938460018036,2.256531262988379,0.2549066763890035,0.10725747883964754,0.8124111541784376,0.22133964751166732,0.6424857692480991,0.1315820499435329,1.354138980086782,0.20072654493000644,2.469584334273924,4.455778884663996,0.12825623493830385,3.5440816280566336,0.37278474556117963,2.8227594406871614,0.5792325306321021,0.17541786351451724,0.41724324651755385,0.4181379484902162,2.063911552874699,3.1104453104240677,0.8829512360517998,0.11541819856440053,1.952561666988326,0.10037194237923659,4.329597435929025,0.6954393872818151,0.2896858125466924,2.457415568862887,,COMPLETE
128,0.3819070642911876,2026-04-16 12:57:34.455560,2026-04-16 13:00:02.891979,0 days 00:02:28.436419,0.11146795830276336,0.17844994436797634,4.821366478472771,0.7986885566919766,1.8087920851523,0.20722601714043287,0.11819108548884842,2.059748845152652,0.24924708069163876,0.7144210155167773,0.11872315137303059,0.7109959474271361,0.12877186573800128,3.555681535152163,3.357085022757688,0.10825222928399496,4.674386950649142,0.22584117973835038,0.1018285706996957,0.48460743547734986,0.16289756831105562,0.28447239447295164,0.39013661466027677,1.7885935378106907,1.2503943630114773,0.9851362233968286,0.1072678353442383,0.7790247711821989,0.14032549249465523,3.154288832745492,0.7310514288597881,0.19728605024681617,2.3480009082136855,,COMPLETE
129,0.371999974565585,2026-04-16 13:00:02.894003,2026-04-16 13:02:31.820790,0 days 00:02:28.926787,0.10917119660915915,0.17856431641253578,2.39377854386869,0.8408415496099266,1.8913476229751014,0.17188144836947877,0.1149429246385315,2.419463263195334,0.23774820329525231,0.59253658812744,0.11997746684504462,0.764694411484294,0.12467621665892398,3.5951328542053655,3.3883099566750285,0.1677982871137582,4.650085831833998,0.2161716306931596,2.002408708150288,0.46308712960677606,0.15524444404791363,0.1847937472108302,0.45627394103540636,1.797541923373633,4.755972531902024,0.9712610437184044,0.13613279756041224,1.3687525529323352,0.11350645135060611,0.267352687272858,0.7569675122228159,0.17347041068971406,2.0849896706325635,,COMPLETE
130,0.3809789156240124,2026-04-16 13:02:31.823029,2026-04-16 13:05:06.012713,0 days 00:02:34.189684,0.11613454926765102,0.1694601640431021,4.91323491591256,1.8617145436789893,1.4614240385419772,0.22899080489547313,0.1172642431949695,2.010178434356573,0.1968996847674701,0.7309133983992272,0.14553393587458024,0.9374935219470902,0.134380226440185,2.692996771064367,2.9162597789660905,0.11033054481749736,3.8634554133187877,0.2970980187096736,0.1159897085934832,0.6639597569912256,0.1683882970022645,0.29541261957193093,0.38336693087572526,1.9939542079945622,1.2358954197731173,0.7888330349704284,0.10002254167494772,0.6300718430493295,0.14256019121444324,3.804573937420476,0.6541414916769206,0.214781517615172,2.327841767494572,,COMPLETE
131,0.37750245814599653,2026-04-16 13:05:06.014821,2026-04-16 13:07:40.610763,0 days 00:02:34.595942,0.11658542362535815,0.1710961903363176,4.632107466168424,0.976174720205869,1.7669039274096539,0.1905239076961037,0.11867340974079274,2.311586559739584,0.19198243729553832,0.70746901123055,0.14770693354407743,0.9116374297086003,0.12051952925811678,2.6744920797733553,2.9630198239554364,0.11339371379957741,3.841065709346114,0.23632545529028556,0.10703248666212083,0.7015612307274619,0.15746113747823942,0.2861714995408198,0.39449875295806003,1.6902426582144983,1.259630373700897,0.7361373403791093,0.10869152804819326,0.6698453094050649,0.1414948765908241,3.853362035702078,0.7092654307720949,0.24704363960364237,2.391045383391474,,COMPLETE
132,0.38492541271216385,2026-04-16 13:07:40.612713,2026-04-16 13:10:08.839188,0 days 00:02:28.226475,0.11045254326256158,0.19842492734679207,4.204677601807387,3.272824157207961,1.4622405755543006,0.2167870992813404,0.10422605690444707,0.587267473770211,0.2490667186526554,0.7347884413226745,0.1236667892292551,0.7155611796762271,0.1344142173138721,2.999467007788957,2.2974372600360224,0.12556965736275602,4.596965522630153,0.18619621317280083,0.11702299286472587,0.663643660242967,0.16981892741470392,0.24869157989794158,0.3743085159292658,1.9355750566388528,1.1100307306210846,0.8083496573251533,0.10409669695441458,0.538371652766121,0.1461702723660254,4.350638402861641,0.6476930038575339,0.16966657547183922,2.6766347048760544,,COMPLETE
133,0.3612876368787414,2026-04-16 13:10:08.841540,2026-04-16 13:12:39.771299,0 days 00:02:30.929759,0.11177645787782028,0.19420568787271153,3.7838578083644756,2.27807667288736,1.484407563890657,0.11344894974361087,0.10167890389907978,0.5990220425479336,0.15347995286507873,0.7478853739783617,0.13318264939470176,0.8152422001849616,0.13476513935360054,2.959245014857849,2.2099219368808756,0.12632887458306186,4.9349390043189505,0.18325182880011875,0.1037128882964105,0.6913090206004487,0.17374660829036256,0.2059080282415787,0.3695182705029521,1.89972746096477,1.0122170959732752,0.7712821341585151,0.10354064163647646,0.5669811204049685,0.1474408209715344,4.140870701023549,0.6624905799499682,0.15344363774346195,2.717703335620687,,COMPLETE
134,0.3766735232073579,2026-04-16 13:12:39.774400,2026-04-16 13:15:08.579869,0 days 00:02:28.805469,0.10691961288228786,0.21574371792239322,4.2193446249138935,2.8234608313132665,1.22243775854222,0.2135241259395516,0.1110293466319129,2.091365834661678,0.251855482327008,0.6491770205620353,0.1239730959148783,0.6685309942651764,0.17565961940754968,3.4502489852559597,3.149594549141502,0.14872122278143354,3.942134080541111,0.29595932434841304,0.12033004641854728,0.48582007444072706,0.2021009475926605,0.25700732859936937,0.41987151566761455,2.3949923725425455,1.4667757505794428,0.8107519657421667,0.12407432043254706,0.6236866845812191,0.11417942067087275,3.2830267487983376,0.556675404758246,0.21644949230883634,2.546388165785392,,COMPLETE
135,0.38026828548900965,2026-04-16 13:15:08.582808,2026-04-16 13:17:34.505701,0 days 00:02:25.922893,0.12454430915647784,0.23340513473158528,4.700637066481888,1.7858466357905767,1.605936210896837,0.2418332877158734,0.12623273788823255,1.8938717766882072,0.29550841278395357,0.7719554951238518,0.10051545447564102,0.6768195485187893,2.365614526340836,4.389011101982881,2.7290655713056067,0.13372204070680474,4.118656191457901,0.1680964874738004,0.16902846409918268,0.626404726069791,0.18391920597900183,0.29750816873787383,0.5281034322892968,2.0325859603912932,1.3908643339104292,1.0384145498325585,0.1011754532898387,0.5217079680561371,0.12615190476238883,4.445816476323882,0.6405193665227602,0.13043029632835293,2.136128057575023,,COMPLETE
136,0.37094247519884666,2026-04-16 13:17:34.507013,2026-04-16 13:19:59.703801,0 days 00:02:25.196788,0.11612077993073264,0.17251518811664862,4.038781840417411,3.1997216631157666,1.3181839277751124,0.1797805932926553,0.10065650057768516,1.649494634075871,0.21257395900197404,0.8461414688336625,0.14364019196081337,0.5823704529283608,0.15623047594065614,2.630102300678507,1.7758968251381326,0.1209149978581963,4.639373828132097,0.25661289234478635,0.12295800285552645,0.5697187203968009,0.16653698310443302,0.21849280330901494,0.7565887477501293,2.1983639424701575,1.1004448575722485,0.7975732882065929,0.1320559996368826,1.4971071122444706,0.14107530361885262,3.925128999523363,0.9413877225107977,0.21055239203365655,2.303804605146516,,COMPLETE
137,0.3782344474309113,2026-04-16 13:19:59.704770,2026-04-16 13:22:28.591544,0 days 00:02:28.886774,0.13116340686945352,0.20328423927325265,3.6414478603296003,3.6610456449380053,2.052628313902518,0.2181071848913055,0.11990353589730217,2.9851445215258505,0.23905846594748859,0.5756715860066152,0.11563104833566473,1.22083766767209,0.11490824294277603,3.9754209530950084,4.000765583015655,0.10836650871681812,3.7650749496941507,0.18725871601311522,1.7617033057509506,0.826856592924835,0.14297272916726825,0.46070855845671876,0.6389441173004731,2.759983645212266,1.023134378290334,0.9493906895836477,0.11384968935985972,0.4676118681484259,0.10765666971997498,3.6047101948048663,0.8158515687558028,0.18859157730722123,2.7832712602207375,,COMPLETE
138,0.3688059548238087,2026-04-16 13:22:28.593794,2026-04-16 13:24:53.716534,0 days 00:02:25.122740,0.10885656245047923,0.16008878781521793,4.915821669887473,4.1159940735496265,0.8387475004727282,0.2614691151785546,0.10903477997093335,0.9909868305046251,0.2001480398118737,0.7029785476902186,0.13563353050290108,1.0067282037495546,4.732699276867117,2.9514836623837857,3.845686760494515,0.15885535906774262,3.35482083331875,0.13715812948111047,0.12236356956216925,0.40170079712689083,0.11944054392638552,0.3388036981139645,0.5968329481375614,0.10072540612009291,1.2054400468925102,0.7078254611716385,0.14528053414164957,3.266291520184594,0.1334374055093695,4.919320173052318,0.581789430329746,0.3130023503451191,2.0168263375959103,,COMPLETE
