number,value,datetime_start,datetime_complete,duration,params_BOUGUER,params_CRUST_RHO,params_CTD,params_DEM,params_EMAG2_LOG,params_FREE_AIR,params_GEOID,params_LAB,params_LITH_RHO,params_MAG_SEIS_MOHO,params_MOHO,params_MOHO_GRAV,params_REVEAL_P120,params_REVEAL_P150,params_REVEAL_P180,params_REVEAL_P210,params_REVEAL_P40,params_REVEAL_P60,params_REVEAL_P90,params_REVEAL_P_DIFF_40_60,params_REVEAL_S100,params_REVEAL_S140,params_REVEAL_S200,params_REVEAL_S220,params_REVEAL_S50,params_REVEAL_S80,params_REVEAL_S90,params_REVEAL_S_DIFF_200_220,params_REVEAL_VP60VS70,params_REVEAL_VP90VS60,params_REVEAL_VPVS_DIFF,params_SEDIMENT,params_SI,system_attrs_fixed_params,state
195,0.3771786013285404,2026-04-16 15:47:57.691353,2026-04-16 15:50:36.861223,0 days 00:02:39.169870,0.13640826882954538,0.11543396445078173,2.1394049894020477,0.5358014342168467,2.3162727422188687,0.2094197240328973,0.1220914060329708,2.210559888108168,0.17624990671582258,0.7634449159555367,0.12807695700802973,1.0916367234788038,0.34497464649021614,2.0422901972104133,2.986090163564723,0.143099030869394,3.763183921352904,0.2786430533117864,0.14844124900637481,0.3473438140532718,0.138555194846104,0.15948197820966237,0.39965700506041374,2.286124923809516,2.195093565841945,2.009680196096753,0.11476275501058181,0.5347526239468575,0.27146384737680296,2.3159675138957985,1.8400235218740486,0.3740116985085281,0.7130287662976315,,COMPLETE
196,0.38150116906781967,2026-04-16 15:50:36.863447,2026-04-16 15:53:08.079053,0 days 00:02:31.215606,0.13182478366633954,0.1702362602333286,1.882379484791008,0.5784938338827025,2.454844548065936,0.22591845444838685,0.10035862496641719,1.8437662210455346,0.21008338795544018,0.6844159607084978,0.11792459914632944,1.054617882339034,0.20664538939258725,1.9498526733805863,2.840921903598537,0.14133981295499928,4.03619639701667,0.2573338160506657,0.1447677043010163,0.3462916610360348,0.1265872112651672,0.14528716485103624,0.4197720876640913,2.2291138099793653,1.917166834968876,2.1669487750381227,0.11076703142329132,0.7561125758444233,0.29330306323523525,2.4533637422502474,1.6191052294909636,0.40468467402149494,0.676480065321152,,COMPLETE
197,0.3827024249543863,2026-04-16 15:53:08.081719,2026-04-16 15:55:37.989190,0 days 00:02:29.907471,0.11922993368173888,0.1232249688957149,2.295281959279272,0.5061002157081327,2.0263646142637857,0.2797633983612617,0.11809785625150374,1.6040352200082029,0.1894416030701698,0.8184835831376137,0.13286561088948556,1.2141877545712119,0.3799389995685557,2.1634638945303144,2.556842306723448,0.18164910048370367,3.5838893707987958,0.16879665442750147,0.13626031769647645,0.32452865507036716,0.11073437733396035,0.17240787231285223,0.5172099461373989,2.5933397065004087,1.5756837806319735,2.191622711938889,0.11907252733505705,0.577669675364325,2.5116715509307044,3.0104597743967325,1.4665309290804458,0.3815803367061298,0.6357386224913898,,COMPLETE
198,0.3808436823316786,2026-04-16 15:55:37.991292,2026-04-16 15:58:08.566504,0 days 00:02:30.575212,0.12049364365729553,0.14236324186006272,2.2070714440308463,0.5415733432316612,2.0461082979542615,0.3365447000783514,0.13603014902018984,1.634955002537408,0.1877751488369132,0.7530389836700397,0.13532572561387138,1.2360952582697968,0.36572925446881155,2.138363718941637,2.6024043078694707,0.1774549169568193,3.4758833380903025,0.16733078715164415,0.1638395936810999,0.2736310799353141,0.10815883499366652,0.1661171711716971,0.527245057829694,2.4393264912988752,4.501333393471175,2.4515650513288803,0.12280106546800472,0.4795017918367525,1.990839137939083,3.0580477905006016,1.4820303938607688,0.3831719684500215,0.6510410876948131,,COMPLETE
199,0.3777499906578806,2026-04-16 15:58:08.568355,2026-04-16 16:00:52.848404,0 days 00:02:44.280049,0.1432246736060217,0.10922199730600798,2.677989618909331,0.5953404500696607,1.94646262641206,0.28778222487060484,0.12632396367752685,1.6752540991723832,0.16912349551453204,0.649943098048007,0.12426615295398406,1.1715372035849527,0.46125562058971237,2.3802371132993287,3.085421238087077,0.15081884523858885,3.628515940155877,0.1809912446776794,0.12579085687767463,0.32116740710815833,0.14563408636483607,0.23461779951278006,0.3837676249036101,2.1393672692999597,1.6187493206596792,2.1211842082657912,0.107065217159182,0.6584908482090652,3.8003766569319226,3.3771049027929427,1.6502726080981405,0.4233395617454979,0.8287136733100615,,COMPLETE
