number,value,datetime_start,datetime_complete,duration,params_BOUGUER,params_CRUST_RHO,params_CTD,params_DEM,params_EMAG2_LOG,params_FREE_AIR,params_GEOID,params_LAB,params_LITH_RHO,params_MAG_SEIS_MOHO,params_MOHO,params_MOHO_GRAV,params_REVEAL_P120,params_REVEAL_P150,params_REVEAL_P180,params_REVEAL_P210,params_REVEAL_P40,params_REVEAL_P60,params_REVEAL_P90,params_REVEAL_P_DIFF_40_60,params_REVEAL_S100,params_REVEAL_S140,params_REVEAL_S200,params_REVEAL_S220,params_REVEAL_S50,params_REVEAL_S80,params_REVEAL_S90,params_REVEAL_S_DIFF_200_220,params_REVEAL_VP60VS70,params_REVEAL_VP90VS60,params_REVEAL_VPVS_DIFF,params_SEDIMENT,params_SI,system_attrs_fixed_params,state
83,0.38170186980248355,2026-04-16 11:08:15.973373,2026-04-16 11:10:33.893185,0 days 00:02:17.919812,0.12236189193869534,0.18353920340687607,2.9131790591227023,1.268344066187986,1.5364473117960833,0.42405609695029306,0.148510499002129,0.14381652534090697,0.26126094463000965,0.5380475312824725,0.10325552462251976,0.1276821929816152,0.1322214742646413,1.5446688830789093,2.9004360563476586,0.13041076041476032,4.336285668827189,0.4066640145672087,4.65783482958917,0.16930510359765494,0.11766025330054677,0.39985218802201367,0.5192888567646431,2.363857430527105,0.5590438195047872,0.43844311108496864,3.936764412037316,0.8162590774459109,0.17201824695391085,4.613209475645639,1.2494837744301843,0.7300202503228673,1.6640305315578958,,COMPLETE
84,0.37780923109133796,2026-04-16 11:10:33.894019,2026-04-16 11:12:50.996298,0 days 00:02:17.102279,0.1098199831285787,0.18210138644200452,2.805342589937316,0.8545280805310737,1.5591049207913623,0.41914120295374463,0.20864424784116592,0.12562002148494644,0.34973287993932106,0.4191145149967605,0.10182122048610738,0.10204812776012123,0.13434366333701053,1.464928932786389,3.050138758622995,0.15441449315981357,4.355096902951545,0.44960864308995613,4.709987728240042,0.17800923336027435,0.11462692002658284,0.3903337755701641,0.4737137671330395,2.8859493185871132,0.5588992177839633,0.6318192214509118,3.9035242309452864,0.7763571536918193,0.13838497144965806,4.612394330997791,1.2116789279285411,0.6972919571733257,0.9128326760906949,,COMPLETE
85,0.37403258781433835,2026-04-16 11:12:50.997522,2026-04-16 11:15:09.296796,0 days 00:02:18.299274,0.12216018574891141,0.20565550205919458,2.5696586877067573,1.3216290213006687,2.0865791263263764,0.2428264699392505,0.25735622995118873,0.14341469530222228,0.2742572727611715,0.4862728651182992,0.11165329813348888,0.12066299501629493,0.11490228373483202,2.265477694465108,4.818880343249575,0.1328312088329091,4.380626451649,0.3093909113906604,4.154231706354635,0.1978044543203711,0.15719840303977883,0.31536839159453284,0.40315930772246816,3.912969186703951,0.6945511646763503,0.44963513464079685,4.660678161570276,0.8684164544855031,0.16829901054396762,3.7787442472049797,1.6145363315074697,0.8255551264332252,1.223661986802486,,COMPLETE
86,0.3710391092273547,2026-04-16 11:15:09.297858,2026-04-16 11:17:35.457335,0 days 00:02:26.159477,3.293780266692341,0.2831216387108454,2.625232974926102,2.1160460041958085,1.949762311071841,0.5227574840758151,0.14400954818370112,0.11080648429019953,0.2130664944729325,0.554554219660948,0.12649136657141632,0.13817593496219674,0.12762539679894921,3.236294334038315,4.05823336806367,0.12876250943119116,3.0193580429359548,0.40076887854910276,3.4494312534793012,0.13946158092071545,0.1404396574694645,0.4261301030221984,0.5541965162077483,1.4628031641146895,0.49366823326259285,0.5528074849465028,3.9593483539653533,0.8608665114937873,0.1225173830281046,4.1741435336735595,1.8401852300575523,0.6070860912689693,0.7600625054646893,,COMPLETE
87,0.373035564395441,2026-04-16 11:17:35.459192,2026-04-16 11:20:03.914482,0 days 00:02:28.455290,0.15909717214053662,0.33284440154940365,3.073976725692084,1.0063170093034077,1.2899922925407026,0.31704937554801427,0.18101558729866532,0.16438775959905302,0.16402104617864868,0.6891706963038156,0.14190487126640705,0.16721483951958196,0.15141811437047942,1.587925735119945,2.0835937578721304,0.14331936442416165,4.9969671530783115,0.2090376758978263,4.9217318792914275,0.2244398448236152,0.10960469984931134,0.2411635987636964,0.5066503818838509,1.8811334447042884,0.9455684655558201,0.3174949555864278,4.954259396449561,0.6448184864394247,0.10076614451454953,4.723017633150199,1.1540531078349217,0.44756931814025863,1.9193043180482483,,COMPLETE
88,0.37599288884307835,2026-04-16 11:20:03.916677,2026-04-16 11:22:32.058956,0 days 00:02:28.142279,0.1229690880120512,0.1421462826305423,2.159454593461197,1.1605391981883484,1.6705715735023565,0.452129800218301,0.15942704343037606,0.15092800794710406,0.3499088345994897,0.3758463522267564,0.1014501279481456,0.1662224514750178,0.1720063287936295,1.9258935551260297,2.8689682643769556,0.16231442255889797,3.5594343631086134,0.3279064792483961,4.027016562107558,0.26162637595707133,0.20511230318326854,0.6733143753644173,0.26721595076517407,2.423693665588233,0.39373037153064344,0.6471570723947244,3.4247697965048634,1.065822650722566,0.19010823574165975,3.599216459177947,1.2793313113283,0.60492375291668,1.4952459760677368,,COMPLETE
89,0.3706037708056634,2026-04-16 11:22:32.060791,2026-04-16 11:24:54.907916,0 days 00:02:22.847125,0.1868263947665787,0.1739710653876659,3.640996772862143,1.412713053674912,2.4298077904702686,0.39175929314965835,4.869738250312117,0.13220992087342223,0.42935224245083353,0.8260723037073133,0.12007754280401108,0.11785759983568096,0.11133186290902355,3.334547787386284,3.909989807969193,0.10612143202031064,4.213271984138869,0.5378799413182315,3.3418263622563202,0.15250273588447888,0.10645845751478106,0.1299946251714107,0.6698799729058982,1.2013733330066014,0.6161806969647824,0.5401658396654612,4.554677073643374,1.170221881781194,0.17516081105364084,4.067521206068539,0.891824921197512,0.44850262901775706,1.719877070017037,,COMPLETE
90,0.3741428524214609,2026-04-16 11:24:54.910582,2026-04-16 11:27:18.173146,0 days 00:02:23.262564,0.1358783359284481,0.2754928421617811,3.450123917363206,0.6562337753081985,2.185423303954404,0.3202885369294187,0.2246280686461404,0.10449348691905662,0.30539661556599806,0.1984305885048855,0.11257118394186852,0.1497829519181344,0.10056788416387068,1.2035119078746266,2.4588959018340404,0.18606258632467448,3.2715489945996827,0.39165829965463594,2.9641849656565338,0.10017729843497165,0.1220583112909901,0.27642939791466786,0.7332256102486292,1.0784201692516344,0.4868657082565996,0.41739803873133613,3.8330953981606526,0.7226682296921569,0.155582207278846,4.586291953576491,1.0739192110602584,0.7698144609943698,1.0347599735264215,,COMPLETE
91,0.3827661911942527,2026-04-16 11:27:18.174357,2026-04-16 11:29:41.840292,0 days 00:02:23.665935,0.10900169756543723,0.2160444603049405,2.225978958691558,0.7212889037342993,2.4718628879900524,0.5056812434549178,0.14088349265429506,0.13856514503675424,0.26010795834803035,0.6066381038090477,0.14322518171196544,0.12641260314448033,0.129117596064818,3.235381165502604,3.2822365989298343,0.12111404292880017,2.2237655842468906,0.44840056060645667,3.815684645785794,0.28569292221111026,0.1276829006918806,0.7734112614108151,0.4315339824378309,1.9259390403335834,0.7852176532488294,0.7319466846858461,4.228823113260831,0.5901356926877059,0.1450263260291265,3.511092554930755,1.5179976266807387,1.060430284798386,1.6383229546440905,,COMPLETE
92,0.38058669954449054,2026-04-16 11:29:41.842351,2026-04-16 11:32:08.991020,0 days 00:02:27.148669,0.10013874805626267,0.20923606773664813,2.1002064069173567,4.7953968236635935,2.4640780533978845,0.5157152012642849,0.13975951042392676,0.139744815967773,0.2552396383078597,0.6419173492951198,0.1293820565004971,0.12440026826661056,0.12477131446344071,3.167330853477527,3.5750727746959905,0.1241806530493073,2.403452711674539,0.446747932583162,4.457501542490612,0.33103870586903883,0.13620381206468518,0.7644831750534627,0.36959254522401364,1.8712242243117994,1.0214904064853225,0.7218868939770177,4.1313285210295545,0.8554920007639427,0.14341703254176025,4.983495873938138,1.4857207621794006,1.107492407056915,2.3370889583354377,,COMPLETE
93,0.38051950543208923,2026-04-16 11:32:08.993264,2026-04-16 11:34:36.808438,0 days 00:02:27.815174,0.10634219761678673,0.20908667577089116,1.9414961676616063,3.3174867845123734,1.9937876375681336,0.5130884483788765,0.14561618557288353,0.12397252173581755,0.2347585150661298,0.6109812542224775,0.12457019714975247,0.11003840529060593,0.1294029073893952,2.902588490827981,3.4967722736308153,0.12342690604840713,2.3468438274089385,0.48352509558695156,4.334360640899977,0.3115632527487593,0.17411266380447113,0.5651348838617575,0.35269278193432496,1.8553063564087469,0.7720056165670885,0.7539350298460136,4.002527621583282,0.8935888718037467,0.13967255775662282,4.950874864152843,1.5117187501886729,1.0788561767454137,1.2663381755003633,,COMPLETE
94,0.3758043556943719,2026-04-16 11:34:36.810629,2026-04-16 11:37:03.489910,0 days 00:02:26.679281,0.10704619502816899,0.19650873873001984,1.9053034043196206,4.390805199972271,1.389705163621399,0.5086774531126657,0.1875198420716607,0.13310440785562314,0.1743634782355648,0.6007120131349272,0.14835599801878152,0.11476555203904558,0.12671591486958372,3.261151881740926,2.8394457181982102,0.10774302925349676,2.362726736453907,0.4987851965114763,4.34760677027834,0.32428883344052106,0.16247032383011017,0.558937743386845,0.3892018772994593,1.92983243938198,0.8666230450183791,0.7035790259377092,4.251005656368307,0.5913797771800893,0.11231086725009276,4.952344528660323,2.3035818063837676,1.1288540306257486,2.353012901505913,,COMPLETE
95,0.3736069932881018,2026-04-16 11:37:03.492916,2026-04-16 11:39:29.110669,0 days 00:02:25.617753,0.10088558929102064,0.16846805966137168,1.813635066456214,4.975120063792377,1.1175112603323072,0.5806702583826506,0.16172742333608855,0.14639328764397222,0.19130387986695893,0.45736889276271075,0.12704934386766767,0.11382819491909026,0.15048932971268886,3.71195159852181,3.2799643058621064,0.12234992369912677,2.394318836956244,0.6018515387571696,3.8689996041697055,0.2955170045582451,0.18109399268434886,0.4802460558441874,0.3198530103045754,2.995062753392692,1.1553407146307528,0.7580932372323751,4.616239506283769,1.0582588140695228,0.12258342416310623,4.065132682199644,1.5083312403607152,0.8765848535959413,2.0833382716924613,,COMPLETE
96,0.37778636293100687,2026-04-16 11:39:29.111415,2026-04-16 11:41:54.282438,0 days 00:02:25.171023,0.11266861283535527,0.1501584135946263,2.342070502322536,3.826112624789759,1.7422985489665475,0.40907371600025283,0.13405187174438601,0.8270134179500439,0.24285511844507565,0.688434153417287,0.16659186280444474,0.12139057200198335,0.14011969476199787,2.7902911189028314,2.4387485747836,0.1000097480922332,2.751971996472744,0.47217035905851756,4.48076865213464,0.4334006742572576,0.1357361526470135,0.805904415449809,0.2086605349916097,1.6702991482038054,0.7529047659145317,0.5081308117948846,3.252957326619788,0.692565164006789,0.14767774423925492,3.781096320187147,1.9081221138654616,1.0406269142170559,1.1136605940170758,,COMPLETE
97,0.37270392741655817,2026-04-16 11:41:54.284501,2026-04-16 11:44:18.948322,0 days 00:02:24.663821,0.10864783628410202,0.13474708784545328,1.4625317740543473,3.021911547698472,2.455023033566211,0.5330283113690478,0.6397310831665716,0.16604709087954272,0.2750617760396978,0.6270510256938633,0.20833462126200716,0.14379366277330938,0.11929579380280875,2.8753239970572837,4.494437281351574,0.14791724148425936,2.2697241834101414,0.3979119580858805,3.4166244006802726,0.22326028785968074,0.23722937288692644,0.5632607849818089,0.2863351352620604,2.3128123596926757,1.0742372945098255,0.36003840671031295,3.6135252193974763,0.9450809722323581,0.17837456820143063,3.4834363838398477,1.6226322317953665,0.9668411551892275,1.882698001628954,,COMPLETE
98,0.3752910251930807,2026-04-16 11:44:18.949756,2026-04-16 11:46:42.298248,0 days 00:02:23.348492,0.13048262665481278,0.24197140542252382,2.0038569481519315,3.3379127789357534,1.604213369794732,0.48563620841137517,0.3097251247275694,0.1061834259159943,0.2244303732349176,1.9476559981578618,0.14039016735514845,0.1064470380667635,0.17398282089683265,2.3165595506825296,2.5305736437436073,0.11374391411323945,1.7305050614169337,0.32815722016162413,2.578405945837261,0.37592479291865355,0.1519498692415859,0.6465528943583255,0.34127801212423303,2.0929959425557905,0.7943978981946938,0.912003411439809,4.975137225000798,0.7648125433709998,0.2127083062850912,4.306414055456815,0.944401611091771,1.2507807615958273,1.5574043538831512,,COMPLETE
99,0.37554937976075103,2026-04-16 11:46:42.299402,2026-04-16 11:49:06.354642,0 days 00:02:24.055240,0.11886302631579913,0.21133507628101486,1.116148940907009,0.7249075357973059,1.9122340284499055,0.26529353791389526,0.15124438809155832,0.11851864107653742,0.27198699397980086,4.687509477144798,0.12257221722470395,0.1659229488543862,0.15932281320975203,3.946961953547621,3.544285198137173,0.1416286733977167,2.0166740771342218,0.5563538942761775,3.1204561101304216,0.270043897692121,0.8098519699543851,0.40310601452020944,0.43827033728855147,2.591179447708922,0.9429398801709841,0.49929494474551667,4.26475673230715,1.2360208850227232,0.10777530098876904,3.8701560808058706,2.2955607762430343,0.6452623479033106,2.2507911916987857,,COMPLETE
100,0.3685704778114204,2026-04-16 11:49:06.356487,2026-04-16 11:51:30.290934,0 days 00:02:23.934447,0.14249954770500228,0.18449272723001567,1.7083150708943478,2.4928035133658124,0.6025960640982979,0.349031170073071,0.19735403822952893,0.10016201090063172,0.1304206778771162,0.8424277855983325,0.11084768821816345,1.7480691202221967,0.13276228813558752,4.598291807751888,1.7541469213636118,0.22562682290785002,1.9295051614003609,0.2613902714166293,2.8180299755227893,0.2057871283610283,0.3883342928257434,0.49549738625911405,0.3719442778779979,1.6035666554463932,0.7111046104659801,0.28559457883973277,2.675524933336917,1.5621154092636909,0.15140584995588274,0.8018988868499729,1.0746334977793235,0.5107620874903585,1.4319381267119313,,COMPLETE
101,0.3788960938902191,2026-04-16 11:51:30.292179,2026-04-16 11:53:55.910304,0 days 00:02:25.618125,0.12167599595175786,0.22110015800744603,2.2513859623310664,0.5653133208135244,2.6261482741722277,0.6455474283013661,0.14529904680144662,0.12126739046811914,0.334926589721656,0.5324943315829282,0.10991461927739048,0.12815244796449063,0.10889160150772338,1.7202772282886534,3.9022226098079345,0.1292440461831128,3.3117238882920828,0.43277710265375213,4.932999322830871,0.1830552442622782,0.1277597579188932,0.7762052654668918,0.4899136150865194,1.5074639097359088,0.5867413492110803,0.6015152610914954,3.9197258082002833,0.8359071115731611,0.13627922379914126,4.6585916712245865,1.3783711645659609,0.8066262602739279,1.2505457443120183,,COMPLETE
102,0.3729909314159253,2026-04-16 11:53:55.912309,2026-04-16 11:56:23.540341,0 days 00:02:27.628032,0.10648549316192801,0.3213316736061909,2.17685927197617,0.5533048420731015,2.7196361634569595,0.6568096573667431,0.17284518321293085,0.14188356423197415,0.3303026435135404,0.5016862974441397,0.13169695667248574,0.10783426615074246,0.11908092920356377,2.1386797721048496,4.465254098134667,0.12248896328255766,3.383909837086114,0.3787828166985877,3.8150917208474455,0.15654171752951473,0.12660328308026444,0.790407664868782,0.5622929812508642,1.8043441832703302,0.8556244264065977,0.7108550892250273,3.70619946494482,0.851541510638724,0.13052435158811757,4.435025054901716,1.774125743512712,0.8300322952943064,1.7952952923190422,,COMPLETE
103,0.3779385344797401,2026-04-16 11:56:23.542223,2026-04-16 11:58:55.448165,0 days 00:02:31.905942,0.13058555634464353,0.12558779950572424,1.5474478051980978,0.6909273014749826,2.3275628775347723,0.6057257086962153,0.12873184313005667,0.12842345272534209,0.2342328710071868,0.3961006418180774,4.493341454460574,0.12804193277778342,0.10913460318071261,1.5692278687391852,3.0050220599937982,0.11185337214891843,2.928938566605215,0.5130553049851346,4.139521788384957,0.25356205375637425,0.13790814734407847,0.9112635346086684,0.35541221750814633,1.2853200213544935,0.6093019892797191,0.5785976409257972,4.08594809232147,0.6608140616731503,0.16975721778973898,3.5549636645456224,1.382311816460873,1.3543451388840524,1.2979875498603475,,COMPLETE
104,0.37618545523400554,2026-04-16 11:58:55.450284,2026-04-16 12:01:23.717552,0 days 00:02:28.267268,0.17150903915874147,0.26241889953826275,3.032451582377388,0.4597990632988798,1.994895218770745,0.7110016748090283,0.10788171937862534,0.15646429283360885,0.4243687219753436,0.5246046885282744,0.14367929381626396,0.14457213555860016,0.12952334373275295,2.7626274735375564,4.152989508669285,0.17182407094278182,3.9151755288282715,0.4281711557107037,4.481162274293076,0.12477887982221712,0.17066819127709407,0.7137029443984034,0.43622387288127135,1.28053040950609,0.4264844860902437,0.4331325006291206,3.1237411883607593,0.9109891927797515,0.14230596940063134,4.189671305668981,1.4824315483361212,0.7935355655495985,1.6318887335522319,,COMPLETE
105,0.3808186191679611,2026-04-16 12:01:23.720499,2026-04-16 12:03:57.585521,0 days 00:02:33.865022,0.1182483935253752,0.22114913721235266,2.3441910798700842,0.5772114935193012,2.548720168917388,0.4847697434676914,0.14035105566746872,1.2861794626457266,0.2006586779664146,0.7249238669733478,0.11836410667088376,0.20049528667686115,0.14389980075304923,1.2474876781326185,3.7192098482157157,0.12562952286491116,3.266778365223441,0.34393869001462085,3.483796730675245,0.17605596444856786,0.1441998436178604,0.6137415424883842,0.5189093800246951,2.24131628992615,1.2856511424288801,0.76766940813317,4.648347287282805,1.0150346842969074,0.12570357545634375,4.989804070959281,1.2190993900872302,0.5717749196859724,0.9961990973666149,,COMPLETE
106,0.37783540730449194,2026-04-16 12:03:57.587719,2026-04-16 12:06:24.650497,0 days 00:02:27.062778,0.1009170593992928,0.19107416502458477,2.352953065946287,0.48793613373964756,1.7843134021087048,0.5464245640311223,0.1658271243858953,2.7061304819505194,0.20216999836524663,0.7508309530923415,0.1005011320576226,0.1974055137605316,0.18881240520162262,1.2843283869044975,2.732651226617107,0.15888312315295658,3.6185376395343027,0.330402327726455,3.2952831172868855,0.1373094087075232,0.1475003343014332,0.4499876797474244,0.3052294101517694,2.773658894692178,1.3056232761577269,0.7584044712589485,4.617530048016231,1.003455344663497,0.1942384424951889,4.979274297503991,1.1784204933022528,1.148620045569367,0.9891769608884292,,COMPLETE
107,0.3801241879751974,2026-04-16 12:06:24.652651,2026-04-16 12:08:48.275098,0 days 00:02:23.622447,0.14626035046759508,0.3651969261936512,0.7041593047468284,0.6444411171237536,3.10302500796915,0.3544645393800264,0.12433782953895982,1.3524836569911396,0.27036800468075733,0.9343867138962187,0.16923112441748445,0.1768326626211697,0.15104328696916025,1.3369681102632975,4.99029173263679,0.10594431647474976,2.657825985798737,0.3530714741170409,3.7681854079276085,0.3400743030609669,0.19336779243553404,0.35683433121171215,0.2341787758885031,3.279145024865565,1.6748669345471257,0.874485861456561,3.49500762537029,0.7666267896658326,0.1585439297912591,3.133786759097567,0.8544527132423662,0.5842060587304939,3.281101138519854,,COMPLETE
108,0.3684040721869864,2026-04-16 12:08:48.276393,2026-04-16 12:11:13.628203,0 days 00:02:25.351810,0.14828385518553452,0.3969392858276486,0.9586658409171308,0.6105237218741587,3.020800832608541,0.3472285718602348,0.45794291257054426,1.8135832212609686,0.2877887244985096,1.153889888699261,0.17203546924346477,0.15838738541296352,0.15700128566418495,1.351321017971204,3.2128021376887133,0.10531018321889042,2.571463073770922,0.3571234153392203,3.6826901904170453,0.3841392508245703,0.1954899649214006,0.3105341670934134,0.22340174791275716,3.25398255980102,1.6131244589304656,0.8476728621866751,3.46168477018919,0.7387899731128452,0.1668499180483861,3.120735464302405,0.8643898295026098,0.35930327547205776,3.5636880594050213,,COMPLETE
109,0.37976621646650566,2026-04-16 12:11:13.629661,2026-04-16 12:13:40.491532,0 days 00:02:26.861871,0.16430426468053072,0.36409519558618986,0.7113245943760126,0.9077247178416586,3.2868677369604824,0.2880999426164739,0.13977111327874708,1.1231886118290404,0.18647843857164886,0.9297259506024455,0.15780153353172266,0.20550684839538655,0.14519664957427963,2.0306941009516795,3.700547922130241,0.11994609685025322,3.078878756621928,0.615321592524236,3.006790522182322,0.3336403542668452,0.22221939591121997,0.6129849024458741,0.26651924572309726,3.7405707866641023,2.054539937959655,0.6523132722608677,0.32545976419815353,1.1183980358809151,0.12670525043585348,3.9456748460878814,2.0771637977904116,0.57486476916837,3.206782541844147,,COMPLETE
110,0.3722127727960249,2026-04-16 12:13:40.493867,2026-04-16 12:16:10.046641,0 days 00:02:29.552774,0.16890156045068436,0.3580452237459464,0.8299515453816977,0.9088000436614566,2.9121726610615064,0.2337721677838324,0.23613997814226984,1.3048420284935838,0.15224358815622802,0.9745696350647459,0.1211837258480078,0.20718565276057618,0.14539988591233483,1.0478995104046442,3.530715471264437,0.1190565271684882,2.252941961376162,0.636702903025084,3.954814897713764,0.34081409047829353,0.2734381216447699,0.5906486192626608,0.23291800642911661,4.703116842969713,1.7822745277456176,0.6644653067977775,0.3718295565555052,0.5800472280332807,0.11627517527653598,3.9862779897408065,3.3216672297934147,0.5713972952727963,2.986773146061309,,COMPLETE
