number,value,datetime_start,datetime_complete,duration,params_BOUGUER,params_CRUST_RHO,params_CTD,params_DEM,params_EMAG2_LOG,params_FREE_AIR,params_GEOID,params_LAB,params_LITH_RHO,params_MAG_SEIS_MOHO,params_MOHO,params_MOHO_GRAV,params_REVEAL_P120,params_REVEAL_P150,params_REVEAL_P180,params_REVEAL_P210,params_REVEAL_P40,params_REVEAL_P60,params_REVEAL_P90,params_REVEAL_P_DIFF_40_60,params_REVEAL_S100,params_REVEAL_S140,params_REVEAL_S200,params_REVEAL_S220,params_REVEAL_S50,params_REVEAL_S80,params_REVEAL_S90,params_REVEAL_S_DIFF_200_220,params_REVEAL_VP60VS70,params_REVEAL_VP90VS60,params_REVEAL_VPVS_DIFF,params_SEDIMENT,params_SI,system_attrs_fixed_params,state
55,0.3784184179465619,2026-04-16 10:00:59.500986,2026-04-16 10:03:22.181174,0 days 00:02:22.680188,0.20822532467804383,0.6861098054804496,0.4973295333759032,0.28776363033344166,4.363966059278676,0.7981448441862116,0.11852665411068902,0.2726591115018369,0.487184909490623,0.5410722534334175,0.15775403739178012,0.3915639288620773,0.20557931040279734,0.20302129802561908,0.11345447322609586,0.11965465886763585,1.3882214740761079,0.9294491413561544,1.034503378967172,2.3097937582743273,0.1270706640334656,1.2746495448127615,4.400918172757266,0.5425128537775098,0.17908812896295576,1.7044169826967976,4.282242236747907,0.3752028190122879,0.47870578370142464,3.2942124395917234,0.3955691058759631,3.4372011888025744,1.6528050011654072,,COMPLETE
56,0.3766864354211544,2026-04-16 10:03:22.183392,2026-04-16 10:05:52.712539,0 days 00:02:30.529147,0.29928635023103395,0.43323382557638906,0.39676101509084266,0.5348425177909356,2.7335186782040615,0.46962198723256887,0.1110191614108365,0.26259092433894926,0.5968439841558563,0.7454170774478334,0.11796642153927756,0.2550703014153281,0.1804839946859416,0.20029668825294186,0.19286641519453498,0.17683914636466155,1.6146249286998116,1.4138938548557543,1.3880678948915102,2.383000078443812,0.15592380400977826,1.3832857157727039,2.7436791229040365,0.9647424944982503,0.19116968385846583,2.372028355185137,1.7376333282591367,0.399873350510915,0.6780413653530131,3.3707089813680864,0.3636332147449581,2.6914759385097073,2.2321904771761907,,COMPLETE
57,0.3754822455898123,2026-04-16 10:05:52.715265,2026-04-16 10:08:21.284993,0 days 00:02:28.569728,0.6570207744447811,0.42344418953335367,0.7456195592850241,0.5306000103854597,2.5784372251972343,0.378747533470166,0.11128478226045652,2.612780477937087,0.5906674803051369,0.7628933096305057,0.11974219433053951,0.23557652893472034,1.0015115811411424,0.20672997511264865,0.10055926547492489,0.32143933852216333,3.202210660415097,0.7359313701874814,1.3432608149578786,1.3222630843332004,0.15732474147599015,1.232289644772354,2.846354151664181,0.9769707292866683,0.18559317041992673,3.9146887205551137,4.0773169914642615,0.22199999693661135,0.9550251049713997,3.773206788531943,0.23319217527051944,2.6965313714422425,1.5653301875058172,,COMPLETE
58,0.37492608117045767,2026-04-16 10:08:21.287161,2026-04-16 10:10:48.658366,0 days 00:02:27.371205,0.47338806208930223,0.5135234995795415,0.12021890581991235,0.3920597521260881,1.8623901686114046,0.4296580750071986,0.15513914308844196,0.2870604317874992,0.3021481276142748,0.8839347788723693,0.12031936557035912,0.10070201434014682,0.2943053297244954,0.3534099728058729,0.18468148054112765,1.9258076881897281,1.791387561957067,1.422554878255115,1.6801983216144196,2.2979028731876787,0.1800794178150134,0.8565852938888484,4.003319565437419,1.1862893150966825,0.1628076578531201,2.762237350182009,0.7499761095321971,0.38434240122061686,0.7327833069067666,2.559214327300587,0.19416106965860724,3.2065445040530225,1.9979493537363562,,COMPLETE
59,0.3747825673179634,2026-04-16 10:10:48.660255,2026-04-16 10:13:20.623539,0 days 00:02:31.963284,0.28069821092530695,0.5856980893628505,0.3631089218069606,0.31644982886454187,4.169134543534552,0.8175930912819587,0.5454598009962964,0.11371428119257106,0.5219735059876938,1.1196906265758848,0.1404508196857161,0.1892850812831855,0.18861639618533854,0.2548286247949503,0.15358449798569923,0.11709173203436478,1.5641778664715937,0.6233403882787885,1.2168531204952864,1.823562347038038,0.2044927485314809,1.4717675764408487,2.4822868681172117,2.5311480398551676,0.43503138686609083,2.1798756606070486,1.3007886380695075,0.6304206180424093,0.6530267733974072,0.49522636535170916,0.27368319040631855,2.281018963335234,1.7158834391849507,,COMPLETE
60,0.35357982674871125,2026-04-16 10:13:20.625502,2026-04-16 10:15:47.760020,0 days 00:02:27.134518,0.3507107858893318,0.3448843102491302,0.29050932031823035,0.26793863607802704,0.8411067828506767,0.20349758651040006,0.9505623729788913,0.2575408727496054,0.4006922204851482,0.4323055580503192,0.21035760040430942,0.42252686359197816,0.3904505725515105,0.5242347176010156,0.2886409354080011,0.2251137567693056,2.5236681086082946,0.49083069031006055,0.9230273492424407,1.6947599301927982,0.32714671892946123,0.6086233466558337,4.449085212846932,0.5473270956908112,1.3489501441714034,3.4561625855509153,1.7066416345479938,0.3058646815921049,0.5239952327276054,4.452711655001021,0.38528862120154606,0.34581029326973384,2.201224543049981,,COMPLETE
61,0.3738960424013789,2026-04-16 10:15:47.762179,2026-04-16 10:18:16.662367,0 days 00:02:28.900188,0.23490966178479566,0.4617413522273069,0.4128742649997963,0.8921295725446318,2.911370064090793,0.9685707792958289,0.13382608259968656,0.32045274121467165,0.8202273515868731,0.5942102193707883,0.10140100090499696,0.30057470427373784,0.1506621361598784,0.20389916888708526,0.23282011862223168,0.15672118721684017,0.9724574379731495,1.2371030711322628,1.3925243162456717,0.9234640902042501,0.1240216429396116,0.906493462350221,1.5401184378770894,0.6686386728538064,0.2239534164068843,0.9668636078878454,2.0688281966462814,0.49682212492937283,0.48732042365037487,3.312745980031537,0.3511804629751182,4.611896173011393,2.882853899414311,,COMPLETE
62,0.38118734176779695,2026-04-16 10:18:16.664729,2026-04-16 10:20:45.467610,0 days 00:02:28.802881,0.15855524291761097,0.2969798574484911,0.4836211373062742,0.6369590081217777,4.631090120190276,1.1054749155217232,0.11287005987041285,0.18501523731146172,0.6608229143468788,0.33926583859970044,0.15673127538515705,0.26041071876917965,0.11017487995418952,0.14087681461531826,0.2010550026568357,0.19042757327179682,1.9464450969307796,1.8747777628762432,2.3365841277679857,3.7167908521574367,0.14141277605241198,1.7676965695216142,2.065142230927069,0.7450186667285456,0.2603792229673367,1.5830140902921217,2.8527491852968625,0.5516761732995481,0.33184929683943526,2.9600807856421114,0.4606542720012972,2.6736908658228358,1.8192230013496091,,COMPLETE
63,0.3768619594515311,2026-04-16 10:20:45.470674,2026-04-16 10:23:06.258948,0 days 00:02:20.788274,0.14780249198734643,0.16151213748578808,0.48376182572986376,0.6147636252758091,4.52630803392919,1.056721286980503,0.10987715697722637,0.18340251002698402,0.6037922869947503,0.48878963975857553,0.18319314746223825,0.2501449003525635,0.10585524064953548,0.17175314350027795,0.11595393885924779,0.1823009685140814,2.0712828571513597,0.8612317284471699,3.5991589481203983,3.657297141507943,0.14923291709377404,1.2520791271031317,3.764122392641233,0.8391828278087272,0.2787812584294974,1.568512431096954,4.370559863888166,0.39584666623888265,0.3341387832757789,2.706786196410913,0.4650274040279447,2.0456427218222606,1.3838871748372923,,COMPLETE
64,0.3794139198670662,2026-04-16 10:23:06.259886,2026-04-16 10:25:28.700071,0 days 00:02:22.440185,0.100329872791384,0.1541946233719435,0.6309365900985355,0.747593875054477,4.515019228178689,0.4810139424043621,0.11547421877224129,0.1911137489252401,0.6106281904763518,0.25542495637486656,0.1735571949222209,0.25913282931214093,0.1021383284569276,0.22923560555366887,0.11825499648837427,0.19184103603972155,3.5308037915576955,0.8536848937029428,2.8415979157569415,3.623921679489855,0.14317705605879247,1.6996373097748503,3.6505318215262887,0.9360015788048703,0.26616925069690583,1.6122045002490561,4.793240697482787,0.3409529800562354,0.33186217034229953,2.9593160265294634,0.3970835821567823,2.1177564652779948,1.8768731582905718,,COMPLETE
65,0.3793784607881895,2026-04-16 10:25:28.702011,2026-04-16 10:27:51.303020,0 days 00:02:22.601009,0.10366910112025617,0.14889832744032763,0.6585902896654265,0.8120175491850852,4.548928752031378,0.7293068864430311,0.10195438691604036,0.18764216018831834,0.6478127909538741,0.2533327048075495,0.2604837315407058,0.17982237325735076,0.10223301196673568,0.2982077792030658,0.11927319925833416,0.24356141179229826,4.30785090981703,0.32232823909096825,3.4174552868648185,3.5587396456267903,0.14687290052252436,1.1956732615253092,3.6202269942527625,0.7917152398470957,0.3420930059719809,1.5638741235925282,4.598756296778901,0.23364222516366712,0.32398832853140774,2.8700858589637126,0.45168730572684457,2.136906794014969,1.837012123101705,,COMPLETE
66,0.37401120141929567,2026-04-16 10:27:51.304391,2026-04-16 10:30:13.352863,0 days 00:02:22.048472,0.10092243308895754,0.12504898857868876,0.9042556568116358,1.278826074609933,4.486147640528745,0.567712608604741,0.10233393166016168,0.1853862995123571,0.39836076812600896,0.2523618815616438,0.25842303956318075,0.13364687907067627,0.12179483828150411,0.3198344848457092,0.11038761627442881,0.23732254548426054,3.0590472543309546,0.2771963664627743,3.73388225716149,3.0119385180169003,0.2142665469583885,1.7376105016546315,3.253004166709677,0.6322197848040471,0.33641146283326634,1.589876563842301,4.95117184155231,0.1624979575124312,0.3881923183527764,2.1365817340021613,0.4009586286353235,3.5512032718520206,1.7748049491338684,,COMPLETE
67,0.36925601757155413,2026-04-16 10:30:13.353901,2026-04-16 10:32:34.603903,0 days 00:02:21.250002,0.11705094964621113,0.14409108530155718,1.308558214627308,0.8208794474662697,4.908731711003118,0.686698188761977,0.16734130212557918,0.158035356802474,1.007281805033931,0.10056059107121723,2.55991337888256,0.16684240709087125,0.1137890193523887,0.40255101335872595,0.16619830585902418,0.6036358435339989,3.8585407493848307,0.1414213298695503,2.586707405871969,3.5662300657307044,0.2815443807264069,0.7494767906991013,2.32601620083102,1.0566304939582838,0.3720264192929108,1.8387733538721514,4.0890116031446695,0.2481319220219211,0.2615710228630509,4.044468189231819,0.46643415368307434,1.0866491988050202,1.8403405262338544,,COMPLETE
68,0.3639192803754555,2026-04-16 10:32:34.605579,2026-04-16 10:34:56.256083,0 days 00:02:21.650504,0.1129888564387969,0.1041878856371987,0.6561118327390327,1.1518156719309072,3.6288239035612113,0.30248822455171726,0.21944125146013596,0.2291660955683811,0.46150532951248213,0.18802579121094218,0.1512442724862831,0.20973663866511488,0.1368441566743201,0.27589530538044166,0.13904006245488354,0.2034012078594187,4.011352068126546,0.216825665751678,3.193782107271434,4.268803539419534,0.11260690748989452,1.1227724882716432,0.9851456914764851,1.331068416202741,0.40201201423746474,1.1915863509144746,4.394842551453574,0.3320467819548626,0.32110060050446754,0.10323430687225922,0.5944947608014785,1.4290731919020982,1.0926043792180742,,COMPLETE
69,0.3645423953805361,2026-04-16 10:34:56.257093,2026-04-16 10:37:25.168677,0 days 00:02:28.911584,1.8207169759228683,0.19051153480536165,0.5747265048005499,1.615990747432856,4.272135541564493,0.7503449956768854,0.10061159177068218,0.16774293948952118,0.3099528420242569,0.14413319732426863,0.2431218386786763,0.18119534964222248,0.6056209120271323,0.23498431882014306,0.12437481580565553,0.3268381603326629,4.7546474881163725,3.1319057879002483,2.382831118964355,4.055762983175526,0.13916760902917213,2.0317697970508153,3.797425700624006,0.7825401120668819,0.26665922337537634,1.915296196064491,0.18838683795261044,0.21750080408102807,0.20562512763140314,0.3949454018078704,0.5187708318298718,3.0232847046879803,3.6745381989254193,,COMPLETE
70,0.3751427301213744,2026-04-16 10:37:25.171110,2026-04-16 10:39:50.849887,0 days 00:02:25.678777,0.10017492648074422,0.1575571346831539,0.7580325075712229,0.6665295389936116,3.3296755661734294,0.865365196647987,0.14605392647497134,0.20433923479890215,0.6384942174844153,0.27601109595711376,0.17797834573885088,0.2865854847092545,0.11902799139052157,0.14616202149483415,0.5696141385079443,0.14005454841479612,2.542189507332069,0.3587956343393564,4.682933283511126,0.45331097455800545,0.17217729276818006,1.5644422304717673,3.0923179175182454,0.5340814917813592,0.46310055951294843,1.509910431074888,3.5947069538787226,4.67172067245416,0.15667364901825692,1.1729361401957898,0.30747702296736074,2.0854114150435943,2.529550320158482,,COMPLETE
71,0.375612512992055,2026-04-16 10:39:50.852849,2026-04-16 10:42:17.264805,0 days 00:02:26.411956,0.15495300349578867,0.16098975346787386,0.507573316434823,0.6041934135110265,4.436677021888374,0.9973038267855104,0.11610725015945018,0.1843475448288245,0.5314737968359771,0.2084570844995878,0.19738829566138505,0.13145387812678022,0.10268898504288534,0.16979615116993554,0.11342552916648,0.27869013730167824,2.118514952011142,0.9020015602638646,3.667567920736425,3.615437322641027,0.14523559551914744,1.8521014961752542,3.7259073719135243,0.8246404381168992,0.3201855779847011,1.5364861258774294,4.407297884628522,0.2980527519004168,0.31507446646691173,2.8727578857580753,0.445937331237159,1.622899693254601,1.3377764429516974,,COMPLETE
72,0.3782539924616025,2026-04-16 10:42:17.267645,2026-04-16 10:44:47.615841,0 days 00:02:30.348196,0.14151876503810146,0.23192658045795422,0.6146077175268302,0.7700984361926861,4.627386810295963,1.1026170504332287,0.11416000075762385,0.11871619727011604,0.7263274308006952,0.3493942428841543,0.17635939070169673,0.24885857499951985,0.10684781106092105,0.1332052795027802,0.8418988171198682,0.20045328181762748,3.827188759025783,0.8280083491902566,2.2565207186500484,3.080300507855491,0.10170519559323554,1.1914103681323327,4.527510404742909,0.8830787064382938,0.2775566639580424,1.083277850436197,2.984464968874056,0.3462615953977965,0.36346050074859043,2.4019633395976068,0.4826391233404395,1.982947183939647,1.343919743570789,,COMPLETE
73,0.3771468667498268,2026-04-16 10:44:47.617594,2026-04-16 10:47:14.434981,0 days 00:02:26.817387,0.13851367800058215,0.2542556391825141,0.6412522111396475,0.800036012320725,3.5638191652655027,1.427515831937692,0.12221488465946731,0.11708005729012311,0.7197566230261956,0.3368045307059258,0.28379464616442307,0.2115929683847133,0.7804980926158229,0.14448409730353742,1.0218108398291568,0.20670350483673944,2.7176701143822055,0.681207823238695,2.829254269470561,2.9348743230745393,0.10007801787474484,1.0175428534915412,4.675339955923895,1.5643472670536136,0.21247638720715903,1.0355532092284172,2.8963568939412587,0.3408704346087847,0.3832948764933507,1.9922941956218647,0.4987813901317934,1.835971914239525,1.5373573610863691,,COMPLETE
74,0.36640547793093137,2026-04-16 10:47:14.436986,2026-04-16 10:49:39.945540,0 days 00:02:25.508554,0.900170468202482,0.2057156751657245,1.1801867024134836,1.0555994562657391,4.964308431663607,1.2774948210487644,0.18005587158003128,0.1489433952681554,0.7690189137018306,0.23504530714620664,0.13104838118210588,0.2669800962989177,0.10051923844640187,4.350497793254789,1.008786470841683,0.3655298870422444,3.6192066073665505,0.7743323846129136,2.1082659867074574,3.327099168100783,0.11616356463981603,1.1882516792577453,4.371516198906731,1.142728997982242,0.24613065644979187,0.9016621330482745,2.218873069212791,0.17000938319677872,0.42864227254012754,2.36957245298968,0.3943591634254837,2.4458835254842106,1.9897836718695348,,COMPLETE
75,0.366762815742598,2026-04-16 10:49:39.947649,2026-04-16 10:52:09.371165,0 days 00:02:29.423516,0.11125566715261523,0.22750652477875352,0.545661662340627,1.5151869004319551,4.106339151558735,0.6317131783855894,1.7810513480292878,0.24135412471398682,1.4368664330280114,0.294564349360995,0.16111308772727356,0.22531576745270948,1.1682592668214347,0.13412666922185734,0.8404478552609173,0.4756957072070762,4.336096327224731,1.0706516028841921,2.1624080373573995,4.3958666211349415,0.13362253664619236,0.9277638133300455,3.394005528579295,0.9128637181696867,0.30927147145065054,1.232604564387617,2.9751124397717197,0.24250623834530116,0.28307267618370047,2.9529024212090076,0.2591822161126841,3.731878329005926,0.977992353015896,,COMPLETE
76,0.35924060514466183,2026-04-16 10:52:09.373903,2026-04-16 10:54:28.350424,0 days 00:02:18.976521,0.16112096783702928,0.1153560842178675,0.8316307210813133,0.4439420847203286,0.16492927619031644,1.174491939810965,0.13467308602055736,0.1287279210308537,0.9420411173320601,0.3563999829788686,0.22599356315109173,0.3019904587526149,0.13887980141695452,0.8354626982865517,0.160844318831255,0.13338717356506294,2.8567439495259928,1.975289317931683,1.898989851121431,2.5862825493388417,0.19007928395778909,1.4039664560454812,0.13192387914154094,0.6495936533724503,0.20708727990486017,1.0767039747434188,3.6677624244308102,0.4494336455786898,0.5193316554236022,1.4032566334339522,0.6184502408382628,3.2367593276687865,0.8266869074519834,,COMPLETE
77,0.37816957836942244,2026-04-16 10:54:28.351191,2026-04-16 10:56:46.851270,0 days 00:02:18.500079,0.12438170147844034,0.29436658039052654,0.6140183299439071,0.9602225034746219,3.82583063582072,0.8615593156825432,0.20174293199441257,0.11161280187436838,0.4958096677185147,0.44359349243934404,0.15029651602041935,1.3305525793127018,0.12428400928528573,0.22473731359789662,0.13813747614400218,0.10979388494434009,3.5142665482773534,1.5572988920370292,3.029364272990147,0.10634456879315288,0.11172330848572888,1.715406674327771,4.389103331401854,0.6021713184463245,0.27293912269608417,0.12149958791243474,3.401800402745468,0.595509013227035,0.23678138354080255,2.473168370005933,0.7551002118212237,4.386885319655669,1.1566019563228147,,COMPLETE
78,0.3804717953323298,2026-04-16 10:56:46.852359,2026-04-16 10:59:04.378927,0 days 00:02:17.526568,0.12397088156116842,0.27690633793486863,0.708460530945728,0.9844032750951861,2.479290102019391,0.52914874666482,0.162502709613033,0.1115255987504875,0.343744289042395,0.43455668780143897,0.1129382076326055,0.1815154902649753,0.12508895666869124,1.6350819995684742,3.3944632423524967,0.1097503934239447,3.5074100861318143,1.4995166241806546,3.196095471217436,2.1300165669497426,0.10903106997732794,1.625151035906782,4.90844298501755,1.0780412244035125,0.27775930877090427,0.6630352213406855,4.834434044065634,0.728710345347304,0.18203589407192933,4.699104378475175,0.7388570482989435,0.6759569980087253,1.3019482383145868,,COMPLETE
79,0.3811921555319572,2026-04-16 10:59:04.379863,2026-04-16 11:01:22.091474,0 days 00:02:17.711611,0.1273484109167434,0.2815633552382546,1.0590779908330954,0.7582429404664496,2.388949294461722,0.3851263583577021,0.20355231693934034,0.10699793643841018,0.3519616329672065,0.44762191051404204,0.1461243681542991,1.2334553575876839,0.1257268200814184,3.024442460823748,3.241375098020888,0.10723192496696457,3.3840511259195716,1.6005995242843154,3.0357380199024604,0.12726179247778197,0.11152212672166081,1.6940718752197805,4.933692063429575,1.0707381710486052,0.5317282608421661,0.4191080795558287,4.792903344004578,0.7572830901741456,0.17503841473356588,4.595180836262472,1.0042407833200664,0.7833949834770912,1.1204854152770476,,COMPLETE
80,0.37973130677261474,2026-04-16 11:01:22.092249,2026-04-16 11:03:40.481369,0 days 00:02:18.389120,0.13591147444301463,0.274598896028885,1.9620631326656748,0.7440651694297954,2.478243719485406,0.3625885698900879,0.16561010260111617,0.12239123860233979,0.32641536318190434,0.5437420426093326,0.10831249366792485,0.17917170291370385,0.13938855850461146,2.3206746359940142,3.3438232588495134,0.10034901801000284,4.484032043143849,0.4235531173450334,4.929155203170023,0.20674307327342592,0.13327414688996864,0.6523746446660614,0.33550909445431,1.4602832524926987,0.5271274768021729,0.6504852206935402,4.639371238528935,0.7115850064211704,0.13151371116365157,4.813602560560204,1.0340970462050343,0.5364268282695498,1.3637334459007984,,COMPLETE
81,0.3765274180189347,2026-04-16 11:03:40.482260,2026-04-16 11:05:58.190290,0 days 00:02:17.708030,0.13289649239800608,0.26387086197026083,1.6123701178648997,0.7492116228194872,2.3619401009263834,0.36182600801576814,0.1633072172006612,0.10405743444563872,0.24837086223187588,0.6495541263239495,0.11209148217646882,0.1829040315593715,0.1449249212325892,2.5249857825917053,3.430880629118794,0.10057507517165454,4.826790350620769,0.28623042394677134,4.0925874589235525,0.12482251728273529,0.13115652868220629,0.5484323340932674,0.33785794212338277,2.102362643557292,0.6399839885161561,0.4065297706815759,4.949661664840613,0.7177006333216249,0.11731638967888841,4.97305961603121,0.9879279821696201,0.5265813261453609,1.3955265825572156,,COMPLETE
82,0.37873137201598334,2026-04-16 11:05:58.191112,2026-04-16 11:08:15.970432,0 days 00:02:17.779320,0.12228426639140569,0.22352051994744143,2.5416391146725283,0.83718932637118,2.139582340137408,0.4486267696700304,0.14336470033031823,0.12128609991614983,0.3540731901386806,0.5379863446562295,0.10677499295936377,0.1324912782113868,0.11004069590322448,1.889728937389029,3.772640913508718,0.1305559501284397,4.296723260430818,0.4363496050397055,4.8202849952882545,0.17980280029046827,0.10000242941207724,0.7353593917369285,0.49031475374463396,1.469266855213186,0.5460185113208358,0.6182564581699611,3.9455661216904434,0.8548468222916383,0.1372176214349423,4.609300733292685,1.3423548481949525,0.7340453373715172,1.2641660882708714,,COMPLETE
