number,value,datetime_start,datetime_complete,duration,params_BOUGUER,params_CRUST_RHO,params_CTD,params_DEM,params_EMAG2_LOG,params_FREE_AIR,params_GEOID,params_LAB,params_LITH_RHO,params_MAG_SEIS_MOHO,params_MOHO,params_MOHO_GRAV,params_REVEAL_P150,params_REVEAL_S100,params_REVEAL_S70,params_REVEAL_S80,params_REVEAL_S90,params_REVEAL_VP50VS80,params_REVEAL_VP60VS70,params_REVEAL_VP90VS60,params_SEDIMENT,params_SI,system_attrs_fixed_params,state
39,0.195042622089386,2026-04-26 22:36:29.055616,2026-04-26 22:36:46.600564,0 days 00:00:17.544948,0.10464452544869521,0.5497201930528711,0.4273609098760325,2.666731042284959,2.903702563722543,0.5042816743365629,0.06779198964567906,1.0169897497820934,1.3335166180679983,0.31052608883637434,0.2338949828896415,0.25419475020118065,0.24111587921456523,0.03058071950643926,0.016564195616224135,0.28181254201979994,1.0229425185119134,0.046456543250132425,0.0768602992554436,0.21709378247966862,0.9182234993946221,1.8262235542287346,,COMPLETE
40,0.1120147943496704,2026-04-26 22:36:46.601421,2026-04-26 22:37:03.740055,0 days 00:00:17.138634,1.5109351391159065,0.34036242366880576,0.20116433071475048,0.1775188398354172,0.021812045601476128,0.31729034847199517,0.18747125125494515,0.19884624611846743,0.7522249168046883,0.8808569119847346,0.53435400845824,0.7751761820111297,0.09307283044482247,0.9171977117044131,0.10155399987060243,3.007580396694945,0.4276074657441268,0.02912523183368028,0.3300589228098075,0.11615369624739891,0.05362866588813458,1.3640135695083273,,COMPLETE
41,0.37991622686386106,2026-04-26 22:37:03.740668,2026-04-26 22:37:17.827406,0 days 00:00:14.086738,0.012081966740031954,1.085891171460792,1.134385713121447,0.01706845437543349,0.03278432409428111,0.7083852374344776,0.03061635860117231,1.5180969200180483,0.01463160768442504,0.012112627624499914,0.43809806687638425,0.10763891921713238,0.470301510709293,2.9323811310747367,0.9693729390520126,0.9381737886701157,2.0295159295683014,0.07273830353364345,0.01219493258385548,1.139894995321281,0.010677272822130908,0.07084126325101882,,COMPLETE
42,0.3612691879272461,2026-04-26 22:37:17.828074,2026-04-26 22:37:31.886686,0 days 00:00:14.058612,0.032230111102752486,1.0444144960579895,0.8577876909482539,0.01829743838760043,0.030222262681106254,1.0187392950474043,0.017042523844343228,1.6123021802329864,0.010509107788472126,0.014652366504170102,0.39829090050796834,0.115679527514498,0.7342844474174549,2.2665143257300557,1.1252054699593645,0.9117853161392948,0.022185723238976697,0.010451901676149074,0.025117545877892247,1.09507995983903,0.012300387821084714,0.024657050622728015,,COMPLETE
43,0.36195156574249265,2026-04-26 22:37:31.887373,2026-04-26 22:37:45.672836,0 days 00:00:13.785463,0.02370270077312641,1.4385070969945464,2.831387008457286,0.01541356639483173,0.012183574768573641,0.9533818261842791,0.016483830827943236,2.7481295737227645,0.012092615941530757,0.011082261668661702,0.16860238149411033,0.10564378173586166,0.968697301629674,2.4736027880108478,1.1330861462596602,0.8716985342642486,0.019654017327088453,0.010708613603813458,0.02155026473079012,1.1299070760743417,0.011916434576446784,0.028142359992564824,,COMPLETE
44,0.3711370587348938,2026-04-26 22:37:45.673501,2026-04-26 22:37:59.602136,0 days 00:00:13.928635,0.023335826548899003,2.9758847793394296,2.7801501434298643,0.015356804466029765,0.01459399206833605,0.5899368631246661,0.013826554381697985,2.9498070399453002,0.018485207864181414,0.011751901861967392,0.17084304523308774,0.105838889470406,2.441669282362441,2.5918810933213536,1.0892258859750332,0.897963203097811,0.01937755051903078,0.015169161305082642,0.023236979220929186,2.778773554557224,0.010196904466353152,0.018027880669791017,,COMPLETE
45,0.3834673881530762,2026-04-26 22:37:59.602759,2026-04-26 22:38:13.545964,0 days 00:00:13.943205,0.01556061631651547,3.3139458745508663,3.0227757305121856,0.015912441758334898,0.011744042184401338,0.6048988810954423,0.0244581216785289,2.9957854701005804,0.025245058469249775,0.011820457475387102,0.17266625784624917,0.042513825232664816,2.4245126769362404,1.4977799870553619,0.9873163721781526,0.21928313929383994,0.015224498930857523,0.015675432308604517,0.022219093225517496,2.8360873743939274,0.018742392320681023,0.01599701650362923,,COMPLETE
46,0.3573746085166931,2026-04-26 22:38:13.546638,2026-04-26 22:38:27.503258,0 days 00:00:13.956620,0.014158278260930876,3.0391298060978857,2.7333177067647134,0.032921419984591235,0.015754717864443896,0.37989160966142993,0.032653585454105495,3.1359610176392017,0.021999490657501366,0.022762119708712017,0.06730360194864454,0.030933109966701556,2.480720372034281,1.3932857181824354,0.5576736302858066,0.04252115180491894,0.04600774960154025,0.016161702958758083,0.010396823059478397,2.7605805307641664,0.017337585890129046,0.015560381333162858,,COMPLETE
47,0.35363543033599854,2026-04-26 22:38:27.503953,2026-04-26 22:38:41.456471,0 days 00:00:13.952518,0.010466685341764466,3.054571529745507,1.6337549980320685,0.04908432791650332,0.01594974590185788,0.5562422191131501,0.01024838451999284,2.037943578871092,0.01699026370901771,0.010259295982973473,0.09422574443672216,0.053977424018914096,2.0295024981064214,1.7245068740033118,0.9013564092789743,0.1826767396974824,0.018867694823297355,0.020936293917942352,0.017969003780337216,3.5935140697640966,0.016237168336354146,0.016469031549706567,,COMPLETE
48,0.3343355655670166,2026-04-26 22:38:41.457091,2026-04-26 22:38:55.848102,0 days 00:00:14.391011,0.015456363529296227,3.7965177295548536,2.908997904403837,0.021026215309913273,0.025787759071818437,0.19171713656847147,0.028593505763708203,1.5775276542520578,0.037974116749298674,0.023641769815156578,0.2800861557687595,0.019518795004606248,3.034987764070818,0.8258515065741441,2.4025925320846753,0.06398491277297833,0.01391465106114471,0.028313323160158554,0.027071067026082668,1.7867053605464207,0.025659454200428793,0.042238848073561625,,COMPLETE
49,0.2644405484199524,2026-04-26 22:38:55.848726,2026-04-26 22:39:10.327668,0 days 00:00:14.478942,0.02020044994217985,2.3898484122556383,1.312010468864992,0.026925062816187277,0.017003815224240392,0.758539674803312,0.01409007952901612,2.999140357520412,0.026807688012468522,0.04273631294618322,0.16983407960218405,0.06948350498511147,1.2863343592508882,2.881797566958677,0.3371112713303316,0.3911127326584083,0.0284039922186892,0.058173700344318006,0.04613677379979967,3.1343464615909093,0.036031253634256195,0.09266101852412134,,COMPLETE
50,0.39822001457214357,2026-04-26 22:39:10.328367,2026-04-26 22:39:24.201518,0 days 00:00:13.873151,0.01293173397444975,2.4376761780164644,1.0828063402118404,0.015620315516732187,0.010243288697186577,1.4374065252495032,0.052930726426829305,3.3712014250951428,0.07349440745702743,0.018867314498604328,0.049485857873306095,0.04019325274313115,0.3905259604543384,1.4580268896723438,1.5536206906680896,0.022728994291916427,2.8805648701032585,0.030984843872333044,0.01541713007823722,2.1114213390218306,0.015009730674425875,0.010287689135840036,,COMPLETE
51,0.4048417568206787,2026-04-26 22:39:24.202250,2026-04-26 22:39:38.100260,0 days 00:00:13.898010,0.014376662145438443,2.1143981417603555,1.0814860001067625,0.015270474640168015,0.011639422769219684,1.559565958341873,0.04778376137327623,3.770604019412162,0.05703968005128478,0.01899008204110388,0.03326785987461559,0.04231600769263599,0.3856587495272846,1.2924752171836587,1.5147762846356772,0.015221364158030687,2.9435217356182575,0.015213073838648174,0.014021075634517518,2.1284440751937725,0.01064722776004347,0.011101930684499378,,COMPLETE
52,0.4131824016571045,2026-04-26 22:39:38.101056,2026-04-26 22:39:52.009129,0 days 00:00:13.908073,0.01399956221964642,0.029110337645030984,0.972723376397156,0.015192449541054694,0.012394062339866547,1.3962597834506612,0.039390065547966216,3.652335378771678,0.0652686791350594,0.019552097236037926,0.031566793371814936,0.03473661967257294,0.35339485205753196,1.4283116742477866,1.5478568243540354,0.014120101967970897,3.135075098416979,0.014338172436895377,0.014095802193930636,2.5559418056532466,0.010821460366265277,0.010644358481202602,,COMPLETE
53,0.41522152423858644,2026-04-26 22:39:52.009778,2026-04-26 22:40:05.835338,0 days 00:00:13.825560,0.01252727080241211,0.027640060581525953,1.0892525391944012,0.014122936225665458,0.011395729290618793,1.2918049134242782,0.05038508659794071,3.5725105610939574,0.08625439606645591,0.019897778928075604,0.027778897890894837,0.023696099377667916,0.37301750124847893,0.6086518839732291,1.4795596214540188,0.013839939387075229,2.9473901285297948,0.02722435880164734,0.01360144745307227,1.4255274226732186,0.021446724356530174,0.010082960227318107,,COMPLETE
54,0.40445542335510254,2026-04-26 22:40:05.836019,2026-04-26 22:40:19.726539,0 days 00:00:13.890520,0.0182082491847993,0.02632385756743652,1.0018214395869849,0.010275825283015716,0.010509101930860769,1.3688177729655293,0.04991002069499943,3.886272354947346,0.06422027312103942,0.029517840171754874,0.02564104330162583,0.010492078299241937,0.36842932050187976,0.4807456581245932,1.5129283499190664,0.01331043398861692,2.9549240433873187,0.031385815149150696,0.015055986724714723,2.140519000627048,0.021377967266219915,0.010713591181817328,,COMPLETE
55,0.3794189810752869,2026-04-26 22:40:19.727214,2026-04-26 22:40:33.547404,0 days 00:00:13.820190,0.03099581805961193,0.02138449903183354,1.57671322261638,0.011003367127346439,0.01052390456403102,1.4488737228259456,0.04973999957302048,3.9639561896238087,0.06550345462115835,0.017911068872159187,0.03221061032087349,0.010115775542953042,0.3794813192751146,0.5300990357302356,1.5774593749228532,0.015817798285801342,3.089071658095913,0.029260016767948656,0.03558551146678558,2.1747109760005356,0.014011157707421906,0.010251017865168084,,COMPLETE
56,0.333165180683136,2026-04-26 22:40:33.548023,2026-04-26 22:40:47.724798,0 days 00:00:14.176775,0.018405414830559925,0.039134208833914975,0.9673875048555265,0.02368023436236395,0.021059062745140928,1.7687085750684792,0.08839032132360324,2.2533050662958205,0.07247336170052666,0.030298310168625827,0.02054306544752505,0.01785706189811729,0.27927539213240404,0.6532611602279309,2.9510608194182875,0.020620951100573912,3.011193973169912,0.03718993867407235,0.015013582268417302,3.9470529526997,0.022086530540505512,0.011770441290457609,,COMPLETE
57,0.3621095657348633,2026-04-26 22:40:47.725683,2026-04-26 22:41:01.772187,0 days 00:00:14.046504,0.041624826694966685,0.05568403803632507,0.6059574602418192,0.013229899554339742,0.014432822983024826,1.3983029119088197,0.05159244519667613,3.945357482228653,0.08668688909886975,0.0507238569323333,0.042784865603302094,0.023234798964689135,0.20542999525147077,0.4888059473813544,3.845176960808772,0.010612207208771152,3.894299034655314,0.024583411495627268,0.01399740396746921,1.50357074190572,0.014385128444919458,0.01889353739549764,,COMPLETE
58,0.3620226502418518,2026-04-26 22:41:01.772848,2026-04-26 22:41:15.977117,0 days 00:00:14.204269,0.012922224374609504,0.015587390960820971,0.47348949741799984,0.010286746634311384,0.02506087151554728,1.2403638331917504,0.09471078645489174,2.096797159375759,0.051740851957086914,0.02640132691236963,0.02231681597887878,0.012472915818414802,0.3717732398681323,1.0070535440131627,1.4962050124053392,0.027949564974005615,1.7008697528509427,0.013215996242656519,0.030974737482399265,2.146069275094364,0.03475746262298419,0.01284198462830807,,COMPLETE
59,0.3449775218963623,2026-04-26 22:41:15.977784,2026-04-26 22:41:29.786056,0 days 00:00:13.808272,0.01797999413077471,0.021485444750408582,0.9850625942953506,0.040942737208812106,0.013065537889360435,2.4101550174603354,0.054820002752341404,3.380421541188096,0.13795240108293008,0.0357510376987678,0.045682041310348455,0.028858086443556367,0.6092011151765214,1.1336109571253807,2.0006270876570644,0.014241853166113549,2.490859258319031,0.10030703160926323,0.018406636936005655,1.4682981561258135,0.022285002881185928,0.010080144595906596,,COMPLETE
60,0.41949068307876586,2026-04-26 22:41:29.786661,2026-04-26 22:41:43.397461,0 days 00:00:13.610800,0.010316896512907034,0.010693969507242222,1.7029259740249252,0.013153646537142594,0.0193930197001918,0.048938831266478834,0.04038500457674776,0.02478875456609852,0.035216795394171115,0.018048581943845458,0.017767496706771847,0.015252104260565521,0.23539004917764147,0.6326487493241781,0.6779908684159962,0.019138051005842642,2.085992183315309,0.037038954654530616,0.037086793759859946,0.04352782155050507,0.015435113581102406,0.021047233196482478,,COMPLETE
61,0.4188291668891907,2026-04-26 22:41:43.398110,2026-04-26 22:41:57.167231,0 days 00:00:13.769121,0.01011561529817284,0.01032969614171271,2.2351577326331595,0.014145392102441045,0.018754774408339076,0.028910421531777353,0.03970195299474908,0.020010496658506457,0.052953200486472146,0.018068270904013438,0.014378147250060218,0.013004031108714694,0.17530398350670717,0.39988558703434907,0.7055693803550421,0.02070862124339604,1.970201144452722,0.03511993077916085,0.016606205321498202,0.044722879590621496,0.014342064163422204,0.02083497879233846,,COMPLETE
62,0.42109739780426025,2026-04-26 22:41:57.168013,2026-04-26 22:42:10.993283,0 days 00:00:13.825270,0.010322448686719048,0.011036962205640839,1.6375462975564379,0.012577386967025952,0.01793567703196456,0.03100726917042563,0.038930210125608745,0.01772132532102188,0.03567351124996412,0.017602624080365073,0.015967102440434162,0.01426418839416119,0.1713091237081656,0.355336688551683,0.742936161148973,0.0187643316121401,2.037476107737384,0.049174086710453827,0.016424975303821317,0.04385896631909799,0.014052787022866973,0.020759750214537093,,COMPLETE
63,0.4278229594230652,2026-04-26 22:42:10.994055,2026-04-26 22:42:24.905662,0 days 00:00:13.911607,0.010340456528854727,0.010499887689365205,2.268354955974684,0.020469748858438674,0.019444521325266837,0.02393242556480829,0.042523735605796614,0.019383627912274045,0.035148664556761355,0.017679740885955003,0.014424074480866902,0.014164830535938056,0.16767046450544035,0.39796516624735145,0.6887400505297112,0.016518382449100043,1.9981684337780274,0.05232339941538595,0.011911861189080782,0.04102870995434548,0.010092114354214893,0.021223807770820797,,COMPLETE
64,0.3962915539741516,2026-04-26 22:42:24.906337,2026-04-26 22:42:39.110007,0 days 00:00:14.203670,0.010259276816007011,0.010760383659890231,2.2965102994918527,0.012938581091644877,0.0430757174663278,0.024493504690866124,0.037168743601870995,0.01881147620287993,0.032688788093863407,0.01881841905057975,0.015496171343324426,0.014215595156238698,0.16632546850602994,0.2714825261572741,0.7049078613829778,0.017682644495707684,2.0046357004295725,0.05227385866313136,0.03661800390688718,0.036712089087330826,0.012848018432703221,0.033064502477102437,,COMPLETE
65,0.42039003372192385,2026-04-26 22:42:39.110632,2026-04-26 22:42:53.066952,0 days 00:00:13.956320,0.01031965803101878,0.010196869059804332,1.6489311716462758,0.02050077401094458,0.018046400414427368,0.032365059115044705,0.021289582896873747,0.030757948330827886,0.05373059133820003,0.013781304656245939,0.010993825021069084,0.014652635984299882,0.11343993579465618,0.4109420079557623,0.43538234869686415,0.030834319235272956,1.3262360492696426,0.03927150694645219,0.010265933567175633,0.01882077339830382,0.010168367415939898,0.0205958885617353,,COMPLETE
66,0.41594672203063965,2026-04-26 22:42:53.067627,2026-04-26 22:43:06.960377,0 days 00:00:13.892750,0.01008877263304465,0.010005380794971963,3.6353845210415456,0.021147100352212293,0.01750378753503902,0.0377593431972512,0.02140707303097121,0.02854581123979057,0.03473505055287104,0.014115971574816706,0.010396156139623266,0.022690790082594673,0.10913772367170774,0.3566789599616077,0.505499435936982,0.03761487073388066,1.2563392802895121,0.03893538650573516,0.011406216681472554,0.016447182538560597,0.02701589621361483,0.02004524696323532,,COMPLETE
67,0.3952529072761536,2026-04-26 22:43:06.961050,2026-04-26 22:43:20.942645,0 days 00:00:13.981595,0.010057175571779752,0.010114359308233345,3.8163660808461533,0.02317306038240898,0.02586228051101552,0.03951100173625382,0.022076073353907197,0.030828303919467278,0.04132700750812359,0.013267592063136694,0.012005690467495894,0.014513890566832862,0.08638109083414995,0.3767327618789555,0.4467283577164294,0.0408975937286204,1.229706924876154,0.062441921244858485,0.01061430535610388,0.015778818158163923,0.027466167647651776,0.020911022614542956,,COMPLETE
68,0.36310765743255613,2026-04-26 22:43:20.943432,2026-04-26 22:43:35.264542,0 days 00:00:14.321110,0.0218517599787991,0.014007579583801645,2.2247491206181893,0.06102158875402603,0.018511975148024745,0.02050399579496558,0.019852045412382505,0.01135029908737243,0.03615464528423053,0.01566809897363764,0.016585678495896077,0.023024394911627222,0.12249993107412802,0.3693026592716235,0.5479726778023406,0.031055472067366238,1.5591120254228341,0.03843428767122914,0.018831811119134935,0.05833042913938555,0.017536146293288188,0.03560607153707854,,COMPLETE
69,0.34169005155563353,2026-04-26 22:43:35.265649,2026-04-26 22:43:49.708778,0 days 00:00:14.443129,0.031034620429914225,0.011842684411536318,1.7146171232138372,0.029928406539719416,0.05744693942353634,0.04962783368246506,0.026747196859153895,0.02088320200771111,0.031025452287838304,0.06901797679865987,0.017370098717606034,0.021698672258944646,0.17383513025496264,0.20191655120906368,0.6775085068282269,0.036643854301932455,2.165879986985152,0.0915314206113451,0.01176172348356773,0.022113086941431388,0.03921036088481102,0.021997562622701448,,COMPLETE
70,0.3663506031036377,2026-04-26 22:43:49.709501,2026-04-26 22:44:04.096966,0 days 00:00:14.387465,0.011794414569701426,0.01786722003179704,3.4330760525893256,0.020505991250945762,0.021211941511732956,0.06377775515095398,0.07467569615328523,0.04314367510595558,0.04840608505148264,0.024930492708322916,0.01349034737837487,0.015363717099653727,0.1186345556618947,0.6109199183701642,0.3381621391612301,0.05279161913633346,1.2811561111897283,0.04352637389278438,0.05356333281789498,0.01119534186855313,0.02913484086691398,0.05133639926042359,,COMPLETE
71,0.37792751789093015,2026-04-26 22:44:04.097793,2026-04-26 22:44:18.146008,0 days 00:00:14.048215,0.015896894954505504,0.01337810573965545,1.9576718747234827,0.018952250246532104,0.03652855003412099,0.02742871332168891,0.03832458167229699,0.015292210652851211,0.11476297915661979,0.01356464747136633,0.010412138552678541,0.028645057260519153,0.241431948071469,0.2986067436766442,0.8289956042368689,0.020135514185891667,1.8637372317087686,0.021317628009219575,0.01315797084387338,0.03324905972041768,0.015894777713895154,0.013697811468973671,,COMPLETE
72,0.4251388430595398,2026-04-26 22:44:18.146707,2026-04-26 22:44:32.074276,0 days 00:00:13.927569,0.012939824400233401,0.018849815741426128,2.424711704840074,0.01326521355496048,0.01912249833512198,0.015865914482648655,0.035216979587083974,0.033610238032080235,0.08352019902781672,0.016298480795591406,0.013951990115809512,0.012250760820783541,0.08136255340868265,0.43940602328791445,0.4791850712937634,0.012042878863737201,3.9199230580076243,0.05180765133383636,0.01880890362521701,0.057057735512952804,0.010117947591597906,0.027300950918460045,,COMPLETE
73,0.42157543897628785,2026-04-26 22:44:32.075072,2026-04-26 22:44:46.763695,0 days 00:00:14.688623,0.01164883307257965,0.017734577314573913,1.5062753218714833,0.013161255746079818,0.018852529195461105,0.011269412409882763,0.022113605568392283,0.02959085781274784,0.04435776878946622,0.015716862472515573,0.0189912964937186,0.012766419557718414,0.055174408458497734,0.4141870921992252,0.4201945689877217,0.025401011770068767,3.867708237853979,0.03643668693156021,0.01809048668336103,0.0575934295858822,0.013581101920678343,0.028588492646937046,,COMPLETE
74,0.43884249925613406,2026-04-26 22:44:46.765934,2026-04-26 22:45:00.990579,0 days 00:00:14.224645,0.010119271334713409,0.017638087384541364,2.3996029811086856,0.01188689428259443,0.029199748413398584,0.010093173713410212,0.018686200670279002,0.03104737939764993,0.04348392525547728,0.010024498311864827,0.013354848435459464,0.012844093372817736,0.04764538940813866,0.41807456239756613,0.44741282811984573,0.02382636432917935,3.8374215156817812,0.050408976870440575,0.017490728940710618,0.05909574708131256,0.013371612416632012,0.038259638512062,,COMPLETE
75,0.3998736500740051,2026-04-26 22:45:00.992288,2026-04-26 22:45:15.378778,0 days 00:00:14.386490,0.017741061777105625,0.017127199515722898,2.418780166767086,0.011845816299820624,0.030425729035436732,0.013704058220219086,0.01741221192707259,0.03640897304495649,0.05548386262807933,0.016472598864643025,0.019352485224702363,0.012096772302897695,0.05178971437584853,0.4260779932017704,0.42789826683234045,0.02545210600865532,3.497469335315576,0.0725577490729532,0.018120357735243703,0.0653120811848524,0.013260258657444497,0.028152668871655198,,COMPLETE
76,0.3961271047592163,2026-04-26 22:45:15.380303,2026-04-26 22:45:29.723251,0 days 00:00:14.342948,0.026104006991053395,0.02083881530358174,1.6015675906016826,0.02570643061877832,0.02241830371204415,0.010174641338809432,0.024698744039906857,0.061728821427393395,0.046188717546597605,0.010408787894256035,0.013779011410183683,0.017535033952727604,0.044714392483277375,0.26007170082946807,0.21624601732111648,0.0112991761687825,3.954406706666208,0.04658824762780306,0.028055881068354525,0.05185992541129076,0.012288502357939157,0.03838575404969522,,COMPLETE
77,0.4033965468406677,2026-04-26 22:45:29.725023,2026-04-26 22:45:43.936075,0 days 00:00:14.211052,0.01238558371353944,0.037252190543762,1.438479178741179,0.012356230116304587,0.0559198883054206,0.01742638714192741,0.011837274263993877,0.02305866893983036,0.020884757856861984,0.031225984505871177,0.014235759526979206,0.012907300082697906,0.14721416434724371,0.7921766896067894,0.6067708932459156,0.01832736886560822,2.418083388297324,0.10537481685524978,0.03555387006762186,0.09309742575272892,0.019529938770161827,0.05491611453641409,,COMPLETE
