number,value,datetime_start,datetime_complete,duration,params_BOUGUER,params_CRUST_RHO,params_CTD,params_DEM,params_EMAG2_LOG,params_FREE_AIR,params_GEOID,params_LAB,params_LITH_RHO,params_MAG_SEIS_MOHO,params_MOHO,params_MOHO_GRAV,params_REVEAL_P150,params_REVEAL_S100,params_REVEAL_S70,params_REVEAL_S80,params_REVEAL_S90,params_REVEAL_VP50VS80,params_REVEAL_VP60VS70,params_REVEAL_VP90VS60,params_SEDIMENT,params_SI,system_attrs_fixed_params,state
192,0.4794921398162842,2026-04-26 23:12:49.412279,2026-04-26 23:13:03.793677,0 days 00:00:14.381398,0.021740903788990403,0.011021471266523464,0.042827013969946176,0.013938133308878525,0.10669655356449327,0.011033221718929766,0.05597312408382033,0.012560912166113162,0.13839709453230367,0.012427207184254652,0.011092474324615078,0.02096112314210878,0.019850648867615544,0.01428811424761436,0.2067147461307848,0.28292681374687056,1.0405615459808562,0.06508450674138345,0.011752334121205821,0.2210603967417004,0.026673317364835906,0.06032178496703821,,COMPLETE
193,0.47435160875320437,2026-04-26 23:13:03.794333,2026-04-26 23:13:18.089478,0 days 00:00:14.295145,0.021292529406609594,0.011077619417450373,0.04090757077513455,0.014459736028309873,0.1081493683358156,0.01091214486376189,0.05501975879614427,0.014903325136537722,0.12312821466484729,0.012225199712445735,0.014558856600032137,0.01813049389223481,0.019589147837071313,0.013344947107759863,0.1948135696817035,0.36280181001290146,0.8506395661989175,0.06157424322323636,0.010071460837455576,0.1904696386877575,0.027108974962047182,0.048930638363685955,,COMPLETE
194,0.4788821220397949,2026-04-26 23:13:18.091809,2026-04-26 23:13:32.437197,0 days 00:00:14.345388,0.02078496429194706,0.010719673601750662,0.044378985957559965,0.011238158671140528,0.10877226899615698,0.010637460557622765,0.05400225761075889,0.014799012672605983,0.09195625504977678,0.012476539254231733,0.014905425984751586,0.017120601434963356,0.019634358831965737,0.013698856825225625,0.20458269493021597,0.32334542024089546,0.7355982332233,0.06081013793924159,0.012589486574487703,0.8498613138405633,0.025411204852541967,0.07045162546278443,,COMPLETE
195,0.4416337966918945,2026-04-26 23:13:32.438877,2026-04-26 23:13:46.802589,0 days 00:00:14.363712,0.02039526875755445,0.010193011181651404,0.04735743177711938,0.014162232143180329,0.10928733466234983,0.010013503512310609,0.04923335952925401,0.015606636651851078,0.09070851173529927,0.01688706450743139,0.015547974129127142,0.017846725068853375,0.017293154687144808,0.013974824012664536,0.15272001146368364,0.3942710051102465,0.7225654553054693,0.05867515618156451,0.015187500339998012,1.0054894859472385,0.02758533034106922,0.056732520391018205,,COMPLETE
196,0.4774129629135132,2026-04-26 23:13:46.803226,2026-04-26 23:14:01.142676,0 days 00:00:14.339450,0.015734224145273916,0.010814124414829063,0.05459946849695222,0.011323378964068572,0.1633000280287155,0.011038123551202502,0.04284477106162313,0.013732035644997113,0.12394556706411285,0.012453673417052566,0.013350857606630285,0.020674404597523843,0.019927443859526116,0.015622738816968879,0.19590360290081577,0.35023449230836945,0.8292417478144335,0.06285052768858383,0.013033712084038368,0.8681741051065874,0.022610709264690783,0.05104085622235988,,COMPLETE
197,0.45993632078170776,2026-04-26 23:14:01.144860,2026-04-26 23:14:15.426676,0 days 00:00:14.281816,0.015980518265937244,0.010708454263142349,0.05662794836171289,0.011050482305547478,0.3760245818021088,0.01094683689375648,0.03640910755619035,0.015537993854698718,0.13893876688374104,0.011080835082828953,0.014275824742850973,0.019749982575016575,0.019178934663545946,0.01578996759036413,0.20485676813027634,0.373080341990463,0.5893694198262999,0.06310275631923777,0.01283578742639688,0.834893077728649,0.023605827627867018,0.03728598914338305,,COMPLETE
198,0.4730093598365784,2026-04-26 23:14:15.427367,2026-04-26 23:14:29.670076,0 days 00:00:14.242709,0.014729924143945278,0.011255881704922959,0.04219344907044546,0.010023350444484271,0.16453569339242027,0.011011596947040818,0.04402884952684727,0.013832517450287877,0.1038097706710586,0.01258858122596275,2.8850912014480206,0.01821589569888686,0.01460294912112483,0.018708384926242196,0.18916245942528453,0.3509686692257408,0.8038008961860187,0.05167537448589292,0.014511195602605284,1.044647459852061,0.022976943316973312,0.050504082917823524,,COMPLETE
199,0.4444239974021912,2026-04-26 23:14:29.671043,2026-04-26 23:14:43.921215,0 days 00:00:14.250172,0.018069056443834476,0.011354150165134538,0.04140225937348869,0.01005709816672984,0.2088980512186696,0.01001228112117878,0.03868018732548179,0.014110137110407471,0.10110847335468556,0.010044390063193014,2.4462250616400425,0.01707115920242495,0.01861875570875933,0.017573389503833824,0.1908423702648831,0.4184188478718153,0.788589661790264,0.0545270621840978,0.017570347279762095,1.239962227055038,0.10565817863910304,0.04908058587105615,,COMPLETE
