number,value,datetime_start,datetime_complete,duration,params_BOUGUER,params_CRUST_RHO,params_CTD,params_DEM,params_EMAG2_LOG,params_FREE_AIR,params_GEOID,params_K,params_LAB,params_LITH_RHO,params_MAG_SEIS_MOHO,params_MOHO,params_MOHO_GRAV,params_REVEAL_P150,params_REVEAL_S100,params_REVEAL_S70,params_REVEAL_S80,params_REVEAL_S90,params_REVEAL_VP50VS80,params_REVEAL_VP60VS70,params_REVEAL_VP90VS60,params_SEDIMENT,params_SI,system_attrs_fixed_params,state
77,0.42098774909973147,2026-05-03 20:43:20.505166,2026-05-03 20:43:46.050016,0 days 00:00:25.544850,0.4505208448939997,0.3132952334571275,0.644877432464258,2.734483153566222,1.8153440514022852,0.833865462149514,1.0345704819470465,17.424165775629564,2.7778818362064808,1.0385327711083374,1.4380832142199127,0.2748724644222288,0.6407420159664644,0.3320748485252463,0.3924226007111796,2.554218876380474,0.540021190202747,0.7692399021807282,0.5761233049720562,0.978716844288416,3.68642904113966,1.8602106990019747,1.3301691720519766,,COMPLETE
78,0.422967791557312,2026-05-03 20:43:46.050717,2026-05-03 20:44:12.081142,0 days 00:00:26.030425,0.35183779825976275,0.47676920858866995,0.7565289439218418,3.8947958053581098,1.375514244926775,1.2758323796617526,0.8598642259305194,18.371196394917245,3.967803402564452,1.3826503833227475,1.6944029910315646,0.30478589192643574,0.7444323804280426,0.3689419451101581,0.4313368334265923,1.8317823905962978,0.5063312086693356,0.659456035124666,0.5468729046911412,1.3656053574339297,3.9810155537252507,2.0284896405027375,1.1076999154188294,,COMPLETE
79,0.41893365383148196,2026-05-03 20:44:12.082966,2026-05-03 20:44:38.171067,0 days 00:00:26.088101,0.4306310685636965,0.2764232739814254,0.9075693116205497,2.267256099117575,2.0047124909492986,1.0908862914378767,0.7695466953871766,14.106382686237312,3.240565991299886,1.1323048501536028,3.189107702359564,0.4231117651872283,0.6373161725137207,0.39525314049330734,0.3421177532511066,1.6487907024930566,0.425791458368987,0.9656684265856682,0.668568938191807,1.1659918176128277,3.497213019885033,2.259898914424214,0.8617613936912903,,COMPLETE
80,0.4202679514884949,2026-05-03 20:44:38.172182,2026-05-03 20:45:04.135032,0 days 00:00:25.962850,0.5050160884135023,0.3339406718028072,0.7945330250937584,2.7627756053073553,1.5680177653561909,0.9823313592777688,1.1294796007741827,16.84253688469488,0.36029695415626856,1.2496162739361265,2.2209244787138087,0.25415351270845504,0.757667897187075,0.43244007147606606,0.509808984779635,2.714108517804232,0.6089864865420563,0.8731993636701721,0.5003724539504837,0.8781255330026857,3.129480642666918,2.409062955550204,0.9723131597308009,,COMPLETE
81,0.42400633096694945,2026-05-03 20:45:04.135939,2026-05-03 20:45:30.025777,0 days 00:00:25.889838,0.33356243022670845,0.4582864073259048,0.7128625107011026,3.3926771725826947,1.3967866431236193,1.1193544439420533,0.8533967209925527,18.270985813913665,3.980504966812384,1.460660668414226,1.7900565662176804,0.30175691763810997,0.7009619849403647,0.3594297716274118,0.4179123164104063,1.7400162966389285,0.49801976471191267,0.6737236117217026,0.5669823683626999,1.3491713807027244,3.7349657496614497,2.015663580952243,1.05623717217731,,COMPLETE
82,0.42377079725265504,2026-05-03 20:45:30.027378,2026-05-03 20:45:55.555711,0 days 00:00:25.528333,0.3379058298961494,0.43739649313151313,1.1348372349210758,1.3324273458239924,1.4269090125741801,0.8945754547362967,1.2868004835203608,18.268507540217616,2.998838806705072,0.9507598812370109,1.8958979782496512,0.2787689126053707,0.6029805485818422,0.3529487618641826,0.3813616663924405,3.381886253502195,0.5107643199077435,0.7280590906205927,0.7547726530670592,0.9988906418123483,3.7322049567441375,2.006576236562081,1.2777870507478328,,COMPLETE
83,0.4241399526596069,2026-05-03 20:45:55.556831,2026-05-03 20:46:20.741117,0 days 00:00:25.184286,0.32630502294471625,0.44478137792254646,0.5580728580596073,1.3340800205640124,1.706322162400316,1.111157466007774,0.8828516993576316,18.65965592298198,2.943338257434068,0.9613031564357496,1.8086723338381123,0.2796680326601977,0.9393820655173325,0.26834794738530243,0.4327613223038027,3.8021127886176442,0.3970232184783552,0.7051411916236442,0.8072534029996671,1.3353366377908698,3.0421863043490096,2.094035037076125,0.6973000811231934,,COMPLETE
84,0.42417340278625487,2026-05-03 20:46:20.743400,2026-05-03 20:46:45.816538,0 days 00:00:25.073138,0.33520237218447946,0.5214690850137564,0.5916050505053512,1.3878466250052637,1.7670790918098693,1.3266403788181405,0.8897061826244087,18.833992900615165,2.814676189002865,0.6900922953449556,1.8317558321284797,0.2789953905819711,0.6794463088754022,0.2696265617485748,0.40639858451446376,3.9597773183702403,0.4086110169804753,0.7469014987496104,0.7446161980731856,1.4117203824881512,3.009149729763434,1.6917868738481023,0.6640496541307261,,COMPLETE
85,0.42341341972351076,2026-05-03 20:46:45.817442,2026-05-03 20:47:10.968715,0 days 00:00:25.151273,0.3282185263974308,0.44482330764858974,0.5658560081016532,1.3103838171374849,1.752363241296118,1.2888066089246566,0.8871932643904419,16.74326401255228,2.8577045227876723,0.7307639560727093,1.8140949110982405,0.32166204499023215,0.6867937812421141,0.26354398206418644,0.41075896214197155,3.855510648072369,0.36509658543949886,0.7062291007684232,0.8994398857622548,1.359013374203318,3.00800671996351,1.719946397299365,0.6938972726179932,,COMPLETE
86,0.42209566831588746,2026-05-03 20:47:10.970908,2026-05-03 20:47:36.096266,0 days 00:00:25.125358,0.3956164966916161,0.3520060899564306,0.4577638362710663,1.6746539306317088,2.14193021255018,1.1189483775348743,1.5024804342322755,18.926686471401236,2.5086488544927144,0.8155799438744669,1.9736157489137443,0.2749130234866762,0.8133711401106896,0.2995112671318073,0.43739773557458567,3.4263526332771743,0.39431623890103185,0.6336926106523513,0.755108364981795,1.0172110159955519,3.2667072072892767,2.1258903329861387,0.8541323693012702,,COMPLETE
87,0.3950555682182312,2026-05-03 20:47:36.098062,2026-05-03 20:48:01.395456,0 days 00:00:25.297394,0.32695231901029825,0.44883225475745353,1.1140956605377224,1.412873508052323,1.9134958638495123,0.25593462387093985,1.2347181416941375,15.248805909026824,2.6693784982062754,1.5833409448023734,2.453620591238833,0.3590897034993434,0.988884199268009,0.28038611146463044,0.38747998505378245,3.2477175865830756,0.4477885094072171,0.7687843575842218,1.0927875262061124,0.7860467594006958,3.8084435315644933,1.6238835716226427,1.307552847515486,,COMPLETE
88,0.41465632915496825,2026-05-03 20:48:01.397245,2026-05-03 20:48:26.661445,0 days 00:00:25.264200,0.29227430629392137,0.519671749677468,0.6995465065631288,1.7335061251978676,1.2078437600681065,1.0263249750459504,0.745798369469105,3.238465839195219,3.3255243967458963,1.2189223801640994,1.650102583155608,0.27721481145242594,0.8833570821246194,0.3677198482685845,3.969664195748688,3.444990270936561,0.5808223715107284,0.5960988961829907,0.8261287689797536,1.4361908706115192,2.963142284003209,2.0173669200521362,0.71989980281183,,COMPLETE
89,0.4257403492927551,2026-05-03 20:48:26.662679,2026-05-03 20:48:51.586187,0 days 00:00:24.923508,0.272019227021608,0.5857846413183564,0.56124870949423,1.3368516531578674,1.703351421155222,1.4710790257573598,0.8012795870676872,16.298946157979856,2.262364569960782,0.8758710702043889,1.5568257125396803,0.2591008990602202,0.5312008056915686,0.2503041532797977,0.5014440603463973,2.9921757278264636,0.49463900816237644,0.6994882290421529,0.738633937505575,1.1526491669075711,3.3076623805561844,2.614449141324456,0.9953271388109982,,COMPLETE
90,0.42417370080947875,2026-05-03 20:48:51.587013,2026-05-03 20:49:16.478987,0 days 00:00:24.891974,0.26930919362586186,0.5761011855553357,0.5794723397905487,1.8331559606984626,1.7689682059199252,1.4918737252580954,0.8198865223441578,12.206306462983328,2.3760717417049637,0.8579879912781023,1.5932733748212655,0.3188427546964672,0.5307365566335268,0.25427092127213036,0.5019379596319645,1.460839625983997,0.46774095628833257,0.8217672659827513,1.2291434069969822,1.8039524853380793,3.2843514556898836,2.8953730136790425,0.8860708828061702,,COMPLETE
91,0.42395039796829226,2026-05-03 20:49:16.479663,2026-05-03 20:49:41.515181,0 days 00:00:25.035518,0.2706190904965244,0.5965481186672407,0.566564950079744,1.5331860109678714,1.6705286097429721,1.8116280062196881,0.7827724291759359,12.493967449668881,2.4086196009546414,0.6673765177455127,1.5345185230667169,0.33179120068558204,0.5323957380508036,0.25108369415711623,0.5156806628327734,1.4941756865488773,0.47460914473035504,0.8151238590298304,1.3130781692609215,1.7037896456310568,3.416970461988063,2.7993476421343306,0.9650363468524314,,COMPLETE
92,0.4254144787788391,2026-05-03 20:49:41.516232,2026-05-03 20:50:06.624580,0 days 00:00:25.108348,0.30467008699707626,0.5202153307657722,0.5564181963942524,0.9902894884928907,1.3131293027627917,1.4639289651857363,0.8544399616016406,16.166720042123746,2.8224392372000313,0.8590966478611989,1.8004691416824605,0.38065512481558383,0.6978415149526948,0.30162259446628836,0.44959699389739,3.9619317613753027,0.38218722437494757,0.6475562327053674,1.3403930284747685,1.304258767238662,3.2180540331267147,3.0377833443465443,0.840103257429116,,COMPLETE
93,0.42494127750396726,2026-05-03 20:50:06.625234,2026-05-03 20:50:31.591484,0 days 00:00:24.966250,0.3022955730495103,0.5683036308205348,0.46752418519719935,1.9139957806845667,2.2505387854009222,1.4656902420510123,0.6232949181280713,13.574748837468384,2.058231644360216,0.6862448825564582,1.3313184677448964,0.3792665157397482,0.5377975731031703,0.31015246977590244,0.5015102746019902,3.9825486294263372,0.38081217787708765,0.5468845764353265,1.2570534442674586,1.1326591092870364,3.3243945639218877,3.2301373594865166,0.858923655767289,,COMPLETE
94,0.42158443927764894,2026-05-03 20:50:31.592198,2026-05-03 20:50:56.539905,0 days 00:00:24.947707,0.3029859928569283,0.5599895540293842,0.4507368534700751,1.9150055079516597,2.337468965558048,1.4971704899806355,0.616797876156367,6.002773621265375,2.235927201261784,0.6893601030704344,1.2915651620837107,0.3835448454232648,0.522814231453773,0.3088850991046598,0.49872752954942795,3.022915796259247,0.353746844403887,0.5550789650624861,1.295338973848583,1.7996861412252403,2.7121753256408874,3.459910504350313,0.8967986857011869,,COMPLETE
95,0.4234307289123535,2026-05-03 20:50:56.541013,2026-05-03 20:51:21.334578,0 days 00:00:24.793565,0.268955084560035,0.652227047334675,0.4148530480524969,0.9772935090983119,1.8393086194259936,1.7164116596043026,0.5525581503304721,10.895261504457784,1.7953895944351355,0.8709977172646882,1.5806034303431689,0.45857230978597696,0.46786520292976225,0.28218284186538156,0.5979555323932073,3.5669075268813515,0.4475759218585084,0.47749581245711753,1.1933299542950841,1.1251993796784125,3.250556063841279,3.09379174681676,0.6292494633596389,,COMPLETE
96,0.3814042925834656,2026-05-03 20:51:21.335248,2026-05-03 20:51:45.814016,0 days 00:00:24.478768,0.2968269830964761,0.5037065839482447,0.6033959297947663,1.8416784469687644,0.3027934355265196,1.3914000664571886,0.9801323762752148,13.988428510628264,2.016862616902246,0.8438769478583833,1.3821763690021847,0.3441469600928391,0.5665919696023716,0.3217642390670564,2.8955837439147234,3.148373026183735,0.37882627329074264,0.6124100981556757,1.5651156319690427,1.266235663631758,2.696814062504022,3.161764055565189,0.25796152875017236,,COMPLETE
97,0.4237408757209778,2026-05-03 20:51:45.814681,2026-05-03 20:52:10.850147,0 days 00:00:25.035466,0.2770201251642056,0.6123189704093037,0.5122265598434261,0.8523195986196849,1.3103494457234002,2.082272844606323,0.8064480641724311,13.450765532839768,2.301267162164219,0.7731260698186805,1.0222429040261813,0.3754332616940604,0.5353113531105362,0.25024508613481083,0.4511951079264538,2.682171824284968,0.40527306016713494,0.5465241397867713,1.558679847978795,1.1136369091288782,2.907464971511786,2.90035425037596,0.8302263649319942,,COMPLETE
98,0.42535741329193116,2026-05-03 20:52:10.855117,2026-05-03 20:52:44.019906,0 days 00:00:33.164789,0.30890004656931574,0.7179405410337494,0.36546048185996566,1.6082805268158462,1.5079752153052834,1.302696247534615,0.7584985118577555,15.817779066144935,2.5305077781085825,0.900860747313195,2.086809267738083,0.2529301578213919,0.5051477400932385,0.2956669947498483,0.5206613515526655,3.91627134633755,0.3431392320343389,0.7806837413570125,1.0255871800277108,1.4444440893928627,3.3504994770014447,3.733373175443281,0.753234599007882,,COMPLETE
99,0.4246204376220703,2026-05-03 20:52:44.021100,2026-05-03 20:53:14.960254,0 days 00:00:30.939154,0.3078563108230223,0.7312774055276122,0.38160567764233644,1.5659168941965107,1.5121677261062305,1.5333214606938266,0.757163255717932,11.645654607160477,2.133583374049908,1.0002129977638432,2.0411419570145393,0.2515205272045707,0.4892444813883491,0.3006986158708518,0.5319581256154833,3.6922623357020212,0.34045760813689163,0.8402762504189284,1.0194381682538376,1.4481725462475097,3.3348918737625106,3.720714598985105,0.8918615693606163,,COMPLETE
100,0.42270985841751096,2026-05-03 20:53:14.962387,2026-05-03 20:53:44.702651,0 days 00:00:29.740264,0.3109889413395963,0.7043518655387186,0.391919115319103,1.6015836376574208,1.1760175714089363,1.884521701726988,0.5839154673048425,14.81706829887546,2.1051453793461117,1.029116650686887,2.072581467280404,0.258594618452265,0.4885312677878486,0.3013147007124733,0.5421750812143724,3.6245300067170403,0.3366355949613359,2.869206427489487,0.9496337954587037,1.4719065481794227,3.9663291282353272,3.6280460825402208,0.7548644749997931,,COMPLETE
101,0.4251325011253357,2026-05-03 20:53:44.709228,2026-05-03 20:54:14.468942,0 days 00:00:29.759714,0.2881651188243463,0.7242727626444037,0.3048279012234492,1.1511546827300994,1.585052253545829,1.517326016959792,0.7288029846167813,11.973297179204028,1.6182908021072338,0.90918613342885,1.2749522290716373,0.31406760765414427,0.5160667784232389,0.29224906715140153,0.5872164950341293,1.3895230000280503,0.35168567586938376,0.8399642859100164,1.4349802464112427,1.2879417291916933,3.349622649299079,3.7401348125946323,1.0015896968385696,,COMPLETE
102,0.4226593852043152,2026-05-03 20:54:14.479599,2026-05-03 20:54:43.782303,0 days 00:00:29.302704,0.288390459128643,0.7330590922993242,0.321588397557601,1.2486471860007433,1.4734221795319502,2.1819821834954096,0.7290219751856482,13.211866647670606,1.6510843102293937,0.9150601971797989,1.242295193694185,0.2501292930284827,0.45880895686062934,0.2959359572569501,0.6069824469396089,3.008951073044956,0.34380512804743807,0.8695650139992762,1.4049371986121455,1.2814706179986939,3.31264516262772,3.7739938086337705,0.9285977321808084,,COMPLETE
103,0.42314170598983764,2026-05-03 20:54:43.790225,2026-05-03 20:55:12.945539,0 days 00:00:29.155314,0.3112449949158171,0.9007661895877349,0.3663496908850947,1.1260225286169887,1.5167598666148343,1.687507219527868,0.7636779600576387,11.735441979788666,1.8662179634140235,1.1403924524178388,1.1438139018234759,0.46005991674546765,0.5093660811073538,0.31984869957600776,0.6531429205230319,3.6649963464547493,0.29317988907543546,0.7842377050803458,1.713747733487634,1.1210207832030294,3.4561325993291208,3.2441757732298764,0.8041555327251337,,COMPLETE
104,0.41812905073165896,2026-05-03 20:55:12.954926,2026-05-03 20:55:43.871275,0 days 00:00:30.916349,0.2631090933387133,0.7761445047987185,0.27168585017618,1.0045750816111652,1.3042672231484727,1.641853438008294,0.6420943388188876,10.330715706892875,1.7272407693008944,1.0073209671237728,1.3369096898006594,0.39405619417840443,0.5778612508802572,1.968717023668719,0.6923946135595844,3.934593588135011,0.3714893839124222,0.6752115537937803,1.0447988695317874,1.0540399587153824,3.110814528495947,3.5759141196792905,1.0201833086841603,,COMPLETE
105,0.42757545709609984,2026-05-03 20:55:43.888119,2026-05-03 20:56:14.165451,0 days 00:00:30.277332,0.2897214968397015,0.7209431332906439,0.33329425777761734,1.4646679025089067,1.6202266038856326,1.1896297584418254,0.523464185122166,15.621101689660685,2.5309373336795247,0.7898895607601951,1.089299372307795,0.3153553495235693,0.4809548993669663,0.39829172994932566,0.5780455954025363,1.348267362776217,0.3538748248442888,0.8777602008800145,1.4424422417251785,1.252581870983375,2.81566873536718,3.9904397825364515,0.9837879458996572,,COMPLETE
106,0.42656694650650023,2026-05-03 20:56:14.183227,2026-05-03 20:56:40.735084,0 days 00:00:26.551857,0.28923813538751775,0.6622318783803577,0.29329753342931225,0.7197006249438908,1.6167672589606026,1.158498459784059,0.4622973156376971,15.384618671463672,1.4288999207839066,0.7311526408695873,1.0942814614574827,0.43792880333021095,0.47021797213802324,0.3933165664542231,0.5805897438280385,1.3632688057748712,0.26353312209251784,0.6366874754165135,1.7285992155054142,1.2887273093134237,2.764874678480566,3.398596963066213,0.9866689981218614,,COMPLETE
107,0.42578773498535155,2026-05-03 20:56:40.737442,2026-05-03 20:57:05.374830,0 days 00:00:24.637388,0.29534602078748007,0.6683648109908191,0.28062823399381326,0.734276180950209,2.076412528319697,1.1950938228101444,0.45615291034574595,14.346429549132859,1.3159960099823484,0.7247155296831371,0.9706149147691352,0.34725069451412766,0.4355727986493499,0.3935471176299497,0.5820600154054186,1.3483157976421174,0.27048008698695886,0.9916855797933691,1.8993535973431992,1.156201159935957,2.8519260445896877,2.589943353460429,1.184908515581739,,COMPLETE
108,0.4244194746017456,2026-05-03 20:57:05.377204,2026-05-03 20:57:30.406872,0 days 00:00:25.029668,0.3833526447255849,0.6853045360845919,0.3056343421132778,0.7446743754717025,2.1577628276226997,1.570862703025506,0.4931357390462462,13.038601094403191,1.296050384046112,0.7148978694922131,0.970937611168789,0.34242483811516233,0.5782265441774771,0.41115944975201557,0.5811780693720532,1.3766759740056584,0.251293295643993,1.0038198621109427,2.125916400873371,1.1165843141995082,2.7391870010899604,2.5667515578422626,1.1799635317335353,,COMPLETE
109,0.4266063332557678,2026-05-03 20:57:30.409477,2026-05-03 20:57:55.419085,0 days 00:00:25.009608,0.2874694220123716,0.6398455065529184,0.2826362920251116,0.6769831454650257,1.988476173663751,1.1916892861133732,0.43390632355297254,15.604722811078252,1.4442777715001691,0.6481814881474607,1.1072741767817302,0.3696018824295913,0.54113579152373,0.39032700153491173,0.6709611249771117,1.563422765636678,0.26767763031961406,0.8882212479681186,1.7252227172637027,0.9651031358194575,2.89238184785507,2.71985958801246,1.4481862356366662,,COMPLETE
110,0.4256731152534485,2026-05-03 20:57:55.423843,2026-05-03 20:58:19.865737,0 days 00:00:24.441894,0.26174812494393596,0.6497405243080484,0.2801832637812783,0.6556368059786396,2.0419412921767477,1.1623071311989048,0.4393009346981346,16.153837445806666,1.3990930342509407,0.5962365036289979,1.0756467850111224,0.3144373720455919,0.4404464763881704,0.40163917118160125,0.7517191855873337,1.368125355386317,0.26809116257482557,0.9076525072845538,1.7650571235459687,0.8651573178744014,2.86687418720543,2.6871946002933433,1.440986131936719,,COMPLETE
111,0.4246794581413269,2026-05-03 20:58:19.871702,2026-05-03 20:58:44.007488,0 days 00:00:24.135786,0.26244681758934335,0.6467846366197775,0.2808591087686264,0.6513530241581951,2.0237462137994306,1.1743967364438488,0.4206724481137577,15.709850369212205,1.456059056046327,0.5861318191713432,0.9171405532014556,0.3172684072490276,0.4398551292331031,0.3854748731430393,0.6757820817288768,1.2025414135713992,0.26737119572242096,0.8970105774649976,1.6392041008244196,0.8427975285200083,2.9035565702018746,2.7044120077653186,1.4118827395011995,,COMPLETE
112,0.428653347492218,2026-05-03 20:58:44.013814,2026-05-03 20:59:08.353406,0 days 00:00:24.339592,0.28489682108899533,0.653408216607509,0.34625997979037526,0.6853917696691177,2.4414075560041595,1.2044903374855838,0.4595143642111482,15.578843005085131,1.3002474653573706,0.7819337475171,1.1042598601460665,0.35902196335262454,0.47000159353335147,0.4095871191068539,0.7714367935158886,1.3795967449857198,0.2662497133448645,0.9981980192600299,1.877281371609874,0.9551928709399031,2.6191559214096483,3.4535718198523924,1.4715612350305796,,COMPLETE
113,0.42812567949295044,2026-05-03 20:59:08.355386,2026-05-03 20:59:32.570818,0 days 00:00:24.215432,0.2529426852241588,0.6586341165129515,0.33962862380209113,0.5977670246037966,2.71628538437973,1.319076641247051,0.4472438951200245,15.794268417868453,1.2951526898788395,0.7771444382567249,1.0792645656068598,0.4363265376581073,0.45635990259776016,0.40037004596778386,0.806505407713598,1.0984246931083874,0.28507296810174254,1.2302587569006365,1.9146983878036052,0.6621256451543336,2.6307162304378275,3.4244294111025475,1.57924788383328,,COMPLETE
114,0.42590430974960325,2026-05-03 20:59:32.571838,2026-05-03 20:59:56.682971,0 days 00:00:24.111133,0.2561816117536747,0.6609074335123468,0.25069209368796996,0.5985877609983401,2.4878369078664533,1.2240568349365781,0.4567192046674565,16.568194911765104,1.2723237046982752,0.6400109639938124,1.076442767387356,0.4352035271787586,0.46940557939060323,0.4734390524650792,0.7974571949561433,1.1105298323803574,0.2693630223747639,1.235738323350056,1.8691012710404873,0.8143011299997861,2.372830463591202,3.0208245306593424,1.478768123350911,,COMPLETE
115,0.42354851961135864,2026-05-03 20:59:56.683984,2026-05-03 21:00:20.578461,0 days 00:00:23.894477,0.2509133822919612,0.6595813818945143,0.2549427080389536,0.5855787106833904,2.5496832071337705,1.2203552232690618,0.4595109867005097,14.632783828660836,1.3025307555890084,0.5020788392371909,1.0621231803890663,0.44702564976677595,0.3980760300881124,0.46719614839019785,0.7895842682225892,1.0839474201554424,0.26657313328734256,1.2594904105543967,1.9620479012729783,0.6940485634624172,2.6419820197933244,3.3705193112571123,1.5553844176993838,,COMPLETE
