number,value,datetime_start,datetime_complete,duration,params_BOUGUER,params_CRUST_RHO,params_CTD,params_DEM,params_EMAG2_LOG,params_FREE_AIR,params_GEOID,params_LAB,params_LITH_RHO,params_MAG_SEIS_MOHO,params_MOHO,params_MOHO_GRAV,params_REVEAL_P150,params_REVEAL_S100,params_REVEAL_S70,params_REVEAL_S80,params_REVEAL_S90,params_REVEAL_VP50VS80,params_REVEAL_VP60VS70,params_REVEAL_VP90VS60,params_SEDIMENT,params_SI,system_attrs_fixed_params,state
78,0.35805171728134155,2026-04-26 22:45:43.936794,2026-04-26 22:45:58.447984,0 days 00:00:14.511190,0.016260570749502355,0.012196438643120935,1.9869475070375808,0.018927183126300963,0.027782477386365908,0.03154013504154861,0.03233083700865979,0.014347645096352115,0.0425178659701979,0.022942794262893418,0.02461659658512749,0.010115391488711871,0.07654964525742948,0.42343099816353824,0.30213458533672605,0.02532844543592241,1.5386742250715844,0.0519769475028518,0.020625859111192614,0.04475095222711685,0.01553997002615733,0.028970245318390077,,COMPLETE
79,0.36377582550048826,2026-04-26 22:45:58.449534,2026-04-26 22:46:12.404190,0 days 00:00:13.954656,0.02111866701579027,0.016247188553242142,2.4533106951960457,0.03286427174357305,0.018967500357049537,0.015180062236397706,0.013579145935631578,0.06510666669242621,0.030231339234832944,0.04168114205707859,0.018506071048334634,0.015838623300046463,0.08006654289225323,0.19535609569024145,0.4022950374711481,0.09164801110356471,2.515055583900585,0.03609678678309871,0.016994592412739717,0.1177977440181569,0.01167884625548207,0.02421407390732484,,COMPLETE
80,0.4217521667480469,2026-04-26 22:46:12.404807,2026-04-26 22:46:26.371897,0 days 00:00:13.967090,0.012293577425325388,0.013906179540599407,3.226745571125039,0.012590658738276786,0.03582151498637177,0.010745802441036718,0.06048444198672851,0.024667281694998242,0.09184025329249089,0.010005493682393927,0.013495263646560786,0.019522901951443954,0.027115520371030787,0.3179089670102449,0.24045132407519085,0.022022979825069757,1.787106766121847,0.06141258005369214,0.010161555586457384,0.07865754532306224,0.013964750171780975,0.043155570929632514,,COMPLETE
81,0.4326732993125916,2026-04-26 22:46:26.377927,2026-04-26 22:46:40.432850,0 days 00:00:14.054923,0.011584558692812908,0.018761795472014106,1.8352812239937695,0.010020247662168845,0.038735030802027615,0.010498062964341982,0.06625026128406887,0.02310847920441884,0.08637753149122088,0.012475251289015355,0.011920175836667674,0.011746061982795764,0.019117767284254027,0.3151919961772787,0.2522123527410193,0.030492068225046944,1.7894264433805038,0.06464730771811564,0.010381417439100718,0.07888119643847742,0.013184553192126091,0.044031759632047696,,COMPLETE
82,0.45512678623199465,2026-04-26 22:46:40.434642,2026-04-26 22:46:54.522983,0 days 00:00:14.088341,0.01152785235371434,0.02381384374939843,3.33465396298093,0.010210665476356467,0.0704802011720533,0.010669718459044237,0.06279295899779706,0.024953942050512774,0.1258298485150028,0.010084207800552037,0.012403048990148676,0.018171013612348904,0.025160623162109277,0.32291054855366935,0.23337279114646584,0.029133776447592175,1.0466304334041956,0.06379948292548802,0.010492442700695161,0.07844698996427792,0.010445522545357244,0.045474681490657524,,COMPLETE
83,0.45925686359405515,2026-04-26 22:46:54.523961,2026-04-26 22:47:08.691672,0 days 00:00:14.167711,0.01177564909293716,0.02404274906864017,3.253128695530874,0.011555608908698828,0.07412244946739331,0.011260866062857172,0.06304078372381562,0.03538126734385102,0.17083664098665988,0.010006577831716906,0.011832052010169979,0.018390875744858023,0.023021623735267095,0.30575167740876674,0.1708444876379875,0.05061073339231761,0.8417114669010418,0.06336494068305376,0.010859759316620225,0.07658306873694223,0.010626396244329456,0.045939810816259155,,COMPLETE
84,0.4778324723243713,2026-04-26 22:47:08.693894,2026-04-26 22:47:22.714749,0 days 00:00:14.020855,0.013717871664966963,0.025062720780799415,3.273823260773412,0.010031374560386956,0.07397550386651904,0.010739663982065228,0.06072962434711006,0.04001472294999113,0.12627544468007065,0.010399041029554735,0.012349479646313664,0.01980090100745106,0.01747106959050755,0.3096631982034953,0.16978033124072187,0.053969109357442216,0.857302442420731,0.06421222781728367,0.012025220525396035,0.07233467500010528,0.017716460700473266,0.06360514916458992,,COMPLETE
85,0.4760897159576416,2026-04-26 22:47:22.715422,2026-04-26 22:47:36.879513,0 days 00:00:14.164091,0.013554486269527854,0.048959255849145886,3.310648169826223,0.01149955724228133,0.10091093782934829,0.011262957783674445,0.06386166358586079,0.04631476852784823,0.26560050641528155,0.010498355962841608,0.01247278511345033,0.019463979281437872,0.01603021790802725,0.1687009338949801,0.17783316754168518,0.050938312578904764,0.8349526558922737,0.061704512558561166,0.011714536563742835,0.08268671971846836,0.011991373879677929,0.05901334592642369,,COMPLETE
86,0.4521858811378479,2026-04-26 22:47:36.880248,2026-04-26 22:47:50.903013,0 days 00:00:14.022765,0.014031521554198399,0.033266038649797276,3.088030959061501,0.010322595261193408,0.0792590445876144,0.012328393203255923,0.06263380758456755,0.039183773336627016,0.24309884594639886,0.010040762665582032,0.012809330863826778,0.019115541013814717,0.014284844185575902,0.1695552919227318,0.16155247866151526,0.05054121474772635,0.8773994418959569,0.17130991906998402,0.011848797591404494,0.07793540392308307,0.01856221968430908,0.08466471518108405,,COMPLETE
87,0.39146974086761477,2026-04-26 22:47:50.904139,2026-04-26 22:48:05.399594,0 days 00:00:14.495455,0.026867862017183546,0.04756753816214726,3.3232030932431065,0.010071212751671116,0.11516876558714874,0.018688240870953984,0.10522632109302653,0.05083519923096792,0.16622781745555568,0.012260313446639826,0.011903494412422465,0.026417302383435145,0.016234999050538226,0.15820597664512023,0.16060325467343778,0.051780821780549616,0.9192441370976737,0.08246708583004514,0.011900530003700081,0.13281126674233043,0.018504821224725406,0.0867966685297682,,COMPLETE
88,0.4186479330062866,2026-04-26 22:48:05.401408,2026-04-26 22:48:19.459298,0 days 00:00:14.057890,0.015005475720567877,0.032234072184036774,3.974959859534412,0.017702001567008872,0.07517576957500952,0.012728645392864002,0.07993857881256954,0.03692961413339302,0.2404373863338805,0.011672008817477259,0.01240854330892119,0.018448902200810857,0.012978678216918211,0.1455948650398537,0.13363088635490214,0.07546936025610644,0.6072726661857166,0.15457162918589912,0.012103506695400097,0.07740950324254976,0.023996274628800225,0.11861465457880037,,COMPLETE
89,0.42101861238479615,2026-04-26 22:48:19.459909,2026-04-26 22:48:33.670193,0 days 00:00:14.210284,0.01708159254627304,0.07367225494722883,2.5924944273170767,0.010255898744656853,0.11247489416642326,0.01595895593944619,0.1562391114107902,0.08821481009022693,0.24088338313038182,0.010139224701719041,0.010085300639915074,0.01113876489709457,0.010018390440570978,0.2300581289112245,0.16534553126810775,0.047637576452834285,0.8123676414648187,0.16485576598391422,0.012739729912875098,0.15038555975399157,0.011903205868932712,0.05397218381551672,,COMPLETE
90,0.3864152550697327,2026-04-26 22:48:33.671143,2026-04-26 22:48:47.979998,0 days 00:00:14.308855,0.013707204704542834,0.023357971450013046,2.978346735778316,0.01135498156045246,0.06851434120645764,0.02217421897347901,0.06784214690293393,0.04960987419286001,0.12814372921367154,0.012497989965212777,0.023926132047259827,0.033796476390907576,0.02080713556915734,0.19708242952047092,0.10674881872729307,0.06068434914297572,0.49485341099048263,0.11349996550707148,0.020601768849003645,0.06854618191667528,0.017610248189294773,0.06410940447297604,,COMPLETE
91,0.4501193642616272,2026-04-26 22:48:47.980714,2026-04-26 22:49:02.006384,0 days 00:00:14.025670,0.012541299880255938,0.02477202979905344,3.190196023051381,0.011764649796182402,0.0980260977410635,0.010160800806025234,0.11452910525500055,0.03688208426550103,0.17987309561061854,0.01012819102333797,0.01296029262680406,0.019824152243414883,0.029005401890036652,0.3016973702991115,0.2201324473015603,0.09469729303598945,1.0284386407169441,0.06395010600928099,0.010149561034995447,0.08199266393405162,0.010255626522403487,0.04040269102076662,,COMPLETE
92,0.445433521270752,2026-04-26 22:49:02.007374,2026-04-26 22:49:16.011348,0 days 00:00:14.003974,0.019866659934726194,0.03289838317361171,3.2670841927450316,0.01678392175362327,0.0870725340252281,0.012345279251827736,0.0607200038690786,0.03655075831335749,0.18354044663856572,0.014513840956455078,0.012440705689622404,0.020908847771222896,0.01703068611226258,0.12159726724779747,0.1987616116241096,0.10057415365355779,0.7639955313654794,0.06880490029565997,0.010140103779095152,0.030852853239589015,0.010111165867636945,0.08161801687980409,,COMPLETE
93,0.44315128326416015,2026-04-26 22:49:16.013245,2026-04-26 22:49:30.019768,0 days 00:00:14.006523,0.019762592883820967,0.033233550103663384,3.2887066597632586,0.017104942751421402,0.08785820082398768,0.012272648019577793,0.06109516314845048,0.040042298724566563,0.17582682836058927,0.013808254307989761,0.012304786147099109,0.0204334763496447,0.01776456036471178,0.12053755000393991,0.1960815464395702,0.12954242404287042,1.0321163581366006,0.07004878077467308,0.010142337741393576,0.030424231877173132,0.011634762896677368,0.08648367282668552,,COMPLETE
94,0.4371262311935425,2026-04-26 22:49:30.020423,2026-04-26 22:49:44.093524,0 days 00:00:14.073101,0.02087255117898125,0.03476055538927468,3.341765273710394,0.017077169995210556,0.09020105017570325,0.011974763943914378,0.12166176460588084,0.04154498955168839,0.16914429231412492,0.013922288078131721,0.011999733506645573,0.020370892507191346,0.016400254846997097,0.09606720439288181,0.20040717501466665,0.1285986573230811,1.013520611303001,0.06619210623044292,0.010765659641012759,0.028680928653256013,0.011630550931998884,0.08521984397236346,,COMPLETE
95,0.43089401721954346,2026-04-26 22:49:44.094168,2026-04-26 22:49:58.071395,0 days 00:00:13.977227,0.039645045967628564,0.032767654353071475,3.0791071584892804,0.01746092707492987,0.08717795310816141,0.012574706345658037,0.11598436232134848,0.04178705475362524,0.2937506736867063,0.010025323102249436,0.02091984535233586,0.026166785987167283,0.015189201054782676,0.08427633966731346,0.19602252100112189,0.12661209529135978,1.085850536334949,0.07859647727219872,0.013222724671126526,0.02756158045306478,0.011741858231463733,0.08210096600769091,,COMPLETE
96,0.4146296143531799,2026-04-26 22:49:58.072071,2026-04-26 22:50:12.157391,0 days 00:00:14.085320,0.024077952159887752,0.04627682641688191,3.95299982246393,0.011523798669242365,0.14301660352971812,0.014471023368227611,0.093585053945103,0.0571468662439175,0.1794375781547164,0.01399125754751637,0.01620325332705368,0.019215593456378362,0.026576073252216184,0.10342742776323312,0.08268673507408907,0.09418370610749828,0.7697678055608278,0.08930475783547528,0.01023849045620001,0.03147112596154488,0.020073663631596815,0.10853391690931125,,COMPLETE
97,0.41478451490402224,2026-04-26 22:50:12.158006,2026-04-26 22:50:26.207542,0 days 00:00:14.049536,0.021168864701923782,0.025140896876698723,3.1817688948910843,0.01679287502594693,0.1039175806352757,0.011935382694802633,0.15713836316027832,0.037904532647744446,0.1955821029497735,0.01234701913164475,0.012206466897783852,0.055729167922733566,0.03162885685766305,0.067099642537024,0.1433311556091312,0.14329171615105452,0.9645571189881602,0.07033715752167846,0.015177686435602225,0.10584760424881161,0.01613689364864064,0.1726098383354616,,COMPLETE
98,0.3700703501701355,2026-04-26 22:50:26.208554,2026-04-26 22:50:40.312398,0 days 00:00:14.103844,0.06305407984938302,0.07962380693747889,2.755664199097586,0.024462875436407717,0.13197507466891736,0.018212071336750613,0.08130631970735816,0.08402001044293965,0.2586361380456721,0.010977046654966719,0.010361484759879046,0.020458175601339192,0.022163945300889398,0.13854938577198922,0.18085854004589952,0.18127515318069817,0.6455234048369735,0.11319610888887364,0.010026443498264809,0.08851331402734627,0.01152985889869344,0.062050092550261914,,COMPLETE
99,0.4002273201942444,2026-04-26 22:50:40.313053,2026-04-26 22:50:54.375008,0 days 00:00:14.061955,0.034332902602144236,0.03425366813026507,3.432794236709616,0.015240765458664284,0.17904872761111693,0.01354390446423656,0.060496728886734054,0.04693537999707107,0.3521230780290318,0.02172936314542816,0.022133783510828915,0.02597739612100662,0.014350001891093846,0.09841228107524548,0.12328634950244265,0.09883900012753576,1.036891639892959,0.09304809936313811,0.01249486400588315,0.02588878446547979,0.01687192159098626,0.12998244896793437,,COMPLETE
100,0.41887153387069703,2026-04-26 22:50:54.375635,2026-04-26 22:51:08.294573,0 days 00:00:13.918938,0.020123819618538645,0.04593631764454531,3.5529071401982093,0.011832175450016726,0.04911368096007866,0.01166075125244763,0.11971748785386102,0.07277587066932142,0.46089237416482054,0.014398214072123309,0.015845810833649793,0.01670353906359,0.017219431673786995,0.12458138347820286,0.292624652584236,0.07850662547975712,0.5202752472953865,0.06771588420938322,0.02355061448909024,0.09225599492430997,0.03109225541919447,0.07500573203324017,,COMPLETE
101,0.4659703612327576,2026-04-26 22:51:08.295182,2026-04-26 22:51:22.220547,0 days 00:00:13.925365,0.014569084255259636,0.02482630409821108,2.6392463610593637,0.010926338906871832,0.08758365379949629,0.010912605748735192,0.07292170707883323,0.02515424363632129,0.1491666677421149,0.011936858490473051,0.012480357052371242,0.031221913069920965,0.019278706120736604,0.07115585684408424,0.23805319228094643,0.06640640604764904,0.857981863239523,0.06301791672422558,0.011503088936759415,0.06654528356609196,0.012379088079393608,0.047046248189858766,,COMPLETE
102,0.44210190773010255,2026-04-26 22:51:22.221320,2026-04-26 22:51:36.127145,0 days 00:00:13.905825,0.014916830870876696,0.024497350231981945,2.6023830554319898,0.014158724307019532,0.06764294611197932,0.010069308105077154,0.10597801502339116,0.054293577761314535,0.1472432676489987,0.011289498813111174,0.012731398561797072,0.01733883332312237,0.011251496899581876,0.07020294338383887,0.2126205049500735,0.06246531854734697,0.7076485561554211,0.07720388521268859,0.014398591996618483,0.06573121112921021,0.011925143151822692,0.09708253491826445,,COMPLETE
103,0.4549385666847229,2026-04-26 22:51:36.127837,2026-04-26 22:51:49.933856,0 days 00:00:13.806019,0.014827520396424982,0.024350155700333696,2.6743150918050045,0.014120128416605319,0.07430815071116462,0.010292821519344113,0.10149890989321443,0.052874689033975186,0.14342357134372685,0.011332088752413863,0.010081772463104882,0.033611238744435445,0.010358464462509282,0.0673650477513122,0.21922969167519607,0.06540464359040045,0.3800643093626194,0.07882728527766157,0.014812429437894412,0.06801537655598082,0.010066213309804282,0.05840725521708783,,COMPLETE
104,0.4139301896095276,2026-04-26 22:51:49.934444,2026-04-26 22:52:03.891440,0 days 00:00:13.956996,0.01544669497158789,0.02420271051326693,2.008427559629009,0.014448255040139324,0.06798660272347648,0.016703141580911945,0.10426840542507868,0.05374356205354587,0.12211212599279941,0.011388298835638067,0.01768933402302997,0.030235578195526504,0.010065675679664732,0.05311986335141372,0.22492560867573688,0.06943238937671538,0.7105753266214289,0.07871776740042612,0.015026906112202698,0.06948262051976377,0.010834585092796408,0.057990407835145114,,COMPLETE
105,0.4329959511756897,2026-04-26 22:52:03.892035,2026-04-26 22:52:17.747820,0 days 00:00:13.855785,0.01865044449705881,0.028015976480641323,2.6603842809880742,0.014243637358052313,0.07925083636062902,0.014078333653380718,0.14684220431557735,0.026345744944100875,0.15215691256368308,0.011267615864727703,0.011111899900239927,0.03491423509741548,0.012370471112127789,0.06915202831323254,0.17153560036119575,0.0558688018061507,0.8686168980609674,0.059650561511657874,0.0134873690806882,0.22135938075303077,0.01012962987667232,0.10082119862816559,,COMPLETE
106,0.39362183809280393,2026-04-26 22:52:17.748473,2026-04-26 22:52:31.810938,0 days 00:00:14.062465,0.027093176964712026,0.05676088610262339,2.886941978447036,0.011071423254184884,0.0672392727658273,0.020108757333676754,0.07827507797965333,0.11962042534360247,0.19968306165074298,0.015276035501359682,0.015526125446925375,0.047956449965710114,0.01951818112691733,0.11581274493318838,0.1399619230241953,0.04645184764458811,0.45079045411774016,0.1250917178213743,0.011862861675506953,0.05225822416953042,0.012726444996729234,0.06699138830981499,,COMPLETE
107,0.4248965859413147,2026-04-26 22:52:31.811666,2026-04-26 22:52:45.759417,0 days 00:00:13.947751,0.014255516892875532,0.04140696622899564,3.967072520781715,0.010022478349339154,0.05040586407423563,0.013086568184267644,0.05887899014390327,0.03497232181223704,0.10089719716677938,0.013258158894191949,0.020446748362193345,0.024815311903170455,0.024050790246750945,0.08128757775903674,0.24062939420834475,0.07834333065205844,0.5831727635386725,0.15166986950327455,0.014114527689886238,0.11061764380441072,0.01888641209989829,0.07375560558931644,,COMPLETE
108,0.4061582565307617,2026-04-26 22:52:45.760199,2026-04-26 22:52:59.674980,0 days 00:00:13.914781,0.016915875376510858,0.029555535283951592,0.020620221247543116,0.022383552446177346,0.09297527037659745,0.010127996263409933,0.07113718132339698,0.15559686187188723,0.28881247831653356,0.011370882734294667,0.027533763891061776,0.01705039208913194,0.038552753659363344,0.059818399563303405,0.3240563644228217,0.10393670576218166,0.34892090373609497,0.07929142474175675,0.015229653721549821,0.14017853332989885,0.023386310844936174,0.14447446304730208,,COMPLETE
109,0.37687541246414186,2026-04-26 22:52:59.675645,2026-04-26 22:53:13.769872,0 days 00:00:14.094227,0.013976339134051823,0.022537901951596738,2.0583981865959187,0.0186398093163655,0.12283597158243714,0.015533962098265021,0.08606155845906449,0.06508891834592706,0.13790756807747667,0.021114307287059177,0.013015931043489987,0.033167123950170165,0.011100921927788873,0.17215607119001658,0.1582069172687724,0.08386980088503251,1.1417248252148373,0.055996557722587936,0.02075336816444303,0.16926579313833592,0.015986066212889904,0.05818630705483423,,COMPLETE
110,0.4326871752738953,2026-04-26 22:53:13.770496,2026-04-26 22:53:27.903949,0 days 00:00:14.133453,0.0238437181279636,0.10036890737828251,2.6623783151860096,0.014513779532491127,0.10299765362594251,0.011534242026350682,0.04581366875193877,0.0396291024014754,0.2267679351137401,0.014909783854010525,0.010192033296142954,0.028724968889503245,0.01398669306078697,0.2656146602075043,0.2727242741826623,0.06598271179761823,0.8232131767742704,0.23454237329295716,0.0113835180845941,0.08736983187939999,0.014762506020414222,0.04681369784572313,,COMPLETE
111,0.43454005718231203,2026-04-26 22:53:27.904611,2026-04-26 22:53:41.854286,0 days 00:00:13.949675,0.016361636722782784,0.026187589753094428,3.131715186033134,0.011519215348212002,0.1618716525341355,0.010223122853378501,0.20728580265756755,0.03236919512646137,0.19149247818328,0.0111191445294831,0.012859584050010704,0.021288381638071837,0.027131394580505525,0.21463478981274497,0.20202336692823974,0.03637772565717631,0.19781618591239034,0.09939259736894207,0.016934006341845914,0.06864116377755136,0.01218815189900107,0.034089760780871954,,COMPLETE
112,0.45374670028686526,2026-04-26 22:53:41.855234,2026-04-26 22:53:55.885334,0 days 00:00:14.030100,0.011416394728966696,0.02023104408877802,2.4450701734569513,0.011893364854197251,0.08132180474532959,0.014348460044958277,0.10355322870277835,0.04448589086153448,0.43589924931799967,0.010067591671644657,0.015411447120711541,0.01687770359735421,0.018199663758076023,0.17631493054576397,0.128443545953856,0.11448624688000489,0.7650734241395989,0.04457496696094229,0.012944922089902626,0.06128183328786417,0.013191184534829923,0.039323166050094116,,COMPLETE
113,0.44669843912124635,2026-04-26 22:53:55.886131,2026-04-26 22:54:09.822518,0 days 00:00:13.936387,0.011681810933575556,0.02028043571854478,3.5260863162099185,0.013831856208644572,0.07581283820117582,0.014224109651963291,0.11030450173166406,0.047312409646863285,0.40349520624194257,0.013253352554972477,0.014915079831537356,0.01719461244062236,0.018364617690445822,0.045097785666119175,0.11577467227085232,0.11413614056680832,0.7221015061916529,0.04381514979532357,0.012307856780626503,0.03744803289887407,0.011458783480945912,0.04948970700897992,,COMPLETE
114,0.4439717173576355,2026-04-26 22:54:09.823183,2026-04-26 22:54:23.824208,0 days 00:00:14.001025,0.011915330622183659,0.03144712378825768,0.07791902659925569,0.016966490845885345,0.07880449965715634,0.013860781501170483,0.09388691497097454,0.0473451589543877,0.40747958451769795,0.013154795008521155,0.015711379055645104,0.02257987144987037,0.018232927999071665,0.04749723517166081,0.1021636898465751,0.11608984600043884,0.38601913279828004,0.04521024245958873,0.012551027154044728,0.037132672406310276,0.010207816415330808,0.05052281344571561,,COMPLETE
115,0.39364352226257326,2026-04-26 22:54:23.824824,2026-04-26 22:54:37.826635,0 days 00:00:14.001811,0.01181834551649517,0.020756636965159517,0.11146359063636616,0.016116864635583924,0.0777409021658579,0.01902592299066367,0.09459917210157706,0.04882112541558385,0.42568842489308084,0.016474084385693585,0.015301439787520155,0.02407582877969083,0.023286747967367932,0.03277179489946362,0.07852558124436089,0.11200171830143002,0.2726758358006186,0.043569693123736646,0.012051903717680125,0.036203037135878774,0.010387747372411587,0.048525306781440514,,COMPLETE
