number,value,datetime_start,datetime_complete,duration,params_BOUGUER,params_CRUST_RHO,params_CTD,params_DEM,params_EMAG2_LOG,params_FREE_AIR,params_GEOID,params_K,params_LAB,params_LITH_RHO,params_MAG_SEIS_MOHO,params_MOHO,params_MOHO_GRAV,params_REVEAL_P150,params_REVEAL_S100,params_REVEAL_S70,params_REVEAL_S80,params_REVEAL_S90,params_REVEAL_VP50VS80,params_REVEAL_VP60VS70,params_REVEAL_VP90VS60,params_SEDIMENT,params_SI,system_attrs_fixed_params,state
194,0.4302625894546509,2026-05-03 21:33:17.292996,2026-05-03 21:33:41.188927,0 days 00:00:23.895931,0.2963210211714703,1.5972929622347027,0.6940104950563339,0.3253585276072439,2.091403789201108,0.8982751473112136,0.45942769118056237,12.787606024183853,1.3185654893479066,0.815759893417385,1.0455548435897128,0.3731534119279489,0.34955649771080877,0.6092613916396921,2.6031598182953557,0.7363515928817003,0.45664445281052496,0.7964220240132343,1.359571404790984,0.6287427767147288,0.6991635061737753,0.2658322050301614,1.0825780528282531,,COMPLETE
195,0.4301670670509338,2026-05-03 21:33:41.189642,2026-05-03 21:34:05.091740,0 days 00:00:23.902098,0.3021326610523741,1.7762028185714742,0.7014844320739952,0.33039298022612923,2.074347430216847,0.8761383682886753,0.46256162572818504,12.633465776869375,1.3369199561379246,0.8192675006783549,1.045661720010121,0.3817923760801467,0.36148389583744006,0.6071580434338302,2.5728443710765543,0.7243051397237195,0.44795730573489173,0.7560838086901448,1.3414232051012847,0.6330905916375004,0.6690800341317574,0.2617275772057172,1.0426339744040785,,COMPLETE
196,0.4299620270729065,2026-05-03 21:34:05.093492,2026-05-03 21:34:29.023237,0 days 00:00:23.929745,0.29595792515791275,1.6822838461053062,0.6535639162839065,0.2937418517059077,2.072223810824969,0.8726363393286718,0.46822602653060863,12.307657592022297,1.3941327260447098,0.9024108028502541,1.0485661079981683,0.3752708624044886,0.3669207511329227,0.6055802283088955,2.8440214872147447,0.7153089549738367,0.4798185095906,0.7768015627143066,1.3023391816294427,0.6352437951228932,0.8553752641593182,0.26394914448166645,1.0602961286898613,,COMPLETE
197,0.4288866877555847,2026-05-03 21:34:29.024018,2026-05-03 21:34:54.560768,0 days 00:00:25.536750,0.29718305230689546,1.7868445057230098,0.6944285150649931,0.33065357406315127,2.052362437058097,0.8842548365448888,0.4719156173436157,12.510793564557328,1.328216992317092,0.9066612792000001,1.0346968989199716,0.377092452027692,0.36857971923835914,0.8261472877435538,2.8427890116328265,0.6282682002953928,0.48970334687835454,0.7615116632466591,1.3578687672497516,0.6278006958904799,0.8731691278731194,0.2638426234667406,1.0264346694290356,,COMPLETE
198,0.4286902666091919,2026-05-03 21:34:54.562218,2026-05-03 21:35:23.239226,0 days 00:00:28.677008,0.2975262776419809,1.7001731332365242,0.6511226273626322,0.2906590270289739,1.7221583835316825,0.9017753776102354,0.5041198820644699,11.82999541507351,1.3725081721430576,0.9578861160295902,1.0278451216408118,0.37536658667039846,0.3643758423750188,0.6785295458760865,2.334206744421834,0.7241565393593029,0.5504614587984202,0.7467853757147397,1.2796422388617983,0.6282709769322016,0.768489789709948,0.26670285449318104,1.1037685602815628,,COMPLETE
199,0.42853384017944335,2026-05-03 21:35:23.240894,2026-05-03 21:35:48.016849,0 days 00:00:24.775955,0.3445185088292938,1.8758074296445937,0.732406395696109,0.3208092905195967,2.0334114792111646,0.8166846765297772,0.5614098667176055,12.178210395374023,1.484813782418221,0.8260632850310419,1.0616747545980123,0.3529543072108816,0.34499964321610466,0.610404850044242,2.5113084971445696,0.6641065219162291,0.44975685242998364,0.8074007695549446,1.1618816537302799,0.651227421109317,0.6334740400686845,0.2500617041539562,1.0740803544591644,,COMPLETE
