number,value,datetime_start,datetime_complete,duration,params_BOUGUER,params_CRUST_RHO,params_CTD,params_DEM,params_EMAG2_LOG,params_FREE_AIR,params_GEOID,params_K,params_LAB,params_LITH_RHO,params_MAG_SEIS_MOHO,params_MOHO,params_MOHO_GRAV,params_REVEAL_P150,params_REVEAL_S100,params_REVEAL_S70,params_REVEAL_S80,params_REVEAL_S90,params_REVEAL_VP50VS80,params_REVEAL_VP60VS70,params_REVEAL_VP90VS60,params_SEDIMENT,params_SI,system_attrs_fixed_params,state
38,0.3971336841583252,2026-05-03 20:26:39.569379,2026-05-03 20:27:06.216084,0 days 00:00:26.646705,0.6198588171527822,0.9114822363718991,3.2905848717288735,0.5269419047768727,3.9690687055964897,1.9389225426908563,0.5619809671665157,5.402148175126382,2.1623210879253154,0.6304769443760895,0.47289411249243174,0.8773490862347211,1.8446070455735815,2.3630227444580765,2.096629393797061,0.2952210129868856,1.1468593067189496,0.8010032333650785,0.3846900423077626,0.5911712887944539,0.9020303479146434,1.0304062615012022,1.6962798002972008,,COMPLETE
39,0.4014071345329285,2026-05-03 20:27:06.217938,2026-05-03 20:27:31.705583,0 days 00:00:25.487645,0.48822343439914195,1.5513189187638519,1.049785147836852,1.0927737327788152,2.4187830191737563,0.2974189021191929,0.3744584908241181,15.461996443993291,2.3904659415426623,1.1799357126582568,0.8409952543054371,1.0861251024424898,0.5219697625821753,0.29438022404650466,0.7719184930243524,0.35244355329498794,0.5622995176635056,0.42479689177390345,0.7823761139456106,0.35128791057752295,1.6529991344808748,2.3434564566966785,1.2617942770229036,,COMPLETE
40,0.4181803584098816,2026-05-03 20:27:31.707436,2026-05-03 20:27:57.310225,0 days 00:00:25.602789,3.8618107942194744,1.2269739046051336,1.9623881020978147,0.2978055675532735,1.263398236943276,1.0643204643677828,1.8173877179120121,17.474515370992478,1.9473735025233483,0.8148604522643259,0.39836419640006615,0.5402431925486035,0.3227155133328086,0.5945616183856788,0.4714746753446967,0.6445049052392308,0.4492690762909808,0.3412962591235442,0.6270430523278645,1.0559720824867511,2.813177964387526,3.9374182408761165,1.002949239683917,,COMPLETE
41,0.41390061378479004,2026-05-03 20:27:57.312883,2026-05-03 20:28:22.441029,0 days 00:00:25.128146,3.8764688002111725,1.1565574537571701,1.8957286687862214,0.2882563702611358,0.8845841755450644,1.0695126133046808,2.265016993984302,17.23393306030771,3.413232938074256,0.7739043062621674,0.4068924420345392,0.536389601146107,0.30685938551512704,0.5770047791627392,0.464354885882233,0.7011709898370331,0.3021911919063094,0.35919218499506456,0.6259536213023018,1.023092138439997,2.586324027501302,3.3703159385102417,0.5221912985899873,,COMPLETE
42,0.41875323057174685,2026-05-03 20:28:22.443043,2026-05-03 20:28:48.669286,0 days 00:00:26.226243,1.7946600175023628,1.8201082927769379,2.326259705404283,0.4209937094721836,1.257939334178365,0.9606813816791849,1.8267374658413587,19.958343369007896,2.596908624865406,0.8671627682144275,0.6034235085046393,0.647881891519833,0.3852450867635871,0.4742322967613738,0.6237523608501705,0.8833650281173665,0.48441182756234463,0.5158877406791911,0.4870052518107619,1.1021723783805795,2.7984574541711646,1.146675236578677,0.9043436577430706,,COMPLETE
43,0.41425031423568726,2026-05-03 20:28:48.671077,2026-05-03 20:29:14.734491,0 days 00:00:26.063414,1.9411328079190262,1.9076081928014714,2.1868460598502746,0.43032978728398863,1.249187931181777,0.8990363549234317,1.8257741393164093,19.504964591701096,1.9304994763264713,1.0211095640791852,0.31209801442120355,0.6529968367343469,0.3957610243734308,0.9096059047943493,0.6324025045532499,0.8883263426423803,0.47141727283199536,0.5141170418609882,0.5164649864005075,1.3897613390358683,3.1911734843666877,1.1455622598416535,0.8008089538985748,,COMPLETE
44,0.416357958316803,2026-05-03 20:29:14.735680,2026-05-03 20:29:40.924469,0 days 00:00:26.188789,3.198959386478504,0.8995258611689106,2.5823288399772735,0.6543169047448933,0.840161710068326,0.7538144947980026,1.152477768791365,15.831351027228152,2.707372983823423,0.8826160015946783,0.5300630165418095,0.5484430164410113,0.29279049610355895,0.4591302293019868,0.8960596593877949,1.135642787946419,0.4046978288299605,0.6054710911830183,0.8400493690527678,1.1135903311829358,2.807376198344056,1.4737258156210864,1.0306064866076141,,COMPLETE
45,0.4049966812133789,2026-05-03 20:29:40.926311,2026-05-03 20:30:06.699240,0 days 00:00:25.772929,3.7946469999062584,1.2482246012954934,3.204837739723637,0.4789978112991789,1.1443984082837488,0.3751816003782501,1.247823702418195,12.716383116270698,1.5796506943950264,0.6256069117913724,0.4097403677765808,0.8229008089639129,0.37223731941703503,0.6261693249317901,0.47508787558414456,0.8801675121097802,0.5240658075151413,0.36060220789959735,1.1206999986033919,1.53005998534572,2.3344880518957085,0.759582929048982,0.6913348660563977,,COMPLETE
46,0.4131642818450928,2026-05-03 20:30:06.701111,2026-05-03 20:30:31.813219,0 days 00:00:25.112108,2.249520644844118,1.4643860225811485,1.9106313523434033,0.3688560492322162,1.6147291183741133,1.0608266612152248,0.9445979734010489,9.962992446254448,2.111741662831921,0.8174180891742718,0.30479637545149324,1.0232841651097295,0.31912272679784776,0.323667980890025,0.3625777815173506,0.5797232804526514,0.6182595521130985,0.2889698814386104,0.4697108059197274,2.860323183256111,3.977312983021046,3.910446815759585,0.4891573166472743,,COMPLETE
47,0.41266508102416993,2026-05-03 20:30:31.815067,2026-05-03 20:30:55.977434,0 days 00:00:24.162367,1.590591834861198,1.7621344940736379,3.694436309993573,0.27773943363860915,1.2757577072885813,0.5829723765625895,0.8098629893184769,8.72775586555944,1.0834528565739072,1.375788295085887,0.2518086869365926,0.33188591434885784,0.4254164791983768,0.279916214245576,0.7226029149198777,0.7926356967394889,0.25495728923531985,0.512276202014404,0.6360920131519544,2.214632120424154,3.4070912777885973,0.52576332225135,1.1550547527789645,,COMPLETE
48,0.41968172788619995,2026-05-03 20:30:55.979105,2026-05-03 20:31:21.397552,0 days 00:00:25.418447,0.3132647417095939,0.9469003356558067,2.2659609653216646,0.7979530768111833,0.9365446082846728,1.597814027748403,0.6641007311655716,14.350601363082935,2.6028430519289327,0.5555949845003,0.5961499159583364,0.6111280262827334,0.3543581626539335,0.6967654587445735,0.4329862439646499,0.6481781581522578,0.4344237458090389,0.8570106371031341,0.2925994838189196,1.070134163383234,3.0247071326438046,1.341188908718759,0.9421626470476117,,COMPLETE
49,0.40781407356262206,2026-05-03 20:31:21.399413,2026-05-03 20:31:46.215113,0 days 00:00:24.815700,0.28980446549114974,0.6770669943495197,1.3928010036608667,0.7868281663257463,0.834407964023991,1.5995377395192518,0.6444206043436215,3.793138073362266,2.468493754838347,0.5222903208367703,0.5224037772251703,0.633160964280537,0.34443296572545873,0.6996377355603405,0.2627315871593885,1.095357592539799,0.3352313382248895,0.8259306969596867,0.47523419243506043,0.2503006589790875,3.372597601327957,0.9532554263994545,0.6602103663401864,,COMPLETE
50,0.41579653024673463,2026-05-03 20:31:46.217053,2026-05-03 20:32:12.157021,0 days 00:00:25.939968,2.8812436277157123,1.0023802757501121,2.161093236463917,0.6120062458508614,0.6917176031523044,1.3933651913205616,0.46075428813301794,14.239882695376041,1.2533838689029426,0.6208331113044511,0.578176800298512,0.7227778493821335,0.49265088830524434,0.9993609046493456,0.4177236523992793,0.6890107083254954,0.42936270596130877,2.074211821144908,0.2963953880064056,1.0755370580496846,2.8558338957052585,0.33423530886013203,0.9264702507258757,,COMPLETE
51,0.42481533288955686,2026-05-03 20:32:12.158717,2026-05-03 20:32:38.126606,0 days 00:00:25.967889,0.3363065190309849,0.8231840879083606,2.687235397440514,0.5228193544830374,1.1834689621479815,0.9695724082662486,0.6880321297915929,16.317176461988904,3.6365330814285977,1.0990012524256394,0.6316407928869414,0.5052630408353337,0.3600511254842716,0.5442358869320159,0.49597195620032236,0.6297539915007857,0.46390097092370197,0.6685672974323342,0.4152853468089193,1.2471277024076397,2.1690069185102114,1.357662930160988,0.923645669691879,,COMPLETE
52,0.421427047252655,2026-05-03 20:32:38.127790,2026-05-03 20:33:04.637948,0 days 00:00:26.510158,0.30062302173434235,0.8489995761072183,2.603880671235403,0.9263481943607257,0.9628917027516489,0.9764538008125113,0.6850578147460874,16.770378427928502,3.5926257750675057,1.1056086674450507,0.4412497862196471,0.5815783151533088,0.36539974388352536,0.5647341197327614,0.4826148126710958,0.6464889788253538,0.462428838978563,1.0585053575179153,0.3955152830557899,1.22966844101075,2.4765929059673453,1.1750337471811168,0.7709094185579152,,COMPLETE
53,0.4211286067962646,2026-05-03 20:33:04.638914,2026-05-03 20:33:30.927276,0 days 00:00:26.288362,0.2997390890605353,0.7550533958553258,2.5825614195365136,1.0715696029439978,0.9538208042834101,0.675933977679988,0.7095179693456758,16.094057772611322,3.567440670736756,1.2803629759536481,0.6354229564077647,0.4989094390648999,0.40738927162298316,0.5287205969625112,0.3133367416382237,0.7825879100138994,0.3082509512715287,1.0742550528522705,0.3880170497781541,1.5241498764770336,2.512220134064853,1.2544066664526579,0.7681924196945908,,COMPLETE
54,0.4225088357925415,2026-05-03 20:33:30.927958,2026-05-03 20:33:57.657704,0 days 00:00:26.729746,0.2500208673815876,0.8242943110314326,2.598755963541128,1.0967834383919317,1.0101338067537045,0.7046731542090169,0.6742775126651142,19.937448221703825,3.504049207492762,1.7530600672819348,0.8529861118621215,0.5897181861060334,0.36689379146911083,0.5161362628493007,0.29000584553839104,1.0180356162517943,0.33193361247884434,1.1559859464838615,0.4127025431293679,1.2390193794477327,2.2091992266263913,1.2603628189865792,0.7777850818894966,,COMPLETE
55,0.42092370986938477,2026-05-03 20:33:57.658902,2026-05-03 20:34:25.306245,0 days 00:00:27.647343,0.26811790268499575,0.822756687877019,2.3907978671852494,1.0686040115711737,0.950444934213371,0.6975239967167101,0.6916694815171931,19.846443598716586,3.642240177728546,1.7625764174175855,1.10089735637441,0.5067370963025165,0.3671931846052814,0.5512895415173519,0.3010461559072457,1.0130036685573085,0.3166506203714453,1.1831682846735905,0.40527103413568455,1.5934427194965448,2.48773970976689,1.4449974506543368,0.5781576061386501,,COMPLETE
56,0.4212543487548828,2026-05-03 20:34:25.307311,2026-05-03 20:34:51.623985,0 days 00:00:26.316674,0.25212740821024027,0.8353397842171237,2.6625307227866406,1.1553171804630162,0.9580920327305733,0.6835292108748571,0.669160055586016,15.217154294610673,3.722016955537649,1.7364493700809236,1.184142410210366,0.48888419359272967,0.4407450313478267,0.540737260411714,0.2935614926977647,1.291776039726299,0.3115193461613954,1.095565115171985,0.4091579280125934,1.5680689188057528,2.503829784823185,1.4153816616035622,0.5235055597355402,,COMPLETE
57,0.41889415979385375,2026-05-03 20:34:51.624914,2026-05-03 20:35:17.346628,0 days 00:00:25.721714,0.25695836895239926,0.8412248777720278,2.661348802464692,1.5071268321785232,0.7546499154879867,0.6486986178844742,0.5406156067205079,18.501676960105936,3.6348063948402767,1.730611760074976,1.1873180467412232,0.4917335381696897,0.43785124637972916,0.5264297083333459,0.2925728050196228,1.3003761856854679,0.31598740671638953,1.1497564433110223,0.4043674326350188,2.0092474992377243,2.46974389294662,1.5648666581129427,0.5411081853120987,,COMPLETE
58,0.4065417766571045,2026-05-03 20:35:17.347741,2026-05-03 20:35:42.782208,0 days 00:00:25.434467,0.2826048994902993,0.6919905669882453,3.5104452148252854,1.105387415907609,0.5547693180319967,0.5340946111847377,0.6946009223308346,15.846218032023975,3.9884065131808484,2.1760689514903957,1.082023440975174,0.49625742783577764,0.5043797455156884,0.5456430849614035,0.29405702467607947,1.5906088814275572,0.253103859781113,1.16395439161029,0.37793798805421663,1.6621490797567076,2.2776734580480973,1.7527806869097402,0.42507976002556425,,COMPLETE
59,0.41698466539382933,2026-05-03 20:35:42.783332,2026-05-03 20:36:07.770030,0 days 00:00:24.986698,0.25173105232313475,0.8005802386645081,3.0673407415627496,0.931995835940576,1.0361681342174838,0.7126045993367767,0.5919050674621881,18.693323508971773,3.6907731939165878,2.6277041746091454,0.9377903188126938,0.40870572343141554,0.2803707967576564,0.6275481674060094,0.252572661951599,2.277579015734531,0.27672380493742993,1.2745540528477968,0.4294165761741727,1.3063310209488312,2.1600778185468728,1.4419540891994767,0.5891447553927235,,COMPLETE
60,0.41318883895874026,2026-05-03 20:36:07.770753,2026-05-03 20:36:33.754117,0 days 00:00:25.983364,0.3069081419657669,0.5784471779327586,3.7293844807301246,1.537680753951097,0.5693318385641576,0.6489925312219885,0.48555917137637955,16.0298412475724,2.9571722527524322,1.718735512754218,0.8645529048390759,2.022014193588589,0.558566159198467,0.8067685085328289,0.32864473630640495,1.0356239739326643,0.32506646762707214,1.616653071745256,0.3696036859662263,1.5194359439351006,1.5210715845017904,0.9562773824901815,0.7439080373198996,,COMPLETE
61,0.409688663482666,2026-05-03 20:36:33.756420,2026-05-03 20:36:59.119702,0 days 00:00:25.363282,0.31823033351904634,0.6980955719667951,2.5531366869139913,1.2318987860627926,0.9364734246253075,0.37762634130901424,0.7331999775340392,14.797877866772154,3.594304189419374,1.859759101457455,1.5020733010507188,0.5717358975519281,0.3559470092592235,0.6883588483117273,0.37307823164457143,1.239095906647151,0.28386567321818024,1.0239217028727974,0.2844962029222395,1.4988085483058458,3.17296057632617,1.398436691143932,0.6108696500729589,,COMPLETE
62,0.42492495775222777,2026-05-03 20:36:59.121692,2026-05-03 20:37:24.314094,0 days 00:00:25.192402,0.28355252045606255,0.8277618748898717,2.123860480388188,0.8695671498022091,0.9806031131611691,0.7856395429075506,0.40615432996778317,14.177937897260742,3.236519634561222,1.0991549010216417,1.2555245846683978,0.49273071463085233,0.4163584023074249,0.4945779821334753,0.3045359158315431,0.8048489763136476,0.3689091773394746,1.457030412387302,0.30259584367501635,1.253984567329853,1.8361673799115348,1.2148843605944046,0.8002653669276827,,COMPLETE
63,0.41652941703796387,2026-05-03 20:37:24.315829,2026-05-03 20:37:49.287296,0 days 00:00:24.971467,0.3960669714032118,0.6227574387586294,2.700498981707581,1.0393745885086698,1.1535999995561672,0.78744973827792,0.3888068288568637,2.1049215222853936,3.619261641405197,1.1627856276531456,1.1610406856758255,0.40982499813291784,0.40959518519063687,0.5089349219313462,0.3013580047032593,0.7750039734521821,0.35405252357380423,1.4140409668193534,0.40373308906217964,1.2583285411395397,1.8151096275032623,1.6322870385259407,0.3689247556816557,,COMPLETE
64,0.41920191049575806,2026-05-03 20:37:49.288272,2026-05-03 20:38:14.230920,0 days 00:00:24.942648,0.27676363181104935,0.8244315803532382,3.082306235880684,0.8951385870505681,0.7499168988723599,0.5184931045030206,0.3494545684852525,19.914790860630504,2.988824531471763,1.0831258361685177,1.3323521165195906,0.49442011928901775,0.4829911088316128,0.5875651937154731,0.2798462860267699,0.9718409075089567,0.36862427113102225,1.5570367278685093,0.3030550069958267,1.9807940723244268,2.593333879178277,1.2438379322343758,0.8101532539306261,,COMPLETE
65,0.4187562704086304,2026-05-03 20:38:14.232608,2026-05-03 20:38:39.566633,0 days 00:00:25.334025,0.3499793605939728,0.7521159029293796,2.0735511471138155,1.2134388595001249,0.9930371664722336,0.698867500423322,0.8351181139057056,17.952236270890698,3.338537552328897,1.325015300981439,1.5985086211436998,0.3769531780893736,0.4540805596501637,0.4828763824731799,0.3547310262696523,1.4913480385850653,0.2983671807384143,1.922899840564826,0.43038713800842116,1.6366769089512918,2.1892731774634875,1.1357540627114593,0.4419721605789047,,COMPLETE
66,0.4118515133857727,2026-05-03 20:38:39.568590,2026-05-03 20:39:03.932475,0 days 00:00:24.363885,0.27732545153381694,0.4770916145188642,2.406243421135698,1.4298656680108386,0.7906876171126908,0.8094629646440876,0.3250880505572652,16.406824907785452,2.8520139847941057,1.6220724225528471,0.7760596987987832,0.2985271957165268,0.4185863887357071,0.8853343915155891,0.32012777704191525,0.8338064938945342,0.3329984357227957,1.036407114490856,0.26137763829260424,1.182128310080407,1.805822597894637,1.4920560013699578,0.7203423611848868,,COMPLETE
67,0.419870400428772,2026-05-03 20:39:03.934472,2026-05-03 20:39:28.343471,0 days 00:00:24.408999,0.3413368967048914,1.002223639859598,2.8589371532889074,1.6962282001694586,1.1198029007187722,0.6169066243120366,0.2591498125959812,12.505479318048573,3.878475768453271,2.021414646409066,1.256450494726731,0.6857015347066816,0.2511794032939289,0.5632137187851891,0.26636404881351383,0.96669339631701,0.27256190199567243,1.2708063749242267,2.0508863886622395,1.8567275377715913,2.534798388275904,1.226126439771448,0.6212701128905069,,COMPLETE
68,0.41798354387283326,2026-05-03 20:39:28.344523,2026-05-03 20:39:53.434797,0 days 00:00:25.090274,0.4716920403415,0.6393887946998613,2.058608097752979,0.9803799633329349,0.9256194043264574,0.7013589312641345,0.5055468788726992,13.700590603662626,3.2088648245374576,1.4888116185182685,0.8686657640166514,0.5143360421601674,0.38092199920941266,0.3892649364457504,0.25082235344376064,1.2366276985756843,0.38805529977288544,0.7133313863320866,0.32108818386742055,2.6917803057868404,1.454850164180355,0.9266529785823537,0.5690179242771908,,COMPLETE
69,0.4088276505470276,2026-05-03 20:39:53.435453,2026-05-03 20:40:19.548974,0 days 00:00:26.113521,0.40853935529972746,0.8381220701845733,3.9810087404652217,0.8654238002811185,1.0472698944873042,0.49142852524705094,0.6060881667114132,15.089574118491932,2.2409783822442755,3.541021667301011,1.8329013802812688,0.5757563375007873,2.5669465077314424,0.7708018269225986,0.3816913372333038,0.7205057449013931,0.31095312993790314,1.0957088324870166,0.37094690783565154,1.3883887284605272,1.967867102241892,2.1826399126200537,0.8403109221543819,,COMPLETE
70,0.42594534158706665,2026-05-03 20:40:19.550751,2026-05-03 20:40:45.140189,0 days 00:00:25.589438,0.2990155448835529,0.7485242468607791,0.8525769617615422,1.108488504905905,1.4190173443727214,0.9818516020257533,0.7195477423601532,18.211214681995664,3.9974604624741557,1.4066121950866584,1.0557321875505146,0.4365111977308257,0.5455191905303298,0.44630106614206194,0.31405966237616173,1.3854162398446561,0.3562224159161107,0.9256756660485949,0.5242464126559637,1.1841617182857205,3.500039585947443,1.8935450213687408,0.7475040622602502,,COMPLETE
71,0.42675665616989134,2026-05-03 20:40:45.142261,2026-05-03 20:41:10.913348,0 days 00:00:25.771087,0.30000791114589687,0.7483192431872089,0.8826603580457383,1.1553197738650707,1.4563478346925902,0.9401817021070398,0.7014338723758297,18.42585824788978,3.5873465141899445,1.105100036863732,1.408627942281601,0.4265869011253692,0.5686510966424413,0.44853803868889397,0.3014662840491841,1.428226422244456,0.5122480456562882,0.8958810907943874,0.533907838391388,1.2319900954033165,3.4389959919589503,1.6500981145598432,0.7201477419135821,,COMPLETE
72,0.42612807750701903,2026-05-03 20:41:10.915431,2026-05-03 20:41:36.686176,0 days 00:00:25.770745,0.2954591985158683,0.7585002535633794,0.8959267493714729,1.2179261871911289,1.4444873442111619,0.8832110160530079,0.7535335208514538,18.199400803521506,3.1934529089408485,1.1020868683815002,1.3701340116147678,0.44099487226320355,0.5561537535439555,0.4824928019536738,0.31979888675956786,1.413257615852241,0.3558770077452061,0.9010650794732856,0.5331516259454029,1.2583431920879153,3.6508953246710223,1.8201766079912334,0.7547172332100395,,COMPLETE
73,0.4235506892204285,2026-05-03 20:41:36.688074,2026-05-03 20:42:02.704223,0 days 00:00:26.016149,0.36545595306555845,0.5393173680355501,0.9002056535879609,1.1948348289403374,1.3837087450897454,0.9418140477495269,1.04220449738922,18.158143219647993,3.9762630717023475,1.3920685899088976,1.4343681005837154,0.4142182557793575,0.6118081882568658,0.44627870637230604,0.3491772921394388,1.6821404898637649,0.41727531344372926,0.960992490323475,0.5427998877834547,1.1974653190468678,3.607303648910167,1.8823521204611982,0.6571803060612952,,COMPLETE
74,0.4229709982872009,2026-05-03 20:42:02.705081,2026-05-03 20:42:28.830094,0 days 00:00:26.125013,0.350011596894315,0.4033192070688139,0.8402334778109353,2.277361062517762,1.381364066685239,0.9180211810172182,1.0388530804811762,17.453681039338033,3.142159423845158,1.0732758964480273,1.4410040644402264,0.41914915731734603,0.6133382527638,0.44017373192051756,0.34715919082904717,2.1657459928178255,0.5184469392469573,0.9353169998647813,0.5389350467366416,1.1993682085012227,3.6130512410176845,1.894980478723642,1.1060187139821505,,COMPLETE
75,0.4227344751358032,2026-05-03 20:42:28.831116,2026-05-03 20:42:54.873611,0 days 00:00:26.042495,0.3729812061177278,0.3997217515726549,0.8691012280009427,2.103041511407888,1.4603186613955503,0.9235247069284122,1.056135038996658,18.420940075092464,3.1047632257359363,0.9646471973422746,2.183810830279982,0.35205196542267764,0.5719916819083414,0.44756574114595093,0.3504875698966401,2.076819864255497,0.6720527020612819,0.9038627422031771,0.6825556616741182,0.9432685588617191,3.5754882981713414,2.510018597783188,1.0868014976003857,,COMPLETE
76,0.4232219457626343,2026-05-03 20:42:54.874242,2026-05-03 20:43:20.504519,0 days 00:00:25.630277,0.3694187686068094,0.3772366614935957,0.9016812415066573,2.3552550327787896,1.544408118124041,0.9425887430054625,1.0922401142675848,18.473227663957008,3.154586802513512,0.9423377682273225,2.281289048300457,0.29558068259047504,0.61546988354552,0.3422360789028093,0.3374523504370029,2.2051068695267233,0.5227046759951456,0.9261547023968622,0.683084973697396,0.9191318047322747,3.5948076749023463,2.433070653048929,1.082274513961518,,COMPLETE
