number,value,datetime_start,datetime_complete,duration,params_BOUGUER,params_CRUST_RHO,params_CTD,params_DEM,params_EMAG2_LOG,params_FREE_AIR,params_GEOID,params_LAB,params_LITH_RHO,params_MAG_SEIS_MOHO,params_MOHO,params_MOHO_GRAV,params_REVEAL_P150,params_REVEAL_S100,params_REVEAL_S70,params_REVEAL_S80,params_REVEAL_S90,params_REVEAL_VP50VS80,params_REVEAL_VP60VS70,params_REVEAL_VP90VS60,params_SEDIMENT,params_SI,system_attrs_fixed_params,state
0,0.39108623266220094,2026-04-26 22:24:54.584781,2026-04-26 22:25:21.099155,0 days 00:00:26.514374,1.0,1.0,1.0,1.0,1.0,1.0,1.0,1.0,1.0,1.0,1.0,1.0,1.0,1.0,1.0,1.0,1.0,1.0,1.0,1.0,1.0,1.0,"{'DEM': 1.0, 'REVEAL_VP90VS60': 1.0, 'LITH_RHO': 1.0, 'REVEAL_S100': 1.0, 'REVEAL_S80': 1.0, 'EMAG2_LOG': 1.0, 'MAG_SEIS_MOHO': 1.0, 'REVEAL_S90': 1.0, 'FREE_AIR': 1.0, 'LAB': 1.0, 'CTD': 1.0, 'BOUGUER': 1.0, 'MOHO_GRAV': 1.0, 'SEDIMENT': 1.0, 'CRUST_RHO': 1.0, 'REVEAL_P150': 1.0, 'SI': 1.0, 'REVEAL_VP60VS70': 1.0, 'GEOID': 1.0, 'REVEAL_VP50VS80': 1.0, 'REVEAL_S70': 1.0, 'MOHO': 1.0}",COMPLETE
1,0.2700037956237793,2026-04-26 22:25:21.099912,2026-04-26 22:25:35.590156,0 days 00:00:14.490244,3.340131933082064,0.029724836370793994,0.01131259108591809,0.09431393356179678,0.025462855193622375,0.3665534591187187,0.13302916082178512,0.6957405651599218,0.8029567436419554,0.014162406098880987,0.023065952526212654,1.465769534189786,0.030007480829512163,0.3611979611557053,0.3909110418963917,0.025466535217967063,1.794082022364606,0.057252663282768894,0.23197848933532902,2.977252440242358,0.03568774478750982,0.06189514263316593,,COMPLETE
2,0.28418020009994505,2026-04-26 22:25:35.591010,2026-04-26 22:25:50.461898,0 days 00:00:14.870888,2.944808736192367,0.06203307382221114,0.014766179636293827,0.05756757051853189,0.21780550804702253,0.38095015276877664,0.020775467644626962,0.02777883318580174,0.1537168439661694,0.347935103963624,2.3233050560402,3.2556107931756912,0.017953482393100698,1.1042691903147244,0.012287994122381098,0.03307982168695267,0.013208903291488992,0.19430323280754822,0.13973435481809945,0.08980396145212272,1.2691074590224087,0.6031361827702159,,COMPLETE
3,0.2410990357398987,2026-04-26 22:25:50.462553,2026-04-26 22:26:05.125009,0 days 00:00:14.662456,2.504794286595654,0.013112458267449344,0.3595602002937009,0.04713690209606068,0.03026930036596885,2.7837652406547986,1.433589184554884,2.1300728049858955,0.06472781098280617,3.3336297877093815,0.25830199795545344,0.016992716001270596,0.07023102997897039,0.22555278332923134,0.0538280252973281,0.2645897066087625,1.0397815515249116,0.0847800284875283,0.0508237211190678,0.5295692135241444,0.03235632323363436,0.10265063139897682,,COMPLETE
4,0.3423157572746277,2026-04-26 22:26:05.125646,2026-04-26 22:26:19.470358,0 days 00:00:14.344712,0.015583629913406043,1.7613549849047592,1.0159953297230413,0.023264476670468645,0.03289047341086718,0.6906932535689185,0.06444580566252933,0.7887155174270656,0.015630945442467785,0.0103363898288143,0.4559978430558952,0.08565433161418981,0.4186577340062866,3.6977624987436277,0.7915512627905748,1.0219442812213726,1.3239743075238677,0.07016919788878147,0.01463466010990014,1.2228260128549349,0.020021575262768883,0.07261335641779498,,COMPLETE
5,0.28342065811157224,2026-04-26 22:26:19.470988,2026-04-26 22:26:34.247919,0 days 00:00:14.776931,0.01908710073598462,0.06576171359879222,0.01164506971141083,2.0350766965371685,0.2887200470605762,0.2291828846718431,0.11690712628017709,0.1295649042783456,0.020473467459225295,1.0141515379300494,0.01586011541944675,0.012072038911921875,0.21053846305990154,0.7176384918804164,0.039386424062303534,0.9541317262551526,0.19270179726520856,0.9246755813239991,0.04453211640424349,0.1693290859658773,0.45287471028515647,2.299018210227776,,COMPLETE
6,0.27822266817092894,2026-04-26 22:26:34.248652,2026-04-26 22:26:49.609937,0 days 00:00:15.361285,2.146264884823076,0.03918329619089782,1.261849974117012,0.05674801345779978,1.851794269227867,2.1013193506441943,0.01042533119618593,0.25316337066614586,2.624998533959882,1.2336812308262843,0.03783884290384859,0.06721467751926079,0.12922903127033172,1.2670031885723938,0.12193502488280102,0.444789547854295,0.030582042379819332,0.2133020953503124,1.736491308842504,0.026272866636817185,0.019335780609989174,1.344384494019861,,COMPLETE
7,0.286649227142334,2026-04-26 22:26:49.610628,2026-04-26 22:27:04.363764,0 days 00:00:14.753136,0.06066014054905271,0.38558751697263194,0.1967299324945739,0.020506751877592867,0.6749902600138209,3.194078606344438,2.3086724656212416,0.04520147829844476,2.8412380097890186,0.08834582690069664,0.18775237750024287,0.05510259529748392,0.20323615727991176,0.06934152975857136,0.02382457431409603,0.22383310575009013,3.377810471694853,0.0420101673086063,0.053095145628575674,0.07559532351648754,0.012473319589497961,0.013612904539273102,,COMPLETE
8,0.25894415378570557,2026-04-26 22:27:04.364415,2026-04-26 22:27:19.121229,0 days 00:00:14.756814,1.4911014908486375,0.01276730885258838,0.01717668685904471,3.6704694361958627,0.7849872913799296,0.4451253351612588,0.21502891266850244,0.2478094534209653,0.5609666162225636,0.09057196188690161,0.02842574846701307,0.0683422028389987,0.34477747648713447,0.9589145969264992,0.4772855711904911,0.0415285861453365,0.44187324278782786,0.03884683087635712,0.011044918764950076,0.04264246853679334,0.03057259854611157,0.5795129128967267,,COMPLETE
9,0.20470266342163085,2026-04-26 22:27:19.121910,2026-04-26 22:27:33.763336,0 days 00:00:14.641426,0.2783978128306901,0.01746863567064313,1.3380156438818027,0.6278580181094373,0.01973626235861821,0.04690072860750064,0.07623876546557255,0.5215765785224081,2.7379633243924455,2.547465249153097,2.1594080460121554,0.23888153403935386,2.160773412383061,0.022794902908646685,0.7744265389525659,0.07717472781466836,1.9181812003222183,0.08103343755381391,0.44398466740717546,0.10146320388635473,0.04259064037211815,2.202631277875863,,COMPLETE
10,-0.022729575634002686,2026-04-26 22:27:33.764022,2026-04-26 22:27:51.902404,0 days 00:00:18.138382,0.40425330634506734,3.8152101605436495,3.767749563413172,0.4358130189105798,2.3003729353727658,0.0399758078245521,0.7597985881459819,3.8210893112878783,0.576608209557043,0.3807144711781948,0.8594458763713801,0.5204617935861248,2.7188680243821035,0.07989632941578506,3.1856792353355625,3.528231553906276,0.1333718629852768,2.7286394535044707,3.9412041208557844,0.010365852620253746,3.754438913185465,0.3102683787254113,,COMPLETE
11,0.346627414226532,2026-04-26 22:27:51.903235,2026-04-26 22:28:06.284963,0 days 00:00:14.381728,0.07327229434489747,1.726173658806996,0.3293002369352767,0.012376514401168897,0.07798019431556898,0.9635178911654122,0.4511736826403997,1.1321373467062696,0.011780159275102307,0.01600161557858829,0.4497609990757277,0.6177524520080502,0.8819102081953827,3.876495734690077,1.8823669263097023,1.3592869348756025,0.5447699047471887,0.012424892457752525,0.8328679799259715,0.8390954018229798,0.15870955452138527,0.030342890920780644,,COMPLETE
12,0.21320466995239257,2026-04-26 22:28:06.285769,2026-04-26 22:28:21.441804,0 days 00:00:15.156035,0.09129490358740315,0.6422715509661222,0.12834332594616313,0.2504310665028856,0.08216378598876549,1.1716294802125449,0.5099953210350212,1.3595499183393414,0.04841647912768642,0.04006195453644853,0.13184453811356006,0.6589706100785817,0.951369546566149,3.3273485950580617,3.6010886534551707,2.758666845094831,0.4746562661374115,0.017974226398184096,0.779122767966095,0.5185993471517181,0.16417012656292881,0.010059529752440568,,COMPLETE
13,0.15354530811309813,2026-04-26 22:28:21.442843,2026-04-26 22:28:37.538063,0 days 00:00:16.095220,0.5640128108426801,1.0520756939341924,0.060110150170232045,1.2041277470174763,0.09988526263357828,0.09571194293612262,3.7963192961843895,0.011214030274788553,0.20928346744636997,0.034069092337581895,0.8154974893942907,1.1661551105775323,0.9719966596217484,2.229512728806505,1.394298198491014,1.4108868017213394,0.5465576980818052,0.8341508252165843,1.0965083599526217,0.5694195328497248,0.16513112689843112,0.042812187307174454,,COMPLETE
14,0.1267095685005188,2026-04-26 22:28:37.538719,2026-04-26 22:28:54.620228,0 days 00:00:17.081509,0.10473463890994938,0.18779192061886177,0.5025014979353757,0.0124542277436694,0.6494991620480157,1.167401492674652,0.4234525421337364,1.7947307869261717,1.1492337967567101,0.587370503575914,1.100504451511396,0.3777861571414111,0.7736704466510675,0.43687607021466973,1.7547976375146823,0.5138183143400588,0.06751299221107136,0.010780152913579602,2.7156845241922123,3.437076408462978,0.3869320036089839,0.17027742583488165,,COMPLETE
15,0.19019986391067506,2026-04-26 22:28:54.620964,2026-04-26 22:29:14.773467,0 days 00:00:20.152503,0.7864754373603994,3.0977809413110187,3.9831033598568566,0.13588621954454594,3.9398195712628548,0.12936267050419786,0.868347752995728,3.8472611868088387,0.21533303730604075,0.14420568044479637,0.1166631019155511,3.876774645229277,1.6754175242110203,1.8186810584892976,0.2136945941347542,0.11264360639270778,0.3183667077678576,0.6638379210668481,0.41602289263924824,1.3125401802906784,1.2172068962744174,0.02424585836249016,,COMPLETE
16,0.28076701164245604,2026-04-26 22:29:14.774147,2026-04-26 22:29:29.570826,0 days 00:00:14.796679,0.05042499336263688,0.23394292151772078,0.08953779843499085,0.6104148447311681,0.0952127778280546,0.012809222403145387,0.31553257721755096,0.11144718626561971,0.044689056820376334,0.028773922508094983,3.7672106585043807,1.242002773092581,0.48646938527141464,3.973102068930777,1.7503431830350171,0.010567898448605667,0.8249644610278921,3.4745880342697086,0.8513967463861438,1.4268473907990549,0.07913431009071867,0.79818852524301,,COMPLETE
17,0.13341007232666016,2026-04-26 22:29:29.571468,2026-04-26 22:29:45.937222,0 days 00:00:16.365754,0.15877902403384306,1.2641095351683143,0.5076261539843296,0.2172106272595649,0.29645114339939677,0.8824767667462639,1.3666486591265354,0.41951913781389744,0.010840501965188475,1.472126309047123,0.06636934833890534,0.1546768750350071,3.3424762347766657,0.010558245087074678,0.14992860788843165,2.2605117338223644,0.11346263413044887,0.326449312510275,0.15574279213698666,0.37117615729198356,0.6649859809315929,0.2686104193767871,,COMPLETE
18,0.1160680890083313,2026-04-26 22:29:45.937893,2026-04-26 22:30:03.582812,0 days 00:00:17.644919,0.04132080694114399,0.6382258192629217,0.0421188344229561,1.319644826611206,0.061947453798653906,1.6654261278146274,3.9590754606896956,1.140267417312295,0.10807976866984981,0.23968671481070827,0.5670619548925041,2.0975401403892113,1.246839621192968,0.5472767834877391,0.739404268391609,0.513537111568549,3.775455537957368,1.8327116144433258,1.703620316454085,0.2777043372248742,3.652270525578723,0.024668823277103694,,COMPLETE
19,0.36744401454925535,2026-04-26 22:30:03.583482,2026-04-26 22:30:24.823829,0 days 00:00:21.240347,0.9920577521644426,2.180679642795752,0.3101698591239469,0.37394830603446894,1.280071182821224,3.990434179120454,0.8317320343278195,0.36267636393556346,1.1858992514212865,0.6302200535313919,0.31622542970846745,0.6986012020345889,0.06696283250377551,0.10819380207374073,0.2761250281415036,1.6162170229295743,0.29434447245961315,0.4806277837321549,0.42237555749096634,1.8684625860673714,0.09294722346603926,3.3472135332538615,,COMPLETE
20,0.25983903408050535,2026-04-26 22:30:24.824453,2026-04-26 22:30:45.270353,0 days 00:00:20.445900,0.9948044277185298,0.2104933854007668,2.1841458656730057,0.5021196312547225,1.4980809356251041,3.1817711254835928,1.630927397695486,0.0759356008602698,1.41208179656328,0.721900376399397,0.27954954430373796,0.24313892684147922,0.05932908950240441,0.0913856856478877,0.2598204813137563,0.7284233515675428,0.04881518453398019,0.4177748551867667,0.33630122204837254,2.1275291786370736,0.08009274870282883,3.544999501106838,,COMPLETE
21,0.002328324317932129,2026-04-26 22:30:45.271069,2026-04-26 22:31:04.650041,0 days 00:00:19.378972,0.34221170346846314,2.283532096427114,0.3725478679219561,0.30917751823740336,0.010010284481846113,0.6595617181161039,0.691670039892493,0.381660544835515,0.3569492514954461,1.838079725645363,0.3721880501233412,0.6011126030532425,0.09982523262851756,0.17120831199595937,1.3032539432936319,1.6874722075323312,0.2687203361209029,1.3485431408194084,0.5857741760748828,0.8910674637375211,0.09088421114967173,3.85192622736849,,COMPLETE
22,0.3445984721183777,2026-04-26 22:31:04.650739,2026-04-26 22:31:27.208659,0 days 00:00:22.557920,1.1953825087899197,1.0094374623065905,0.7669665230784178,1.1495341090320115,1.3216487151034164,3.939257416979963,0.2663399741544139,1.2466040473041746,1.5595794079555232,0.5361530202661328,1.1358035505110506,0.9046935885208185,0.6159878507004249,0.0403801407805131,0.09432046316096436,3.746639951742468,0.7138867521841107,0.46492499330037745,1.3699457656621716,0.8542448003736597,0.2117083315641528,1.2400034613029274,,COMPLETE
23,0.2932405352592468,2026-04-26 22:31:27.209320,2026-04-26 22:31:47.981674,0 days 00:00:20.772354,0.18632643079692987,1.901632806813965,0.2431906611667343,0.1251858133670635,0.41401339166515927,1.6240777848728958,1.0167624883191895,0.8066614681315543,0.3232923093283263,0.19094143748976625,1.6441945091337178,0.3817701789827974,0.036849796355964706,0.17176545237357851,0.3836628063461971,1.550339715521062,0.2535181369287416,0.19833332805451784,0.22675869908071616,2.4351471022957845,0.27252091883284435,1.6115381690843136,,COMPLETE
24,0.1758725881576538,2026-04-26 22:31:47.982383,2026-04-26 22:32:05.450847,0 days 00:00:17.468464,0.026478676971063136,0.5727314668503803,0.23264497344335958,0.8327112999269571,0.14440678462405096,0.23294974732718254,0.3822625262489114,0.33438598828993266,0.8284588678161626,0.9360736842387195,0.5102775900295445,2.5923329740326255,0.012168076737156976,1.7196455943066584,2.603561379680878,0.3955672907176747,0.1547896923320201,1.5056650633960262,0.6522915392169458,1.9877368497069479,0.11815124227761747,0.8608078001849745,,COMPLETE
25,0.25513577461242676,2026-04-26 22:32:05.451526,2026-04-26 22:32:26.335647,0 days 00:00:20.884121,0.5327678811207011,1.3329853415070092,0.13912788582191057,2.3890484775904657,3.95272686616932,1.9317923781652597,2.077836199045243,0.13344985142411492,0.02716375415574416,0.3738437953187532,0.13571014489822478,1.7409764337160327,3.9649226870048695,0.291448867310425,0.8542816395654722,0.8561260437699512,1.3719265299989398,0.13058621005466906,0.11652401340229204,0.17147472920848442,0.9142527547813837,0.4781210778365508,,COMPLETE
26,0.2873208403587341,2026-04-26 22:32:26.336301,2026-04-26 22:32:46.900560,0 days 00:00:20.564259,1.7650913110319086,2.6176777511629195,0.7113695582812283,0.31501801039790117,0.9156563181220281,1.1223228370665868,0.6433049709314975,2.45901092287144,0.10086009771039689,0.08389439282708397,0.06536965189715017,0.8508491734881843,0.3043673064215191,0.13421232098133884,0.517751284600134,2.1462501507909937,0.3918397474697998,0.5554126299516011,0.31516606485791343,0.7729777005751761,2.1025918829312635,0.14487414770119414,,COMPLETE
27,0.1412392735481262,2026-04-26 22:32:46.901218,2026-04-26 22:33:02.917069,0 days 00:00:16.015851,0.7469094371042544,0.37656135574608024,1.9422425019476937,0.010677298441924742,0.0482562007143549,0.4691470337226846,0.13415070999774745,0.594373090610352,1.745772120738401,1.7842193505799904,0.735497003477554,0.1421789530725934,1.528857140532711,0.03956562192906536,2.1402760101792584,0.14528005364873678,0.7082812195252878,0.020565426071821467,2.1974545268334986,1.565958985563758,0.05947203755193223,2.1161814463811623,,COMPLETE
28,0.23048839569091797,2026-04-26 22:33:02.917693,2026-04-26 22:33:24.143987,0 days 00:00:21.226294,0.15423324269206573,0.11220519794800947,0.33293785994498953,0.13526889916026846,0.455670877054486,0.1326811262847488,2.451081664011589,0.18475969200641054,0.49504873829535906,0.05711172209769034,0.32410325549792124,0.3279922819423322,0.1398548449052518,0.6943047372846258,0.2761823898510235,1.2548642538452548,2.342162973940873,0.27921182058085425,1.1404114411531645,0.2896640998407351,0.35166407585165144,0.4042199298124605,,COMPLETE
29,0.22348239421844482,2026-04-26 22:33:24.144606,2026-04-26 22:33:40.729948,0 days 00:00:16.585342,3.6204840454150475,3.934132564218569,0.6831320217316286,0.02830519117532197,2.612007242073268,0.6372533946612913,1.01907005270503,1.0306947968979372,0.9310414581177838,0.021054483055318124,1.362525845608879,1.680709209603503,0.03445540101593082,0.33499962997881977,0.36908663322506374,0.6428804413141896,0.09000282005304035,1.283840258912036,0.5657700321612839,2.4734751284955774,0.6144226388227083,0.048569489309582006,,COMPLETE
30,0.19294523000717162,2026-04-26 22:33:40.730616,2026-04-26 22:33:56.634949,0 days 00:00:15.904333,0.010876425666552622,0.8135909526042744,0.03131098646971446,0.08619762570923244,1.1267928567636403,2.2777248594270114,0.18451597265720066,0.7539229982734814,3.6370308708089385,0.015558623209628584,3.932396889662951,0.9532025350219915,0.060806576641091924,2.8567301445497377,1.0939722825678568,0.3293824167752245,1.1863539271608001,0.13149733186580972,0.24253447571738115,1.000362142133227,0.1253728500959054,0.9914979156300936,,COMPLETE
31,0.3273345112800598,2026-04-26 22:33:56.635616,2026-04-26 22:34:18.462716,0 days 00:00:21.827100,1.3191915692942033,1.5565950778050746,0.8432756881971868,1.7533533722131016,1.3073327733531304,3.9897852882412566,0.2650439532388969,1.641994142965153,1.7416348191413142,0.5031794839211274,0.6288046177885696,0.732761498891068,0.58185425875391,0.03894238617274994,0.06906539113289487,3.4302251006813345,0.6795045234645916,0.4716813076370997,1.2792167984009788,3.44975597985578,0.263073350276738,1.1612422252546188,,COMPLETE
32,0.2875620126724243,2026-04-26 22:34:18.463417,2026-04-26 22:34:40.311774,0 days 00:00:21.848357,1.116777981155876,0.9600491432427837,0.5766874879337716,0.9250627427405425,0.17338177932151255,3.7097602076131517,0.4913477151663056,2.7390070604897123,1.8731392568463332,0.7172853946203013,1.1355268174739395,0.5029941568185526,0.6858910287093682,0.045831383401262235,0.09318049208804396,3.6722224303003848,0.887599807325759,0.8385386980302638,3.709176622305383,0.7299650863279279,0.26153540843347056,3.258175059676037,,COMPLETE
33,0.25567578077316283,2026-04-26 22:34:40.312412,2026-04-26 22:34:58.599106,0 days 00:00:18.286694,0.2555237609562042,0.3979733184612277,1.9236009097189581,0.3843635152638898,0.48980764729120574,1.3915162397500112,0.04091040632119755,1.2737885537600286,1.1095808473646505,0.21825394968455616,1.9152309007813837,1.1491640241252297,0.30786977970225643,0.11768237585052232,0.029637265793902,2.0921797361084815,0.34330526756744095,0.37661203974652924,1.0220449790808628,0.39100201740802626,0.05279951673333079,1.5567076953654546,,COMPLETE
34,0.2724355936050415,2026-04-26 22:34:58.599882,2026-04-26 22:35:19.614424,0 days 00:00:21.014542,2.2043366649638814,1.975828190417563,0.35484890239117467,3.6469838454288257,2.144171606132533,0.29990727956347696,0.24925295613430654,0.5663347940258187,0.618099735326893,3.731324918246059,0.2079751600314564,2.5812298875173383,1.2209880614897215,0.022382337108799014,0.11861604492279114,1.1404198605017601,0.5802696315862341,2.054001978855295,1.6124454748030763,1.6613098203501782,0.18697095223896223,0.7048642288002137,,COMPLETE
35,0.19203845262527466,2026-04-26 22:35:19.615218,2026-04-26 22:35:37.352186,0 days 00:00:17.736968,0.5357812137826997,0.8293575652848074,1.0555707060966077,0.8149310657303391,1.057127002798673,2.598315357192005,0.1303890078073528,2.0264830272264365,0.3617591110792662,0.3120171133805396,0.40166356067653014,0.9189710087969134,0.023189438965467,0.019636831405275335,0.06384437062084379,2.5892546387036597,1.5390229060128768,0.6299685264846301,0.10439502648297568,0.9535035305378617,1.8531787983877441,0.11708078907712904,,COMPLETE
36,0.06546765565872192,2026-04-26 22:35:37.352889,2026-04-26 22:35:54.572149,0 days 00:00:17.219260,3.979920240164652,1.3010630135097196,0.14865320560561213,1.293777536639984,0.23509237642994688,0.8077616523601826,1.288059124031322,0.837020609865882,3.90215177146262,0.5174380403406293,2.7221675383491473,1.5501109413206746,1.8131928278474307,1.1851945900370653,0.011035708551119409,1.7213357685227024,0.011689755164604432,0.12949048920078252,2.239128593729754,0.6743279989019537,0.5696693212985006,2.7044145824664887,,COMPLETE
37,0.22693991661071777,2026-04-26 22:35:54.572794,2026-04-26 22:36:12.913352,0 days 00:00:18.340558,2.67011961481813,2.6415875916579665,1.3982504656585986,0.038113468011603625,1.5124187082010252,2.8129172541793244,0.5298514235787528,0.2826720705397168,2.2908057501955996,0.13986738588636527,1.0823375194196665,0.03782551173494491,0.46498993181700576,0.05713964189538063,0.18441588843325207,1.0032601642255157,0.22531174285026773,1.1021835126907922,0.5257307638514129,1.2033479039700843,0.12743026005247865,0.0711859370386887,,COMPLETE
38,0.12346675395965576,2026-04-26 22:36:12.914025,2026-04-26 22:36:29.054937,0 days 00:00:16.140912,0.8504910114694607,1.77803386366108,0.30121807023873765,0.08350729481606428,0.04054637040584612,2.052721226433667,0.33547493512256316,0.4501178762179318,0.151125439998849,1.1300789075031605,0.011414561249112448,0.45625412806189064,0.16551432574189243,0.2361426936788316,0.6307387565797312,0.6390090837544701,2.5072752442619044,0.25334572708679637,0.714230857200291,0.4478225099965226,0.026601803541116298,0.24143224102442346,,COMPLETE
