number,value,datetime_start,datetime_complete,duration,params_BOUGUER,params_CRUST_RHO,params_CTD,params_DEM,params_EMAG2_LOG,params_FREE_AIR,params_GEOID,params_LAB,params_LITH_RHO,params_MAG_SEIS_MOHO,params_MOHO,params_MOHO_GRAV,params_P_DIFF_40_60,params_REVEAL_P120,params_REVEAL_P210,params_REVEAL_P40,params_REVEAL_P60,params_REVEAL_S100,params_REVEAL_S140,params_REVEAL_S200,params_REVEAL_S220,params_REVEAL_S50,params_SEDIMENT,params_SI,params_S_DIFF_200_220,params_VOLC_DIST,params_VPVS_DIFF,params_VP_120_VS_140,params_VP_40_VS_50,system_attrs_fixed_params,state
63,0.308302170985078,2026-04-12 23:28:19.406386,2026-04-12 23:28:21.978182,0 days 00:00:02.571796,1.5052851089901644,0.39692630387662126,0.1924133861073184,0.20297666894348684,0.5691785294762658,0.8421118632923753,0.8647627035302459,0.23428164199150858,0.3567773840960036,2.7620697641661276,0.1369615535017451,0.9835117062658547,1.3392703639924477,0.31546123942706317,0.13547790861356343,0.1927367167688215,3.566238084242971,3.444519116605806,0.31330154941196625,0.36719070028852463,1.9023758460251976,0.5106026946162224,0.36707492535537734,0.384398304336765,0.46593721912933694,0.19226121426337464,0.665087474896016,2.986273257064296,0.5454006334143002,,COMPLETE
64,0.3046161804697727,2026-04-12 23:28:21.979135,2026-04-12 23:28:24.435786,0 days 00:00:02.456651,1.9807599715545465,0.23464010654340212,0.3149892775681166,0.11701623602413723,1.4772984666713378,1.7154201405027059,1.081752744191356,0.12888988050605085,0.3001675391081976,2.178636484203689,0.5539268544650079,0.7264566161893127,0.664150116509126,0.17825976490559034,0.21943955748197125,0.1288696484288609,2.7957715870753406,1.5841687481574076,0.3909309602757542,0.946097500083432,1.2418538366890488,2.6640904580311884,0.24150745823697015,0.16606135859390506,0.520909147106141,0.28467730258835044,0.6128367558325025,1.2163205055106912,0.9598138468455109,,COMPLETE
65,0.31271076819615906,2026-04-12 23:28:24.436533,2026-04-12 23:28:27.080136,0 days 00:00:02.643603,1.2646376180269179,0.15096255375441253,0.15878646624195875,0.15217394351635083,1.0360091384719459,0.20952438247136032,0.5772019332646152,0.2745387573176775,0.4359792854715293,4.086105804374918,0.4440006443685403,4.65319241264035,0.9087533757640189,0.20882435662470952,0.24975090616989284,0.14256849755429796,4.653712982133714,1.8074920178959135,1.0314918470757495,0.5939090466548573,1.0448479976946594,1.7820908593371023,0.15516126257043272,0.5690857178392312,0.9168853680381466,0.14872604663193512,0.35874374739964393,1.9645923397942355,0.703820301898403,,COMPLETE
66,0.29858675885966185,2026-04-12 23:28:27.080983,2026-04-12 23:28:29.585164,0 days 00:00:02.504181,1.6186830445030969,0.28190605566536264,0.3769841867046257,0.2636443669402546,1.1750775228301984,0.30138549600481385,0.6790417274187194,0.15076285047910287,0.517132216653023,1.6502940965268356,0.1091881043329087,0.14667620115148958,2.1522531323025422,0.2425311719607931,0.16617111063364554,0.44055097561797185,2.459779828240834,1.192124577530332,0.699739598891878,0.47548351100759273,1.5934821033063669,2.025794409823018,0.2773715633554852,0.1276811465236646,0.3748021796358058,0.12113755345615787,0.4368160407629064,2.5225399634153707,1.5020577424898731,,COMPLETE
67,0.3186864032216751,2026-04-12 23:28:29.586074,2026-04-12 23:28:32.250397,0 days 00:00:02.664323,0.9733485201855957,0.21390924024853367,0.25438656254942615,0.10050168433330599,1.4163999615072178,0.4931810661981636,0.5133659917134102,0.20751935041282724,0.1560502951264416,1.289019211751317,0.876910630236818,0.3910087463671931,0.7583533043994309,0.11175804579179956,0.27594141196835054,0.1665768116768153,2.2136518783738066,1.2769641620214263,0.4840811616628541,1.2190257757694989,1.3894729907983443,0.3463385710182608,0.3942058884316724,0.8349929424317459,0.6458172160957785,0.5157846075945508,0.8443882408697585,0.871871778098624,0.2881072813417583,,COMPLETE
68,0.3012913688232709,2026-04-12 23:28:32.251173,2026-04-12 23:28:34.868124,0 days 00:00:02.616951,0.9809625315840786,0.11824534076517952,3.0647814706547702,0.10774718076782924,1.6651371432299402,0.7235547777952251,0.3888698548675576,0.32947448589877554,0.18767199715065383,1.3193722084014152,0.6181267309708324,0.38918530912307925,0.42547061081401866,0.12019960593494626,0.17901369269764011,0.10232737480398746,2.2069706356091343,1.2771842052042994,0.48148494099858075,1.4651924608351898,1.3471786764684668,0.31797123529081156,0.4390452000662836,0.8622919931059856,0.6544910008023288,0.7016340117332885,0.8558113718600042,0.6080412880920368,0.27535205551987824,,COMPLETE
69,0.3084173023782988,2026-04-12 23:28:34.869008,2026-04-12 23:28:37.494734,0 days 00:00:02.625726,0.5086703682280012,0.21148397687248013,0.21799787750293723,0.10232251780717978,0.8985922410831038,0.4893069623433864,0.2708003749427823,0.19702934003177747,0.12359946741934479,0.9971457692310516,4.153449803095316,0.28184846888063675,0.2666092921744892,0.10123655994406255,0.3131791932379809,0.16811435940591385,3.0445016515650964,4.229443772448302,0.6227538070516224,1.2251781629768494,1.8194000492775253,0.13198225190190302,0.5024394125222381,1.3071667431493095,0.4362562778882335,0.5208972921173735,3.091068058490707,0.8993290648015814,0.15948122792324257,,COMPLETE
70,0.3123728451844424,2026-04-12 23:28:37.495574,2026-04-12 23:28:40.052781,0 days 00:00:02.557207,0.8423476291399333,0.16122166955716893,0.29930064846049803,0.13681891049209152,2.7807604898960503,1.13056081074964,0.32477538087190394,0.26912592042559613,0.1563495527574283,1.9328070640949264,0.820060430661028,0.4918154337454492,0.5531211471578227,0.1543767346534557,0.2010250792766215,0.1275268367892272,3.749929058757982,1.0285748465624895,0.19594430362905288,0.13033442394528677,2.2961950259741477,0.17087412798448734,0.3962734973781783,0.7352911569388517,0.8425130551133806,0.33257484854066266,0.7926959011002865,0.8847522475893772,0.2139839652467887,,COMPLETE
71,0.32565227121367124,2026-04-12 23:28:40.053729,2026-04-12 23:28:42.586161,0 days 00:00:02.532432,1.1144920096968012,0.18552664330574625,0.2516035204065437,0.2270978227813369,1.3729810705395185,0.40059039054100115,0.5212347141290166,0.21985808525094613,0.22818676596743726,2.3910318778858297,0.820337755341479,0.4493114211424885,0.7459097118706429,0.18634920091870882,0.29099671777030195,0.1933656436849396,4.536985555342986,2.126257412169032,0.2821407736340993,0.8418481888958256,1.1629604769340678,0.4278508710416261,0.3235789057489773,0.38933659566497025,0.5523974829787692,0.4259163295764446,0.540970489816543,1.39893627201087,0.12437584642773603,,COMPLETE
72,0.32338912544364906,2026-04-12 23:28:42.586878,2026-04-12 23:28:45.211739,0 days 00:00:02.624861,1.0991471731750044,0.1872048623359361,0.24911760774069772,0.2291165136535809,1.1185594121497902,0.4321484207915486,0.545371317083912,0.2184057621736069,0.13756077697039987,2.273674727343384,0.4631717236688141,0.4229951737620778,0.7358705447197192,0.11095108938706284,0.27325009827896113,0.24183348562784132,4.30469668143941,2.101574173746101,0.24525056324109232,0.6505528823536558,1.1818871460774152,0.40294432056007123,0.3626192293567009,0.7868424179289881,0.6151646815767956,0.43016906539813055,0.39131616991558904,1.1336530416482038,0.12192660307840798,,COMPLETE
73,0.3204784142160304,2026-04-12 23:28:45.212594,2026-04-12 23:28:47.776063,0 days 00:00:02.563469,0.6275054091132002,0.19190532901649662,0.1924257981918654,0.22169274972707195,1.087347122550776,0.3323082165140347,0.5231293488478918,0.218037035639949,0.1345775859417983,2.42199678829096,0.774192689817773,0.4390452469744081,0.6996668279714953,0.341822291486372,0.29671320231017445,0.2696111326117224,4.302057263472522,2.4918648088112603,0.35699483247699365,0.6104916617062678,1.4077460794814896,0.3985442809031532,0.260251073845684,0.6686617706473628,0.7181939739247409,0.4740706638401917,0.39141767950433604,1.531237728479015,0.1209016517830907,,COMPLETE
74,0.31823049776714807,2026-04-12 23:28:47.776863,2026-04-12 23:28:50.427520,0 days 00:00:02.650657,1.0334484563640707,0.18587731347373798,0.1349726867131192,0.22846533391164836,0.7476774186119906,0.342628654303946,0.41303393103208447,0.2330288945688997,0.13535055970654597,2.3064393442679725,0.4423954672319195,0.42601313723346007,0.7282706209671305,0.10963704144859784,0.28415218896975813,0.261489762832833,4.9587461898057255,2.2622645526390417,0.28062544172526005,0.5328642557822146,1.4020771336805578,0.410416429817029,0.19616370055571006,0.672989720573127,2.6539241175719233,0.5877186319486112,0.27608618740220053,1.5603801418371206,0.12174790556437884,,COMPLETE
75,0.31356248284991584,2026-04-12 23:28:50.428403,2026-04-12 23:28:53.054171,0 days 00:00:02.625768,1.0877784108909574,0.18898579120798886,0.13512112674038199,0.32952825649888,0.7178959975416085,0.33735491222555425,0.4269919122757357,0.22365105685526349,0.1206129685692197,3.0509161821476334,0.488935958615304,0.3543955647381116,0.7311780090333968,0.11284273883681413,0.28995485033842805,0.24865393905685537,4.295345748203936,2.2317946836251776,0.28101003346663356,0.37330786565372975,1.420361354620268,0.41736187755191984,0.24791729054910205,0.8009523922014781,1.2277312200352757,0.6151938003309471,0.2813334347477225,1.4881349000232045,0.12574235526041672,,COMPLETE
76,0.3075808640642427,2026-04-12 23:28:53.054897,2026-04-12 23:28:55.838869,0 days 00:00:02.783972,0.8384166153058243,0.13243030743958206,0.12173912877708631,0.2354205311474299,0.5131846299196984,0.2698736893607331,0.5159564086034466,0.3017361620812757,0.14285940540065042,2.2479462992701102,0.3544756353360354,0.4491481936689618,0.6983949291329616,0.13119330322922032,0.14304167069636145,0.29978383210325277,0.8517175054432785,2.6876017075875382,0.35267644787926694,0.5228842737294568,1.1863986342169253,0.3320284135642668,0.2082689019583015,0.701515120373705,0.7665759844687902,0.8328433240998387,0.4168389391818319,1.689674866811421,0.10098211835240924,,COMPLETE
77,0.3168563163818653,2026-04-12 23:28:55.839656,2026-04-12 23:28:58.360837,0 days 00:00:02.521181,0.6522383131396283,0.21590498117107612,0.17934448774412262,0.44725331628090625,1.093842500174649,0.23680972273510636,0.38202791934384844,0.17923798002650615,0.10708795063932476,2.5192504133515747,0.7684119736346666,0.28322174926301275,0.8115191156843768,0.38421406121156465,0.19233539296729382,0.40677398328082187,4.906683643718183,2.9902423002057694,0.24427395065160507,0.3247024056353756,1.6550021897879739,0.49125312743512745,0.2576999011813278,0.6341691495080329,0.6264102130133709,0.48815873164241336,0.216541142545291,1.3011571509469113,0.13997299571417074,,COMPLETE
78,0.3098857532167263,2026-04-12 23:28:58.361774,2026-04-12 23:29:00.811700,0 days 00:00:02.449926,0.601264028625706,0.17749105629536238,0.11109217340232612,0.407477198561976,1.0889560248352201,0.22287864853997522,0.3717376289759348,0.17936540773411228,0.11371693851990676,3.6628017010185627,0.7608429969246053,0.2857710492464357,0.7968250572847516,0.10956185259028028,0.19654066576448964,0.3751493732898363,4.843700866774063,3.0000049660391346,0.24511340161509243,0.33087831237408527,2.6918298666885168,0.4804167961956822,0.3482065496148392,1.2623852642209954,0.9706402422481245,0.6944427635259005,0.19573652090735671,1.2741802241205304,0.14105834815846813,,COMPLETE
79,0.31011813986809084,2026-04-12 23:29:00.812419,2026-04-12 23:29:03.289678,0 days 00:00:02.477259,0.6133857319681343,0.21667559657395227,0.1822914369130843,0.4800403204083747,0.7813656063738812,0.17371191722076512,0.5320775440998102,0.2557690831166982,0.1343514522180906,2.4395913339173614,1.0291045471904687,0.3312910593167564,0.618921436295513,0.5189669526540484,0.35710618440261344,0.48055378071790056,4.970858610279331,3.5371156556686967,0.2956934732026003,0.2243899594581763,1.6301053229034876,0.38381876503364,0.2240144001379925,0.657247212927445,0.636754503801507,0.5378052623243593,0.21309443422393684,1.096346163447572,0.1668271937400078,,COMPLETE
80,0.2884676157318594,2026-04-12 23:29:03.290434,2026-04-12 23:29:05.814459,0 days 00:00:02.524025,0.9084798436029599,0.12536008402882654,0.10057783587558063,0.3029445843516649,0.39639506669379765,0.2474496334458401,3.6364336400372794,0.1671229018906413,0.1006732104979151,2.045329563709654,0.6455295619700744,0.2514051159727829,1.1321699974105872,0.3432240823782088,0.27278694173060153,0.27155920864702543,1.6327044807893873,2.257792136790657,0.23669597309482568,0.41461258684045205,1.978694364323241,0.2851449156055215,0.2617808942112321,1.0832865516999979,1.5001069075971645,0.9599521403579261,0.3001426188020988,1.3214281549174611,0.12027779121605306,,COMPLETE
81,0.3186873986958913,2026-04-12 23:29:05.815268,2026-04-12 23:29:08.611921,0 days 00:00:02.796653,1.1701248971998282,0.14712407480027345,0.1580487008967793,0.19683378072614274,1.2616596257966726,0.2919826385455583,0.2950249196676237,0.22048193439142658,0.15627325744261716,1.7224557343171465,0.3574301980805475,0.4235554101730447,0.9851222797855862,0.2777910639092673,0.2519874889251873,0.3114883525987326,3.520487171934179,2.009576461926072,0.34180779601596567,0.30508991564726917,1.7341690649461696,0.596264192285616,0.1896920928267636,0.4652152215466804,0.7009837193042324,0.4679296776910093,0.5486339917602228,1.5944554538614195,0.14316486474266713,,COMPLETE
82,0.31614925587794895,2026-04-12 23:29:08.612602,2026-04-12 23:29:11.380110,0 days 00:00:02.767508,1.15314166378653,0.1523934507445947,0.1535130814518601,0.2796241520457823,0.9522449575764443,0.2885071240356734,0.42472641604951633,0.2198404958744162,0.15860955812958943,2.424741149833315,0.37691956032355883,0.42528960321292775,0.9414838801675166,0.3772208784901359,0.24904565593179856,0.3346423274259805,4.087150692174823,1.981276340197775,0.34250929318783985,0.28770987278842186,1.7262420346143557,0.5850294583824619,0.19015973809672354,0.450780805014337,2.491279006211473,0.49204983332908114,0.5474350437495092,0.9619573519418687,0.13874362190862266,,COMPLETE
83,0.3069266382117612,2026-04-12 23:29:11.380901,2026-04-12 23:29:14.018306,0 days 00:00:02.637405,0.7888086330888439,0.17616621027545676,0.1366435432497056,0.19621684707886858,1.2261057553892374,0.35753580402732427,0.21793987283230376,0.18819724540973198,0.1330952056530219,3.018703764486902,1.2137271351981604,0.5539190312841632,0.8206428383927737,0.27506910970534354,0.3141316138901694,0.2196727227963813,2.9929236680457736,3.9910435122896892,0.37660108765469064,0.19232827840201278,1.3811244909978222,0.2258757106546026,0.1618039672146064,0.8070972091942306,0.7214907145997834,0.6494580303331825,0.43371807505512244,1.5686545080490588,0.1491158413039018,,COMPLETE
84,0.3114953450471104,2026-04-12 23:29:14.019135,2026-04-12 23:29:16.570152,0 days 00:00:02.551017,1.0146142320742562,0.2234239607936157,0.202962217191512,0.21848971627067598,0.6503383111409827,0.4186594124643328,0.3005693981465191,0.2856883920748959,0.1796956506084665,1.748979214560139,0.9591146927068452,0.4598204780807794,1.0340925079624956,0.3122355167729375,0.1486626434855384,0.2996614690506009,3.5670227169698587,1.8064876836806651,0.46072217889981715,0.31291643021730103,2.4044981086944355,0.4740217364127449,0.12078992210481021,0.5886674415951949,0.6037868828083914,0.43053514476284754,0.3912112787828071,1.3699553262923865,0.11057040936043375,,COMPLETE
85,0.3005159952841949,2026-04-12 23:29:16.571069,2026-04-12 23:29:19.176967,0 days 00:00:02.605898,0.384957432091441,0.19633588365804386,0.1697849702813857,0.35331373628319473,1.3145064161791091,0.16724217447224204,0.6337927387764863,0.23626928095418773,0.11204764490114184,3.4546973111828065,0.5083141872065184,0.1902767324051489,0.7242943222388945,0.39546184205741763,0.37020364555543744,0.6349063697680926,4.404603461956006,4.923396069407576,0.33329225579697896,0.24125210159407987,1.2178051563167869,0.38477191514283443,0.19761700362283302,0.48087119699642894,0.8836145286516663,0.5525760474766531,0.3115331422613905,1.164903163808071,0.18262315021954637,,COMPLETE
86,0.3085775177340662,2026-04-12 23:29:19.177743,2026-04-12 23:29:21.682136,0 days 00:00:02.504393,1.1656492069386186,0.11215313308660324,0.23891562578671,0.28532686311750066,1.11962957860489,0.22669600507713353,0.34312918248363716,0.3299994093449916,0.16237820051328303,4.487669381402638,0.7761691695283,0.3293784418727827,1.2571356903755349,0.48072838279272795,0.19157875063279647,0.40176398256433976,2.6590506091960724,2.673562457771775,0.2629710380293425,0.39355365084065735,0.12689828955304813,0.5449297688103044,0.2776654622667479,0.6739277608700902,0.7317702478156706,0.4396514338417622,0.23223767048543473,0.7437477841517792,0.22736751509056202,,COMPLETE
87,0.29469169123193434,2026-04-12 23:29:21.683002,2026-04-12 23:29:24.366353,0 days 00:00:02.683351,0.665349048317408,0.14542502016133957,0.17722578527650257,0.19172070735043384,1.5882756577574784,0.3211773380585331,0.5361069969190266,0.20471006401210504,0.13615717323381846,2.085143276717659,0.2970224305849387,0.39222999349533666,0.5898631312958359,0.1511107003338938,0.23512453636167174,0.26253137504548835,3.7809245001974516,2.925994460830883,0.2905268012172811,0.6417551364751896,1.7075225649199226,0.33430908627690115,0.23046085195180438,0.10634456879315297,0.5986560684902416,0.7816845714383653,0.16416535995253576,1.6613442824714943,0.1318931550889976,,COMPLETE
88,0.2955921313230765,2026-04-12 23:29:24.369110,2026-04-12 23:29:27.093385,0 days 00:00:02.724275,0.9130099224078634,0.16512403359473926,0.1418428299848431,0.331698518703449,0.12435773592638313,0.2573192613179704,0.4858979981867856,0.37945579167435867,0.19212729680294352,2.4356194963830036,0.20896872482278434,0.491185315330859,0.4745520245804585,0.1288788954257424,0.11758703625475361,0.227854822330672,3.31834546958742,2.371813705546952,0.5064792575096512,0.4698427725087357,2.9879322190819537,0.6331747348334557,0.14430253823996278,0.8964536523820335,0.3798509426492017,0.346654594604264,0.4633329162861856,2.054246598300383,0.1122272165063983,,COMPLETE
89,0.3047611794521671,2026-04-12 23:29:27.094097,2026-04-12 23:29:29.724660,0 days 00:00:02.630563,0.49767581034823516,0.2824188762571579,0.1902499623472526,0.26101325810948406,0.8206697729332448,0.4151507247963818,0.8489627710402692,0.13471743295467567,0.15297022341922636,3.0148494411711435,0.621849539209612,0.6494303133400806,0.9134273812014911,0.11120927167529804,0.3165762688765316,0.18453499139433754,4.016732358648461,2.020090746700357,0.24117458047687315,0.5549644855708371,1.998669208704912,0.4374909372980274,0.30700837677300075,1.0049304469901434,1.1011618860407848,0.4753589841489238,0.5884522611221846,0.8468297781126504,0.16131622244735286,,COMPLETE
90,0.2977136323935247,2026-04-12 23:29:29.725501,2026-04-12 23:29:32.598233,0 days 00:00:02.872732,1.0557400482151806,0.262519803384658,0.16051537154963832,0.2360409822842011,0.7184602164243523,0.3498503966189568,0.4016603007613916,0.11027835742295852,0.11398818531909168,1.8571835347341275,0.8624297235833784,0.5872178490903466,1.1493416953119462,0.2183055532723362,0.20899765076498575,0.30115932673085205,2.051385532418127,1.8196745388502098,0.43162370332525,0.5015080667442917,1.4667267570510036,0.2868630851307177,0.260911570823346,0.41389608794177096,0.42774301448127633,0.6545011355730033,0.3895473397492341,1.0035369171647068,0.300635107616749,,COMPLETE
91,0.31190094351923203,2026-04-12 23:29:32.598954,2026-04-12 23:29:35.602135,0 days 00:00:03.003181,1.1871645278843368,0.13857743819739088,0.11221657786168858,0.3920887108008579,0.9841581654188484,0.2789969717958764,0.4359909669916227,0.2604958849082271,0.16590282170826687,2.542138229079547,0.4051929551333005,0.44397343638393455,0.9583276022614587,0.3935686109246435,0.26088212310818204,0.34124305954619416,4.489577664535419,1.966462740340051,0.3371001870717606,0.3024921113280142,1.7718503088744415,0.5946849409850545,0.1759915669277908,0.472061591431619,2.474922671782717,0.4939106822754425,0.5364133076967498,1.4364584544883725,0.14346795021071285,,COMPLETE
92,0.3228266628558828,2026-04-12 23:29:35.602927,2026-04-12 23:29:38.565247,0 days 00:00:02.962320,0.7654775690033259,0.16028117909075107,0.1498840859796781,0.20640582743501037,0.9166643543558826,0.2977394837670923,0.42425978723245605,0.2180564163839944,0.14126333003148714,2.2686955231387826,0.3847021416082516,0.41203916541659247,0.7418621808749813,0.3317424227384222,0.18012791841505651,0.32643344204212266,4.047045315568653,1.481447444541182,0.3830613693370079,0.19896198758569622,2.2187705267979627,0.7297808467099831,0.1861405294403322,0.6282463313568368,4.25678030594126,0.40321480374177815,0.5469400314985252,0.9745306935175405,0.1252334663759996,,COMPLETE
93,0.31044625546229027,2026-04-12 23:29:38.566112,2026-04-12 23:29:41.206996,0 days 00:00:02.640884,0.7757775840278437,0.18750709371632338,0.12804622258198844,0.21094940242162355,0.8756207742083346,0.4576991695351001,0.5964373668334705,0.1604142988086475,0.12433484687772013,2.2834854346808444,0.32940017771912194,0.3606662015428329,0.7524402712738446,0.18944192986384853,0.3889398818183209,0.37474210021510235,3.5581842211719286,1.4234766047050988,0.304218569725778,0.18934296528029165,2.1486979084247237,0.36558837109269915,0.3591873855272434,0.5948663308834083,4.341973169836295,0.4043593709560001,0.2589842054731996,1.102070790837835,0.10683947238341283,,COMPLETE
94,0.3153095545136889,2026-04-12 23:29:41.207733,2026-04-12 23:29:43.907383,0 days 00:00:02.699650,0.7195257289713671,0.2043757146146521,0.20754295742037332,0.22828429989514296,1.1097107377470776,0.30662284191558953,0.35131950491261904,0.185523143866201,0.14771766601713915,1.4912053879355545,0.7363188414687977,0.25989574660767445,0.6758465544747212,0.100081001122859,0.2886017274922831,0.45624316808274695,4.951527587933132,1.4887439802698867,0.2696601213668374,0.1590397647264843,1.1338224207546883,0.22577846733799195,0.2037304738451477,0.7592598129209431,2.9684594415532373,0.5903196997604918,0.7424812670155283,0.7758710454349397,0.12779887438612025,,COMPLETE
