number,value,datetime_start,datetime_complete,duration,params_BOUGUER,params_CRUST_RHO,params_CTD,params_DEM,params_EMAG2_LOG,params_FREE_AIR,params_GEOID,params_LAB,params_LITH_RHO,params_MAG_SEIS_MOHO,params_MOHO,params_MOHO_GRAV,params_P_DIFF_40_60,params_REVEAL_P120,params_REVEAL_P210,params_REVEAL_P40,params_REVEAL_P60,params_REVEAL_S100,params_REVEAL_S140,params_REVEAL_S200,params_REVEAL_S220,params_REVEAL_S50,params_SEDIMENT,params_SI,params_S_DIFF_200_220,params_VOLC_DIST,params_VPVS_DIFF,params_VP_120_VS_140,params_VP_40_VS_50,system_attrs_fixed_params,state
223,0.32833733411391336,2026-04-12 23:35:51.007966,2026-04-12 23:35:53.972618,0 days 00:00:02.964652,0.10938850662335643,0.2664089558981731,0.4652531672614135,0.1390511891720843,1.1247327517059622,0.18865908416986404,0.1687493484184664,3.6231410044845083,1.142069347690982,4.3406578787505685,0.11805512223355263,1.6524874140710781,0.11477235009357907,0.9856827900413854,0.231608382886238,4.693279710202577,0.7439729261287304,1.2328879728299194,4.082375245535284,0.7288223852843576,0.24987248548890437,0.3710941712558061,4.945786896828864,4.627919923416265,1.3905791478605012,0.17402881247110516,1.1226184579143408,1.965882702761412,0.13169382213471004,,COMPLETE
224,0.3260975483363039,2026-04-12 23:35:53.973684,2026-04-12 23:35:56.953295,0 days 00:00:02.979611,0.11110281918349713,0.2665410418545054,0.48939370785518166,0.137681559205996,0.9566686089937201,0.18626473524882006,0.1812529320877618,3.417452096003504,0.6165554805231055,4.322254143831584,0.12706936006455516,1.592008135628768,0.1127003659464913,1.0248825083782764,0.2221746713279539,4.976659136305953,0.6014788065137666,1.2158097054131696,4.1217465371031,0.7314983692657384,0.15833419560601775,0.3263959233276369,4.182101577892977,0.5052849019314318,1.3796624838597327,0.17166765761050395,1.1128376764775025,1.9717741719353503,0.13440273026704921,,COMPLETE
225,0.3248470594307883,2026-04-12 23:35:56.958962,2026-04-12 23:35:59.815683,0 days 00:00:02.856721,0.10106733210362717,0.3132105494268412,0.5564291467431556,0.1077752857910931,1.1164668787053866,0.20181010949695175,0.16902418510699552,1.9313017329969417,1.1448676420640809,4.985014133518087,0.11892932910764535,1.7441362728725693,0.1080175195414889,0.9271904329720743,0.2554343639622254,3.7342832808046698,0.7412906514223137,1.0142419351401795,4.658548156850726,0.6205343275374239,0.2482480542597804,0.3620742362540096,2.7776472330415687,1.5623331280437383,1.0842765053751224,0.18996680878623212,1.0849396348405684,1.7905088423752749,0.13460673586296626,,COMPLETE
226,0.3268475055929989,2026-04-12 23:35:59.816431,2026-04-12 23:36:02.469804,0 days 00:00:02.653373,0.11997646060848238,0.2309815017616728,0.47457932167599337,0.13098603240305942,1.285175739383998,0.17970090356315674,0.1669874665637664,3.932092648582001,1.2372837546630435,4.140893572028659,0.13471752119702304,1.8967946755814105,0.32641883917921355,1.5228368697621628,0.18372929774202915,3.2439598148766557,0.8460641459125161,1.2599221376758816,4.0530660294699885,0.7129624236990235,0.20701981870662803,0.38164622786499186,4.965703172786761,4.438981852077404,1.2424496324049876,0.1566277452242106,1.2902983248734834,1.5449603255921345,0.12529212987395935,,COMPLETE
227,0.3309743847044032,2026-04-12 23:36:02.470917,2026-04-12 23:36:05.292014,0 days 00:00:02.821097,0.10761207663835154,0.2736137023602286,0.816050779103083,0.11510217676888075,1.053978670595308,0.19028391845399814,0.15160934122344916,3.493858077554872,1.0318395918021113,4.514421586407036,0.1519542821614577,1.9460361383384783,0.14503916959295848,1.0867858972092976,0.23759745121528622,4.184908222641303,0.7442413604397249,1.0880405739160126,3.348271415105689,0.6678811394846752,0.18234376415226902,0.41931154571256934,0.5660621407489614,0.5713632574666929,1.3266291498437157,0.17641113922077528,1.1997807286324746,1.685349007280928,0.11590151996235976,,COMPLETE
228,0.3209423689877459,2026-04-12 23:36:05.292913,2026-04-12 23:36:08.066469,0 days 00:00:02.773556,0.10847792426832682,0.2798281072358655,1.0360607868955536,0.11324278185652749,1.051656700570319,0.17875776963788623,2.9174698911914128,3.564991571774035,1.0267387411186648,4.642637151691923,0.15329823745963708,2.03829786559542,0.14507818510143938,1.106140035410372,0.2372900837870109,4.206176284802939,0.7242937292309852,1.104224142582813,3.3853604139765223,0.6419865210525758,0.18452232388221507,0.4229702216136299,2.589513543880452,0.5984695349741713,1.3403666901338018,0.17052807609612555,1.3873839437693436,1.6518926555769615,0.1322521489184805,,COMPLETE
229,0.32810399548299,2026-04-12 23:36:08.067306,2026-04-12 23:36:10.956161,0 days 00:00:02.888855,0.11891095163933396,0.2515392553832529,0.8205813112952107,0.12011378837188748,0.8702106552729376,0.21604838636710458,0.12646948462484994,3.3624540577431645,0.9386784081116835,4.361148141652677,0.14116022341144147,2.198044477245619,0.18201109843578575,1.29660846134316,0.2621219448250675,4.210414645765578,0.781955027358957,0.949090050774508,3.7321539963950388,0.6803017023670072,0.1700351073946652,0.3636755693972531,3.468079949388849,4.522617559231831,1.1403615050772964,0.1875287197447187,1.1955096898606201,1.916620766370752,0.1140706954028001,,COMPLETE
230,0.3252121692854996,2026-04-12 23:36:10.957922,2026-04-12 23:36:13.796028,0 days 00:00:02.838106,0.12105628363403656,0.2581934287690253,0.8689365253073983,0.1048619938337839,0.8577958073453769,0.2147718567558846,0.118661165136649,3.3096373912167603,0.9648660214864828,3.602001292671733,0.1448360077864937,2.3299201144785595,0.1949092185494436,1.2511148122168834,0.26414192124140806,3.7533106682255455,0.7905275567700251,0.7888471239187317,3.7082440939259693,0.542356369908543,0.1746183185237726,0.3467635524838581,3.5792019750222352,3.229365901250763,1.1733309433923766,0.18330375413781352,1.0578323947794315,1.3254179939565625,0.12451298463742319,,COMPLETE
231,0.3298300884044225,2026-04-12 23:36:13.796856,2026-04-12 23:36:17.050805,0 days 00:00:03.253949,0.11531865724846864,0.24841188302890022,0.7408337102707876,0.1214182421832608,0.9680773153559535,0.1935182990331975,1.3842634924980404,4.317250504180692,0.8613132578527896,4.400103365871721,0.1369315625626894,2.1978329034941417,0.16559227557541276,1.350231441624097,0.22114315390696157,4.248401966559433,0.8474220691781568,0.9374020975315149,3.111726599003635,0.6781640597292734,0.2220338707906784,0.39533035340177985,1.361578608313371,4.907297650664053,1.2826232607738817,0.19435427183025486,1.2039402763107085,1.8831185990253652,0.11672184491700073,,COMPLETE
232,0.3320112857694601,2026-04-12 23:36:17.053904,2026-04-12 23:36:20.312653,0 days 00:00:03.258749,0.11366866268414538,0.2495876875709169,0.8024820212667726,0.11978875768722774,0.9607587029118767,0.20996167036717783,0.13133273823819847,4.0811510136680145,0.838940816945432,4.368845033191634,0.15223412793410404,2.0853598639397815,0.18397299860405825,1.301614901191277,0.21637615791484485,4.156518364183253,0.8764602138046851,0.9841629171824599,3.0876824194521415,0.6634020721855824,0.19390965380953995,0.3797068347928831,1.3398545562882034,3.7050326356112424,1.1643221381082973,0.20165305687307614,1.271151618038369,1.9133850039754052,0.1132232819287547,,COMPLETE
233,0.32578173506284136,2026-04-12 23:36:20.319112,2026-04-12 23:36:23.267498,0 days 00:00:02.948386,0.10106494080646491,0.28959307618445695,0.7550610608827719,0.12063519975219211,0.9133552292896729,0.195433650640797,0.1277471060336343,4.794457131723587,0.8753946564074435,4.467879517049387,0.14964503442621022,2.2048170407500947,0.17317766456252778,1.3054058826534256,0.23850534540256726,4.164989469508515,0.8690400779897877,0.9645102082925412,3.0440225157009917,0.605341318064246,0.19414516914672786,0.3664308455630467,3.210837273599739,3.854029862757585,1.093434766058143,0.2037646256088532,1.2128036337660197,1.9427606443223115,0.11647197236346384,,COMPLETE
234,0.3278465471769182,2026-04-12 23:36:23.268415,2026-04-12 23:36:25.899742,0 days 00:00:02.631327,0.12336963871890201,0.2659495786717087,0.6376914949808258,0.1258720875328274,0.9493118349922914,0.2127183166564774,1.583467377234888,4.109816658334582,0.9330239277489967,3.8317897494333444,0.13904597446476963,2.448315214679878,0.1897695997432602,1.344837469150998,0.21721359315557337,3.98338018964926,0.35401213863475794,0.9311487497735217,3.8963631171030695,0.6588128484650634,0.16109907652459046,0.3153380149126219,1.3637691809440646,4.018429298428799,1.2030107996667392,0.1923033336274704,1.2970409239392025,1.7925722005992433,0.13510497311403316,,COMPLETE
235,0.32713457502992027,2026-04-12 23:36:25.900631,2026-04-12 23:36:28.660387,0 days 00:00:02.759756,0.11635464355974856,0.23991702076924787,0.8069000043809919,0.11159234102285845,0.8474787981733185,0.18839390975393272,0.1324065246038516,3.744419335699855,1.0730548273619778,4.275498648098421,0.15418203615009377,1.9350454077451653,0.21177032542576057,1.17569535408602,0.20774730540137484,3.3126109567323687,0.8102015227490252,1.0354768228681837,4.378480675904535,0.7329654648233848,0.2214200123625571,0.39890709154109083,1.7049765611585381,4.87653542839469,1.3042398653652734,0.16132872660312436,1.1253533765953765,1.9944414170158655,0.12310537034442261,,COMPLETE
236,0.3265474531522636,2026-04-12 23:36:28.661266,2026-04-12 23:36:31.287432,0 days 00:00:02.626166,0.10713333300717016,0.21957541693508248,0.8693222472685798,0.10110606230358712,0.9957119504810334,0.20632054028899519,0.11387724274278462,4.693851554900649,0.8117541520019,4.654745647213091,0.1340166781665551,2.594495240059286,0.1698632463348549,1.6408292195304164,0.233738357488276,4.400887097966325,0.75280278702227,0.872191525257158,3.157960201428497,0.662236335953691,0.1484347802918064,0.3495124909660761,1.4406124773576106,3.4212998674201183,1.020042933915014,0.21443584764678564,0.9432790928477498,1.7112409370123929,0.11316897148814525,,COMPLETE
237,0.32556764038839725,2026-04-12 23:36:31.288292,2026-04-12 23:36:33.981339,0 days 00:00:02.693047,0.12475251413480043,0.3094399350118173,0.9569043372994542,0.13369022793310584,1.0178030596846048,0.18117866850630257,1.1375018992683286,2.6830686009204783,0.8195966069058849,4.1514655934247795,0.1429309488102337,1.7435000858232017,0.22119118454282455,1.5391694005353767,0.25351739134225326,3.6405878736985007,0.8876735277976908,1.1124439144726868,3.625280906049831,0.5989216627689075,0.19049266237612883,0.4234206353541274,1.1576000674208082,3.0544174317277952,1.179473830740773,0.1919076722045612,1.2550160747570938,1.8518717058006173,0.13657172069257542,,COMPLETE
238,0.3239269857658162,2026-04-12 23:36:33.983647,2026-04-12 23:36:36.920791,0 days 00:00:02.937144,0.10014569977201386,0.25617262986033995,0.8037438084330715,0.1205387962249852,0.9043648978630693,0.19325534407114117,0.1369353134440398,3.738757115399349,0.7297089867529224,3.696947867804453,0.12621188995645174,2.0528429782030115,0.1533194959001191,1.404118030390073,0.29855800719732867,4.154811920823446,0.8178225888157382,0.9545200152756861,2.9059324522367596,0.7493760925900613,0.19948671914299035,0.2785369673152803,1.3046054556252107,2.821489306144647,1.3751958645351878,0.1472067039776515,1.1459553034241,1.4872878078716758,0.11379527204600315,,COMPLETE
239,0.32617387052428876,2026-04-12 23:36:36.921844,2026-04-12 23:36:39.553042,0 days 00:00:02.631198,0.11462461086393137,0.23256693263007455,0.915798445746722,0.1108774197593889,1.0457074790303336,0.21143989450804,0.1264626634548417,3.078542993298738,1.245183184194212,4.4710867834155215,0.13493591692019988,1.9475443486215351,0.16215755020253403,1.9427475783910255,0.22170673478498673,4.395241007904166,0.9616728274676973,1.1886448004073569,4.782912540435334,0.6695743685037886,0.17300729771493809,0.3784861341570944,4.3613422798421695,4.2103681253936,1.2837810925266278,0.1773387948744164,1.0256021617519089,2.048982924860996,0.11984717556069069,,COMPLETE
240,0.3252317897687324,2026-04-12 23:36:39.553768,2026-04-12 23:36:42.520671,0 days 00:00:02.966903,0.1158903893564906,0.33667422859466645,0.7671323806415341,0.12447035770908568,1.0968217529921425,0.177823186186846,0.1523708079258617,4.350585852635445,1.0371501848096025,3.9751514870410896,0.12078443843112079,1.650871043393649,0.14517186467094353,1.051271075509969,0.2711746976681044,3.8366708791918485,0.7304003855770423,0.8682321821215162,4.266113629140731,0.6159416874857381,0.2229784817937691,0.4055080305611977,1.9040460594759987,4.507620858145122,1.1201709859768845,0.20126516444016343,1.3282699462336658,1.6328947753707923,0.10002820827024715,,COMPLETE
241,0.32763874850582153,2026-04-12 23:36:42.521555,2026-04-12 23:36:45.349973,0 days 00:00:02.828418,0.12720821200539703,0.267182668589121,1.1310563781404945,0.12977763575515405,0.9420217864831867,0.2096581930001318,1.9983495169380663,4.113943960019468,0.9287638687253668,3.774431461464105,0.13921882830825386,2.44349012988125,0.1875902573744045,1.4362257419732833,0.21722505100287054,4.0223832788578,0.6042602467208797,0.9871430634795556,3.874181399444327,0.6655450468471057,0.16188728686061024,0.32146992134003866,1.398601615534385,4.999783920279415,1.2173874706092342,0.18980806790479163,1.2518260680479376,1.820366735732209,0.136706991948709,,COMPLETE
242,0.3214696337097105,2026-04-12 23:36:45.350753,2026-04-12 23:36:48.360116,0 days 00:00:03.009363,0.12188030499023243,0.27435822159177936,0.6925705927212296,0.11753012910114483,0.9602421082056414,0.2208372399574547,1.5586642555321026,4.293258007648238,0.9117625716110296,4.668314354076142,0.13944964636122076,2.7879260854974,0.225069245479774,1.3151431317852167,0.20309112497748696,4.510423596109232,0.3402267378951257,0.7820520953762865,3.4458297485070517,0.7092299308832234,0.1498895620934441,0.30087696656451607,1.3336687164547325,4.150951574431751,1.1774464125448165,0.16769667330790589,1.3390898521685526,1.8301430922359094,0.12728370865091135,,COMPLETE
243,0.33001936703452245,2026-04-12 23:36:48.360950,2026-04-12 23:36:51.303753,0 days 00:00:02.942803,0.1078292557217365,0.24827152356559998,0.6239072650118417,0.10611330021237482,1.0816082284290855,0.1958981547216509,1.832254307576427,3.4747863603524856,1.1433725645305584,4.237015400633282,0.1498896171876407,2.261993512233912,0.17064689619176085,1.1934327387198944,0.2355309382365997,3.5161879042475346,0.34137414783066317,0.930417151443725,3.9557035983707305,0.773032101946491,0.16662010418041054,0.3278963054705259,1.195797151370704,3.702340321334812,0.9627141258967279,0.18334387404259372,1.1909614895706513,1.6366365054830851,0.10962553946857925,,COMPLETE
244,0.3257342043694068,2026-04-12 23:36:51.306216,2026-04-12 23:36:54.519178,0 days 00:00:03.212962,0.10641253915628511,0.21643860098657158,0.61219008606415,0.1063036084324344,1.1052713103518403,0.19594607929349184,0.14002119873623067,3.428552456762682,1.117540235447877,4.275783834727735,0.15495345374704794,2.2846549552933606,0.17181846522597274,1.173761235348271,0.23924887658860483,3.4360885578750806,0.6849158394563479,1.0790374147129136,4.059698362894126,0.7944855848497768,0.1850086908441046,0.33676468509519375,1.2154035847654203,3.5039031995791983,0.9955374245931009,0.1806122966577933,1.169911158915473,1.5768460996370084,0.10718916310578336,,COMPLETE
245,0.32678497274109963,2026-04-12 23:36:54.520045,2026-04-12 23:36:57.266501,0 days 00:00:02.746456,0.11125601138716987,0.24048152460372893,0.5397368938540346,0.10747016260064404,1.0211160969012052,0.17287217769510196,4.448321924768158,2.4602670319229847,1.1610387179619612,4.672372992870216,0.12520397297307603,2.184769156916682,0.15030317297147547,0.9828283986394377,0.19780464532288894,4.634152918424154,0.2946325624121527,1.264423203581739,3.2142987112223405,0.755265771508706,0.1339733039166806,0.37351090243364377,1.5370965693944119,4.793936107909818,1.3869168725000343,0.20840309746549857,1.087270700022829,1.4152987984580059,0.1131269267065712,,COMPLETE
246,0.3050537549494206,2026-04-12 23:36:57.267358,2026-04-12 23:37:00.218407,0 days 00:00:02.951049,0.10696763943599755,0.2077399613641412,0.47300700457597517,0.11483356123526667,1.1001463125690738,0.1567768957993162,2.336983934488064,2.907677427134791,1.2866047342121416,4.2191033205903965,0.15205863637061753,2.0397999156858084,0.18322634636891383,1.089435939977872,0.2510455314906255,4.203903880662153,1.1352667769814988,0.8966507231182413,4.490951005729248,0.5623882946569747,0.21111826432873762,0.43282004292883963,1.147909004738002,3.8198337701499585,1.0726692188386115,1.2405450114762049,1.198917815935709,1.7198649509584076,0.1085272894434199,,COMPLETE
247,0.3254451297720844,2026-04-12 23:37:00.219506,2026-04-12 23:37:03.504314,0 days 00:00:03.284808,0.11603150983117456,0.24794131212867748,0.5246085513076645,0.10110531940727753,1.1326895489430513,0.1933161436889564,1.3702970589631807,2.1215997200302517,1.0180812163721729,4.996697598316221,0.12918170369697446,1.4719707663173192,0.13416585755835422,1.2050911425158288,0.22480459315394383,4.98735692328963,0.9955158544413933,1.0079245473053602,3.5809279166169947,0.7170532726340675,0.11800238488082092,0.35153935199092884,0.9194276073354563,4.582965848373605,0.9527685800125137,0.16105741796701584,1.0913025424879281,2.0467052414629907,0.12261641349178462,,COMPLETE
248,0.32011814083770107,2026-04-12 23:37:03.505156,2026-04-12 23:37:06.232232,0 days 00:00:02.727076,0.10041275593763344,0.2307889036029519,0.4589648290237431,0.1397014740424883,1.041695207223235,0.25339123378795597,2.289171684246334,3.5701498175925193,0.8348394171277612,4.360904119126311,0.1174970967923117,1.2080905769106518,0.1615489701680009,1.0050314576774115,0.26904063908227294,3.607213754950775,0.8753945064232664,1.12906638422958,3.992652070373483,0.797526984436074,0.1764506962534265,0.381013437586379,2.220107274021812,3.5833503981548644,1.286132972199532,0.17316346729118837,1.2335384085697696,1.9179665205418006,0.11545295877452194,,COMPLETE
249,0.3300677885771062,2026-04-12 23:37:06.233207,2026-04-12 23:37:09.126568,0 days 00:00:02.893361,0.1288023193250215,0.29797506204502483,0.7255095457854916,0.12124996372421357,0.9019255683263829,0.18572439342621316,0.15309007859754284,3.2830227559915643,1.1698765046816784,3.968344974707215,0.1538132933067306,1.7417926618001691,0.11383823179888147,1.1049959521532142,0.22937553042304729,3.8534528743125223,0.43810160720606034,0.7485616842857441,2.925470234449171,0.48615537871489695,0.22630536847938668,0.4470957611798921,1.2049040775110351,4.098747100188639,1.433558293640992,0.21699105888337128,0.9023830490719503,1.6679912900403528,0.10585285191447628,,COMPLETE
250,0.33188643453126865,2026-04-12 23:37:09.127964,2026-04-12 23:37:12.031921,0 days 00:00:02.903957,0.1298732790908761,0.22119945014712733,0.7088590318924108,0.11205394119148795,1.2733653189934384,0.17099012596164456,0.176078062137723,1.613289416057027,1.1495536244911786,3.575945160266293,0.1545607010137349,1.7547911846225395,0.11366885883919575,1.094485573544189,0.20519805228766644,3.9102025267606093,0.423490944677677,0.7099046923919837,2.9363230093079458,0.42923833760031765,0.23316123618714132,0.4443446770750657,1.223135231646917,4.323202584801635,1.3972156296635774,0.21523173171673554,0.874447541708256,1.5355733698632767,0.10609963866563585,,COMPLETE
251,0.32760475590606,2026-04-12 23:37:12.032649,2026-04-12 23:37:15.002312,0 days 00:00:02.969663,0.13214460963519406,0.3025230383812876,0.7022296256306081,0.12893029850440682,1.3229245726896326,0.16238289978204212,0.17334622365576063,1.6025816278580445,1.1673211567539494,3.3901010010810286,0.15898889238865185,1.7137234085208835,0.11602553674578313,1.1130614807349546,0.19298532162322646,3.8330220515900195,0.43380315800110236,0.6855278080113901,2.893421548227708,0.40250660780680836,0.2367445806666158,0.42634500813598963,1.280778609497541,4.247263480749,1.4043985596290647,0.22053268738952794,0.7790940378634239,1.4673486933653752,0.12537191661715733,,COMPLETE
252,0.32773734317012415,2026-04-12 23:37:15.003275,2026-04-12 23:37:17.892853,0 days 00:00:02.889578,0.12827873182155972,0.20562860989062368,0.6380495999229155,0.10697610410359647,1.262948712449312,0.17419550562228114,0.18884282980228825,2.3013926458655667,1.2469334630114166,3.899146692571309,0.14779288780268152,1.5731617672611784,0.12620825288130316,1.0427709882968774,0.20621201381144996,3.2022929649020475,0.38107298977060056,0.7487911088259668,2.9489175014035536,0.4714923633166485,0.2582059158868449,0.4045221625885799,1.4546845249431117,3.860542550705434,1.2984243165309446,0.20713474614680985,0.8665488275727183,1.2819999745566344,0.1010645159641,,COMPLETE
253,0.31853404870896995,2026-04-12 23:37:17.893607,2026-04-12 23:37:20.753095,0 days 00:00:02.859488,0.14021028665724994,0.2906787941156652,0.729965790310015,0.1204579547619077,0.9964017034995162,0.15209532912785773,0.1544941086924713,3.911818636951274,1.3686659570949284,3.60336095542199,0.15567760224838367,1.821027267690484,0.13710909128204637,1.1477576388895845,0.23508443354137323,3.5643738162292635,0.4682294518202737,0.768764237497662,3.2476840609885413,0.46098368844065646,0.22478850233953054,0.45177791049487576,1.1178778481125087,4.057271037745415,1.6073936304429826,0.21788283256428986,0.8821380215675961,1.5443997616819292,0.10559741051586119,,COMPLETE
254,0.32478058947429717,2026-04-12 23:37:20.754876,2026-04-12 23:37:23.523024,0 days 00:00:02.768148,0.1272749328750759,0.2197505618755325,0.5869757744969974,0.11084798871680501,1.2377108724476156,0.1769090976480093,0.18026508012991527,3.2526026687955962,1.1756166926319205,3.9718637093438054,0.13352426515319063,1.5393159843510198,0.11240542436207367,0.9751659848503738,0.18748526573149585,3.8800820018999524,0.4140901900177663,0.6432920042036585,2.5637646876679856,0.5084462907133952,0.20506553962691312,0.44799259735619673,1.2354558194852516,4.301162808774541,0.8196046350319139,0.13780827004575022,0.9155368642222643,1.6307105546203133,0.1261351959529726,,COMPLETE
