number,value,datetime_start,datetime_complete,duration,params_BOUGUER,params_CRUST_RHO,params_CTD,params_DEM,params_EMAG2_LOG,params_FREE_AIR,params_GEOID,params_LAB,params_LITH_RHO,params_MAG_SEIS_MOHO,params_MOHO,params_MOHO_GRAV,params_P_DIFF_40_60,params_REVEAL_P120,params_REVEAL_P210,params_REVEAL_P40,params_REVEAL_P60,params_REVEAL_S100,params_REVEAL_S140,params_REVEAL_S200,params_REVEAL_S220,params_REVEAL_S50,params_SEDIMENT,params_SI,params_S_DIFF_200_220,params_VOLC_DIST,params_VPVS_DIFF,params_VP_120_VS_140,params_VP_40_VS_50,system_attrs_fixed_params,state
95,0.30801228752811677,2026-04-12 23:29:43.908328,2026-04-12 23:29:47.447872,0 days 00:00:03.539544,0.8744112556511386,0.15990730759970215,0.14801276803409685,0.16341600207317403,0.5885766985760683,0.3594886981030984,0.4933056913499578,0.21327797987668184,0.108141117663427,2.0025191566750786,0.4840377684332763,0.30292840125572534,0.5369407725932577,0.29527081236024166,0.18230543636705215,0.26082341233428563,0.48086884626504756,1.6922562923427122,0.3806839451517044,0.7273471299780938,2.2693143433915903,0.7827712531525471,0.16176663158319438,0.6289677602289123,3.5349504437945947,0.3680410940798422,0.32322508613282436,1.8103806036058199,0.19816442757488822,,COMPLETE
96,0.317896999852271,2026-04-12 23:29:47.449462,2026-04-12 23:29:50.393080,0 days 00:00:02.943618,0.12889052151790745,0.10283732637389313,0.24106096675678587,0.12035845076131055,1.341159296982032,0.2010819806867416,0.27917620244514985,0.23298726147820792,0.1336629808009311,1.6715615108726236,0.2604596016688446,0.4072663484993399,0.8455828817293813,0.8283060100186116,0.1591961839531697,1.03058966231724,3.0334195225711165,2.1179134446526207,0.5836146158943379,0.4398038855414452,1.3244606433917487,0.4134562230415602,0.1334019328714669,0.5115336219541007,4.80267949301337,0.4140984477128459,0.6874170014908799,3.7730263631790812,0.1195049340183981,,COMPLETE
97,0.324316936943508,2026-04-12 23:29:50.393923,2026-04-12 23:29:53.185756,0 days 00:00:02.791833,0.2634312041045672,0.1022300750149903,0.24317515720549443,0.1469644709414285,1.332898270636171,0.19714456297603972,0.24525567141366234,0.28815672206678405,0.1927787938406186,1.7519326892616762,0.26082558379408655,0.53070864942101,1.0433918220758094,0.8122850601423031,0.12851007078423857,0.2169711231803039,3.0546965096438736,2.4133041221928355,0.9096683432266316,0.6140085774682318,0.9816966434791802,0.4297852157626217,0.12368364545137588,0.30470483341761956,4.835457295165555,0.4109345502703741,0.640482379888931,4.568164965442361,0.12136358553262931,,COMPLETE
98,0.31618954906313973,2026-04-12 23:29:53.186837,2026-04-12 23:29:56.218189,0 days 00:00:03.031352,0.12711092936684093,0.10915784148181856,0.24990729730314856,0.12492165164783725,1.9207677930491855,0.15134456039312713,0.23359211586033146,0.30038420813230354,0.22506413207891432,1.6176402298642378,0.23890318691202608,0.5463715323823297,1.028419755912745,0.8933374762039317,0.1345264568632601,1.1758457805413558,3.0268183138099727,2.7134065449912312,1.146231843704956,0.8493337742985546,0.9936098463004233,0.4029721547615161,0.12779246870316563,0.2881326863891489,3.9018222904219493,0.411300675630524,0.6804139787353487,4.363040302104844,0.11809045264786619,,COMPLETE
99,0.30997154159692875,2026-04-12 23:29:56.219073,2026-04-12 23:29:59.025719,0 days 00:00:02.806646,0.19010823574165983,0.10044190706091699,0.2873172555220867,0.14475022381340147,1.2948989485334814,0.2059294955291381,0.3120723945742874,0.24250043344754968,0.19224741719531152,1.4192836941322533,0.2706252644655756,0.4242900233958716,0.665667116851039,0.7932091216382193,0.11661505680389407,0.2113296185989853,2.510539244856074,2.4605799302613702,0.5877876995112762,0.10168246692983549,0.8783517379669671,0.44880317671884806,0.10115814149397535,0.3454468238942996,4.976102822787543,0.5373405709331871,0.48146514238938876,3.3201143370183246,0.15609143717416682,,COMPLETE
100,0.31920755319419375,2026-04-12 23:29:59.028979,2026-04-12 23:30:01.696513,0 days 00:00:02.667534,0.2422774508391945,0.12474485743490814,0.22188945813879535,0.14766641964108967,1.6933469313462584,0.2627559076966367,0.18169512224379716,0.3568203814418352,0.13475311585424962,1.7134457157687155,0.23109244880873928,0.47381044761152635,1.3078180291979062,0.6133302235216163,0.16062146606879218,0.9959312741622431,2.7863600574512692,3.3007265779956616,0.8985798622681079,0.6074477813809614,1.298550118585476,0.3568338827717592,0.11688650008241769,0.5490877551752954,4.204335059737517,0.4494965370191988,0.6276617538457333,4.23116176638652,0.10033994584797266,,COMPLETE
101,0.3226491363339662,2026-04-12 23:30:01.697281,2026-04-12 23:30:04.489972,0 days 00:00:02.792691,0.22604415199130984,0.12311943140315468,0.22056423757285123,0.11119118474325995,1.372722836095892,0.1361590611004595,0.1760305080736509,0.34278752776637705,0.1337392299989025,1.132241446902514,0.2433799583807812,0.49835822293571347,1.3605438899434628,0.6074339960336876,0.15560087246663917,0.8519219706232957,2.315789357548843,3.30517156130262,0.8592344660762349,0.6118904109019211,1.3114075821524809,0.35068237219621445,0.11682598973650377,0.5455868484956746,4.423113806308459,0.34427568990804697,0.6523028372022704,3.901204989131253,0.12059802926308943,,COMPLETE
102,0.31576301963774417,2026-04-12 23:30:04.491556,2026-04-12 23:30:07.374678,0 days 00:00:02.883122,0.2778836585021304,0.12138369229571296,0.23387364452439208,0.1517954371085957,1.6444602003004294,0.12375493640281808,0.1659723449073095,0.5350960079195439,0.13908433940404888,1.1402512819993347,0.2145999275306173,0.3963532752141945,1.4683452507817947,0.5623815338673593,0.14833219002495718,0.8586850639951631,2.345388010551214,3.805356184521265,0.8518425409419214,0.6309104270821151,1.3083823628462767,0.35683107715244966,0.11189436016582992,0.5427629358488616,4.422770702008535,0.44745911976240776,0.7388158052383209,4.1715454485711,0.10308976528717496,,COMPLETE
103,0.32080775098871156,2026-04-12 23:30:07.375385,2026-04-12 23:30:10.250175,0 days 00:00:02.874790,0.22112534656220234,0.1288677660490678,0.25894540964328044,0.1107628618721726,1.3644118383998602,0.14179246788369684,0.12684512496953249,0.3401678338100863,0.12940814926993344,1.6758943889092621,0.23608109420044,0.48424159769785236,1.5886101531151162,0.7945394964634933,0.15766930553202654,0.9270623835663105,2.0129779476622955,3.1412797965215726,0.952426483904743,0.7436455733110177,1.1406915602158207,0.2578684546848123,0.11263310298551055,0.5102996113572529,3.8065874481485156,0.33781626914512,0.8929178053923421,3.6180162276368626,0.12157881776438209,,COMPLETE
104,0.3004322020065887,2026-04-12 23:30:10.251186,2026-04-12 23:30:12.963131,0 days 00:00:02.711945,0.21759425491268056,0.14120212415074976,0.26957799189031384,0.10003684024069161,1.7393975325117006,0.1027402467101764,0.12493043407104046,0.43272206032778077,0.17557652836148704,1.2884360486110362,0.19496308058608663,0.49574174674952404,1.533286209789792,0.6361211702973313,0.12833291335193123,0.9192148910802034,1.942576858482731,3.54715399141385,1.1437080846035281,0.9767217436398924,0.9590042219660003,0.3009599005298093,0.11042795582581012,0.31376176324203164,3.871125281923535,0.3766934272666546,0.7961975852144594,3.62398273893401,0.17245925737675719,,COMPLETE
105,0.3083459598718199,2026-04-12 23:30:12.966474,2026-04-12 23:30:16.202940,0 days 00:00:03.236466,0.21204298590344184,0.13045549896016156,1.38933143189658,4.789290619869177,1.5038965019859687,0.13628111901579354,0.13152941074959656,0.34444926792906505,0.12224858921946163,1.8194584952412218,0.17331588937632889,0.6047983859136529,1.722329354324947,0.6363388185171805,0.1660636833944513,0.6362983473969597,2.67306555452055,3.1972211126301175,0.9723955386058487,0.7665621345165027,1.146607915800501,0.26406628513609226,0.14991019804442596,0.37451313270858594,3.3839670920452924,0.32589924911677215,0.9248854182145331,0.6591718420720563,0.12895092697196,,COMPLETE
106,0.31686846779971,2026-04-12 23:30:16.203648,2026-04-12 23:30:18.965772,0 days 00:00:02.762124,0.24447850104185512,0.11444309982255294,0.16029041931157625,0.11113924194853815,1.2092893356431187,0.16006867748622225,0.10443739651310864,0.49093215314024086,0.14998339036015126,1.4814243719866347,0.30783074742452515,0.5495804976128638,1.3115253763263424,1.1245563249766577,0.12830920858344286,1.1658532036596592,1.6375923219940303,4.422352034053245,1.30089287600892,0.7205285837433376,1.5296419929818896,0.24766121154511586,0.11368639723425546,0.5476733746237245,4.015155535457163,0.34696823049171904,0.6553241957071402,4.640180946500581,0.10972729495921435,,COMPLETE
107,0.3203808633458775,2026-04-12 23:30:18.968845,2026-04-12 23:30:21.821337,0 days 00:00:02.852492,0.1628979431841621,0.12694435082901595,0.22927038776711306,0.1349299946867784,1.02064897258968,0.18727385796027396,0.19334396742612472,0.40187904976395816,4.381676699817543,2.1406386769029315,0.2796079511411486,0.4713502182827148,1.2008675024036557,0.6967557812930787,0.10802533212294792,1.3983256932411428,2.2048842058090106,3.237517572763027,0.7170315558654283,0.5727047385560324,1.2280447077946643,0.7210567087646416,0.139151919105981,0.7078637373411525,2.9581566946363735,0.567315584530502,0.6252140966040142,4.973533401926123,0.10092359381660042,,COMPLETE
108,0.3198663700498184,2026-04-12 23:30:21.822183,2026-04-12 23:30:24.696156,0 days 00:00:02.873973,0.18036297253737466,0.12418850535248464,0.220844594258826,0.1342390218471482,1.3791391638890762,0.18490274996594433,0.18937838290146441,0.4076983461232728,0.16894860264861747,1.7621518008863721,0.22081444790957305,0.47021341499288344,1.1891046415874416,0.6962878016249283,0.10452174680762975,1.343695562089747,2.180655703474802,3.251532170492801,0.8765026577451865,1.113504655981497,1.0648842394019524,0.7153629712768073,0.12294405980791316,0.441897040399627,3.0551231560108656,0.44113319808853557,0.8852455105078177,4.096991087334701,0.1503337125826034,,COMPLETE
109,0.31935089466104316,2026-04-12 23:30:24.696846,2026-04-12 23:30:27.702570,0 days 00:00:03.005724,0.17363795369723928,0.12470278997248273,0.21971861029540707,0.13587497404826987,0.998702848697803,0.1887238491679768,0.1966253269216723,0.4172763690863414,3.5683416020840637,2.135899673317387,0.2290596017786396,0.4673639668964644,1.2030734600972615,0.7233235742823549,0.11491455445553132,1.3575871880259243,1.817998341882865,3.172404413169509,0.9244190495857366,1.1153624288924806,0.7476541600926044,0.66573791877054,0.12160950476014927,0.4354416811845322,3.085462487142826,0.38690472400903114,0.6223190739576198,4.125757314023097,0.1491266687991412,,COMPLETE
110,0.32336364928982364,2026-04-12 23:30:27.703306,2026-04-12 23:30:30.297668,0 days 00:00:02.594362,0.16149935814548486,0.12427502122137098,0.22026231683445244,0.1333240042400939,1.0373658463363202,0.17682644298749065,0.19252553147839901,0.38815272139596774,4.298299217182622,2.1969383754304728,0.18431320104019977,0.4674780723676109,1.3798753916767268,0.6895677089105435,0.10551583716916972,1.4083282609786858,2.074002137090303,3.28200616366663,0.9111236962572504,1.1219735530508494,0.7282465677870797,0.7729702832778012,0.12431525122635773,0.42251601007814443,3.1282536901763978,0.39012670510131736,0.6260081181886826,4.101277460587463,0.10101272976691585,,COMPLETE
111,0.32230792202309555,2026-04-12 23:30:30.298364,2026-04-12 23:30:33.043081,0 days 00:00:02.744717,0.16266071990933872,0.12890290169002644,0.22858541178675662,0.1376877863335929,1.0377611770996586,0.18720104862719997,0.18362250217964446,0.3965379402878093,3.2725002745994867,2.052837248224663,0.22297694783409489,0.4776455575587035,1.5947540151951092,0.6577851763242678,0.10331930390744412,1.4716428685263254,2.102251512519909,3.25585182726311,0.9025583076164475,1.074694498747157,0.755234563955108,0.9288854851617574,0.12290735270413126,0.42385640011656917,3.0908658882902302,0.2622057971804138,0.6329180336160174,4.150576145375987,0.10109525389859447,,COMPLETE
112,0.31552674020692884,2026-04-12 23:30:33.043875,2026-04-12 23:30:35.799796,0 days 00:00:02.755921,0.161402040936567,0.1092430475400958,0.21559078783094004,0.13733350700838223,0.9918551265469203,0.18153133002702027,0.20078042763375775,0.3997282726809326,4.445676691723089,2.1122312195797535,0.18785056485035737,0.6755969610632857,1.193644423605028,0.7290351646543433,0.10581312295499413,1.4328317370092862,1.4537971544588273,3.783489554195635,0.7496186251658884,1.1508593727563106,0.6654609231465126,0.9267329771418108,0.13814424067532752,0.43464620941335586,2.8545284937939,0.26717425047666127,0.9069862460188916,4.977678799993869,0.11226955874921216,,COMPLETE
113,0.3234329404960736,2026-04-12 23:30:35.800675,2026-04-12 23:30:38.556798,0 days 00:00:02.756123,0.16994848490877362,0.13288039748641495,0.189541360136856,0.1690036686254365,1.0530391208986798,0.13853817526481177,0.14823523101365582,0.46623659639228343,3.6477057860060467,1.9000598597043625,0.17547000069482274,0.5405963386552225,1.600225635853876,0.6695209585697358,0.10109319211429751,1.7195806161871297,1.7791671886982723,2.8163683786325815,0.6641199144504991,1.0275796724409278,0.7417675011808035,0.7160410805233824,0.10353382440541062,0.36600578284064555,2.1417822963830937,0.31593474038873764,0.7402541493756734,3.338963143254294,0.13116795500867118,,COMPLETE
114,0.3250766768879167,2026-04-12 23:30:38.557544,2026-04-12 23:30:41.507985,0 days 00:00:02.950441,0.1351745067163852,0.13670484776558395,0.1896173972358038,0.16709416349132541,0.9041368217365946,0.1376828327305132,0.15193707529072767,0.6357526985033174,3.9186818038131976,1.8630004227446848,0.16996086614911146,0.514606461370874,1.8051908888974673,0.6832073323729669,0.1071752085727046,1.7123894148878571,2.0348826614795628,2.80034448324035,0.6607878148906243,1.0121938422790597,0.7671689465622279,0.7568756366604484,0.1056267862300828,0.35617414841779377,2.0165868783652052,0.31898471707170883,1.082844317834271,3.4356617328181516,0.13011926758851244,,COMPLETE
115,0.32533029753395903,2026-04-12 23:30:41.508674,2026-04-12 23:30:44.401585,0 days 00:00:02.892911,0.14404418745312753,0.13529419213722352,0.187724806844671,0.16088801076725304,1.0628320378692298,0.13961004443965458,0.1597066315647922,0.46839073809105314,3.5532147186959153,1.9367198390080849,0.17477659008195562,0.5251453115611451,1.8664730214620036,0.5112654953428873,0.12549806981763004,1.7297184334624958,2.044650127548648,2.476178536726658,0.6478115337488802,1.0126001615175508,0.5095936800329103,0.769129330683636,0.10396907158174121,0.362770307312557,2.2749625541483742,0.3055089114127624,1.0648139046624436,3.3862331418913847,0.12849841356750533,,COMPLETE
116,0.3220198014315946,2026-04-12 23:30:44.402340,2026-04-12 23:30:46.956520,0 days 00:00:02.554180,0.14505875766257068,0.15681789996494705,0.19339863182793926,0.16572052846027435,0.9261565177010279,0.12811618662685298,0.15165981041672982,0.6094646139283335,3.1158081565132747,1.9400819352869905,0.1662526006938102,0.5217020680088394,1.944568926468625,0.49595491236017103,0.12380178930284574,1.8254928836723796,1.7019624025369957,2.8324859379455303,0.6430874487470298,0.8997698032820279,0.498805266661846,0.7756229403939671,0.10608271271149168,0.3194061701985508,2.123795929577797,0.2456805135596487,1.1200199032494704,3.0160525923258437,0.1309971640430875,,COMPLETE
117,0.3208437585858274,2026-04-12 23:30:46.957240,2026-04-12 23:30:49.587316,0 days 00:00:02.630076,0.13532955274149094,0.1707053838876556,0.18521711382557202,0.1708522305867855,0.9074420127828914,0.1334775848356322,0.1540619367974411,0.763649354682614,3.1330292353071405,1.9121241297463032,0.16175593806671193,0.755738454644971,1.9684263439023841,0.528793708299392,0.12325138466595491,1.697763584709754,1.2976266468547017,2.8641691182898206,0.8054864841037798,1.0030685376769504,0.5181897219867103,0.7812204075894646,0.10001095940199185,0.28756991193032955,2.229216948290983,0.24926766938435033,1.1038150882580395,3.1507506678719652,0.12873347303255583,,COMPLETE
118,0.3249018350387832,2026-04-12 23:30:49.588032,2026-04-12 23:30:52.252899,0 days 00:00:02.664867,0.14367227086111664,0.16543626307660605,0.18507972814235094,0.16351852095582453,0.9047570567751888,0.12931789632629598,0.1441037293528274,0.653724524568835,2.968398267012715,1.9600484094272383,0.16078261767569182,0.7803223408892489,1.9904777133405842,0.49104579606618487,0.1231383066373246,1.6518030278724884,1.7525830101356281,2.7030710989229703,0.8221807100843841,1.3525541822849356,0.47540976821208103,0.9293622609665564,0.10127324985467635,0.2812266643019485,2.1324359761204232,0.22053295913603987,1.152268532214118,3.05774039915536,0.12868082808986742,,COMPLETE
119,0.3201584140854962,2026-04-12 23:30:52.253634,2026-04-12 23:30:55.138663,0 days 00:00:02.885029,0.10666429947253876,0.15530092965648146,0.2006342743167189,0.1589203556062203,0.8240482891544402,0.11621672617787204,0.1438659074917299,0.603746682966329,2.4053337820162004,1.5320763994285793,0.13886125628536017,0.6139764512812185,1.821768524589368,0.57982563135776,0.10046065085813739,1.6525128086598704,1.5260025689242405,2.6141249300007194,0.6944884381659179,1.518263278640521,0.47861667308233513,1.0727785320673144,0.10729966085363765,0.23867507595348142,1.7946283333812236,0.21876749432110879,1.015986424694054,2.8377009719728106,0.17170585601153862,,COMPLETE
120,0.33125125287677404,2026-04-12 23:30:55.139659,2026-04-12 23:30:57.761740,0 days 00:00:02.622081,0.14565223247101367,0.13837020332115116,0.17774583417767828,0.17943439714451875,1.1879474986070757,0.12692147674785423,0.16990678517352906,0.6299226249448276,3.6892320778579792,1.9516645978930829,0.1749332068451405,0.5370117870334171,2.1754308445291617,0.5065765657185385,0.1211482823875155,1.9567402140714636,1.76114713993428,2.390951537860154,0.6624351592901156,1.3807746850789606,0.5838575058170826,0.9275003675341404,0.10526012936998638,0.3243249629405841,2.0060799514812895,0.3110358528507243,0.7578733690506677,3.3694880028483922,0.1347909695904298,,COMPLETE
121,0.319844954002617,2026-04-12 23:30:57.762709,2026-04-12 23:31:00.440730,0 days 00:00:02.678021,0.14678766894424683,0.13948838436367028,0.16717555337639203,0.17435571143629325,1.1921713809336805,0.10739534283322519,0.17198634458028014,0.6439778481228687,3.6070793709783273,1.9543045251733069,0.15153441450986727,0.5508977450343574,2.2447250797445224,0.4843624759398725,0.141037325908229,1.9485821135644206,1.70009377818259,2.7909959880564337,0.6412962375617647,1.3714332574346386,0.5728375488368673,0.9177649404894218,0.10577974175586788,0.32756973458337363,1.972366622252138,0.3021238307303795,0.743103020866127,3.4284292775078065,0.13211941373341765,,COMPLETE
122,0.31598323516322846,2026-04-12 23:31:00.441676,2026-04-12 23:31:03.081422,0 days 00:00:02.639746,0.11206411846938628,0.11141039913872529,0.18557033719423552,0.18753147619044472,0.9156779826586269,0.12591685916524756,0.117471533913055,0.49743288400018915,3.043365316999847,2.875861650757034,0.1768209319246676,0.5261455660591463,2.2914958059824717,0.45438952001230726,0.12284969568502443,2.1091214325410808,1.7979066764256282,2.4727423069216736,1.0171079632300786,0.9017258603361892,0.41368746803440193,0.9296459077505539,0.12728232232278985,0.2664530838837549,1.6466422936804985,0.27258218830733505,1.4043967155036001,3.017864093132014,0.11377774398105159,,COMPLETE
123,0.31955050856877126,2026-04-12 23:31:03.082619,2026-04-12 23:31:05.676334,0 days 00:00:02.593715,0.14007803057308837,0.1373355704289761,0.16938244721349094,0.16219425122120001,1.151384763845196,0.1595680386628865,0.15000668622899646,0.6610082012753754,3.9912969288558173,2.654090882517073,0.1188755937646092,0.7114181133185286,1.8696678636130684,0.4157484003201253,0.11162727289919723,1.6063983013816,1.3929125075674191,2.3552856544955745,0.6555330537053364,1.3363291374810176,0.6506886938688803,0.795617846224559,0.10052945681165687,0.3588735003619577,2.0856354584660877,0.31718578422829236,1.1569107364947815,2.717938647843334,0.13376821821924456,,COMPLETE
124,0.31565448520297057,2026-04-12 23:31:05.677038,2026-04-12 23:31:08.318956,0 days 00:00:02.641918,0.11738313606028195,0.16646767055908562,0.20159783091964398,0.12472182899494261,0.7970510410376646,0.1256560610669268,0.13736670270940624,0.9217521367471977,2.7797499076937555,2.2702750869010333,0.17746175783082432,0.5800914445162866,1.6742167936397463,0.5894152558557386,0.1297800989346735,1.779359611011627,1.9450526796488226,3.578589479149621,0.7566641563251956,1.0445586241765323,0.3542371156675793,0.987905969077328,0.12991858091628825,0.3932111226245334,1.9001706898434896,0.18202082296273975,0.5086300380272589,3.389083135323884,0.15670579646526642,,COMPLETE
125,0.31394356156259845,2026-04-12 23:31:08.319699,2026-04-12 23:31:11.070628,0 days 00:00:02.750929,0.15195860505416656,0.14915857752254444,0.14686770609286734,0.20346263700521414,1.04785673830245,0.11454177000065201,0.16814322015172126,0.4580416262822169,4.773585804554778,1.853029224330472,0.12446220882492437,0.7891061773621051,2.089025986693078,0.5053346276207663,0.11368879599685405,1.931846830083544,1.0715668273009291,2.8860195786691163,0.5428591058214017,1.5933626470193623,0.45758631401575683,0.8492805760406396,0.15174249070641088,0.3142044676885616,2.276347257815046,0.24827438512473135,1.0424728550351827,3.921187396607927,0.11016745924509427,,COMPLETE
126,0.3143389132065713,2026-04-12 23:31:11.071345,2026-04-12 23:31:13.694472,0 days 00:00:02.623127,0.12109626093227221,0.11875719610438919,0.27991101554779396,0.1548926530570583,0.6854950747776152,0.15474133257202696,0.11311969079585896,0.5441330549008131,3.8026533272862477,2.0377071294068374,0.14710494594062024,0.638770859015132,2.6682787566916746,0.8476626326744008,0.13809441314985738,1.2532164636893295,2.4935019273040284,2.646426629642294,0.7990547222790753,0.8503974873793038,0.5656585304501633,0.7586024118222345,0.10814855343028588,0.3614346501863218,2.7015592856653314,0.2076894962019772,0.8005638553994505,2.378123590191039,0.1175427500643304,,COMPLETE
