number,value,datetime_start,datetime_complete,duration,params_BOUGUER,params_CRUST_RHO,params_CTD,params_DEM,params_EMAG2_LOG,params_FREE_AIR,params_GEOID,params_LAB,params_LITH_RHO,params_MAG_SEIS_MOHO,params_MOHO,params_MOHO_GRAV,params_P_DIFF_40_60,params_REVEAL_P120,params_REVEAL_P210,params_REVEAL_P40,params_REVEAL_P60,params_REVEAL_S100,params_REVEAL_S140,params_REVEAL_S200,params_REVEAL_S220,params_REVEAL_S50,params_SEDIMENT,params_SI,params_S_DIFF_200_220,params_VOLC_DIST,params_VPVS_DIFF,params_VP_120_VS_140,params_VP_40_VS_50,system_attrs_fixed_params,state
0,0.29330938796995104,2026-04-12 23:25:36.755736,2026-04-12 23:25:39.632161,0 days 00:00:02.876425,1.0,1.0,1.0,1.0,1.0,1.0,1.0,1.0,1.0,1.0,1.0,1.0,1.0,1.0,1.0,1.0,1.0,1.0,1.0,1.0,1.0,1.0,1.0,1.0,1.0,1.0,1.0,1.0,1.0,"{'MOHO_GRAV': 1.0, 'MOHO': 1.0, 'DEM': 1.0, 'LAB': 1.0, 'CTD': 1.0, 'EMAG2_LOG': 1.0, 'FREE_AIR': 1.0, 'BOUGUER': 1.0, 'SI': 1.0, 'GEOID': 1.0, 'REVEAL_S50': 1.0, 'REVEAL_S100': 1.0, 'REVEAL_S140': 1.0, 'REVEAL_S200': 1.0, 'REVEAL_S220': 1.0, 'REVEAL_P40': 1.0, 'REVEAL_P60': 1.0, 'REVEAL_P120': 1.0, 'REVEAL_P210': 1.0, 'LITH_RHO': 1.0, 'CRUST_RHO': 1.0, 'MAG_SEIS_MOHO': 1.0, 'S_DIFF_200_220': 1.0, 'P_DIFF_40_60': 1.0, 'VP_40_VS_50': 1.0, 'VP_120_VS_140': 1.0, 'VPVS_DIFF': 1.0, 'SEDIMENT': 1.0, 'VOLC_DIST': 1.0}",COMPLETE
1,0.28388169924333306,2026-04-12 23:25:39.633078,2026-04-12 23:25:42.171187,0 days 00:00:02.538109,2.962151658830349,1.0952662748632553,0.18410729205738682,1.7524101118128137,0.18408992080552522,0.1255111517297383,1.5958573588141265,1.040166367988731,0.31245650712608714,0.17258215396625,4.123206532618726,0.432845022129388,0.4192159350410975,0.7790143126276238,0.541828231953324,0.20492680115417347,0.32877474139911184,4.44475416669081,2.595942550311263,0.22948683681130555,0.20366442026830908,0.10838581269344748,0.7475992999956502,1.0502105436744278,0.3135775732257744,1.0150667045928572,0.21839352923182975,2.157696745589682,0.5954553793888989,,COMPLETE
2,0.3080546396746179,2026-04-12 23:25:42.172034,2026-04-12 23:25:45.017037,0 days 00:00:02.845003,0.3292529363110524,0.20609249413202357,4.09381360859878,0.1948567125127257,4.370990468130502,2.3628864184236402,1.4537555576161922,0.12897950480855533,0.8488762161408708,4.439102767051396,1.0769622478263126,0.11992724522955164,3.946212980759093,0.3385226783451977,0.7648565112369945,0.27520696850790527,1.3353819088790582,0.16119044727609197,0.6938901412739394,0.11439974749291269,3.5067764992972172,0.5595074635794794,0.1413663700812185,0.1465352103067214,2.074566765675251,0.21526280972215278,3.683296438423419,1.0370844668954533,3.3134836155089475,,COMPLETE
3,0.26804080554936993,2026-04-12 23:25:45.017746,2026-04-12 23:25:47.889993,0 days 00:00:02.872247,0.8356499023325523,0.4064644058668375,2.558586885593424,0.45745782054754014,0.4037506188440754,0.3001230180898044,2.306261812167793,0.28907721743726744,0.13359790328445564,0.15734685129393672,0.35704789209099796,0.11935477742481386,1.1454201562599386,1.7320535358459537,2.043455498416139,2.4290950368254953,1.5882886211970033,4.749974771378395,2.051259942215136,0.21757649801197562,0.10218376758008087,0.13386261584543913,0.3568426123255424,0.17355056469855074,2.9267581150621287,1.7361170890393296,0.3375589571206083,0.12822825454807552,0.36491004518573583,,COMPLETE
4,0.28845498528167846,2026-04-12 23:25:47.890922,2026-04-12 23:25:50.540686,0 days 00:00:02.649764,2.0410334065257048,1.9215811115723025,1.6284765129487637,0.6342770438858341,1.9613313824155445,0.8986552644007192,0.7728716861851782,0.15965665886173755,0.49799877736850856,0.24474916579073802,3.216235469207419,1.2111307195599326,0.3106554858581908,3.482797436617689,0.26517954410462846,0.3420435321164826,0.73121711727864,0.11045524260304719,0.15251209898002926,0.11308297976636,1.2057081573389115,0.5325732706437204,1.1916095713775827,0.6901506581791922,0.13514082247401413,3.024025177405686,2.360327600127808,3.797767944247853,0.1878927968546051,,COMPLETE
5,0.3052619562365072,2026-04-12 23:25:50.541507,2026-04-12 23:25:53.062959,0 days 00:00:02.521452,0.1538065811598201,0.7610438922351125,2.3540549916739844,3.284210350911731,3.3299080375866614,0.34695916603302895,0.5316714274124602,0.8247575333443021,0.35408871584750534,1.5646172845245514,0.20748033175894867,2.3196088229293594,4.477427984113195,0.37462611558389586,3.999220074578463,0.23842649129817403,0.1598260858385584,2.899715852166587,0.10275701058256682,0.7374699809816788,0.5118807219845012,2.453480159918335,0.32447648098898546,0.24392426447067803,0.4147589698454849,0.30474420508418104,0.699536365395908,0.26777533310313256,4.31687113842961,,COMPLETE
6,0.305288985603324,2026-04-12 23:25:53.063813,2026-04-12 23:25:55.594064,0 days 00:00:02.530251,0.17626741740706342,2.625148553475693,0.2974486379287082,0.7145565133513968,3.4923398229690443,0.25527510672017345,4.727053921131418,0.12230968684637636,0.14236381287235736,0.3507484078994471,1.0855042274745075,0.1155233613914713,0.11729398526129194,1.1921968649009667,0.8133268642646567,0.42155331669491175,1.1865024511462618,1.3865582968261485,1.9677452882613438,0.2533605885076776,1.7267033554444338,0.25777728526856764,0.7413627235366395,0.6785245383889537,0.2074384957294224,0.2425546071605745,0.10670437436886865,1.416320452869399,1.0090423315981845,,COMPLETE
7,0.3011111170152019,2026-04-12 23:25:55.594909,2026-04-12 23:25:58.208571,0 days 00:00:02.613662,0.15587917868879184,0.3767050528609561,3.903697468383557,1.492390555251755,0.17125527562127538,0.3797182755664948,3.0943771470831383,0.45399571411797673,1.1902012049596233,0.3920095005479951,0.19780776349405252,1.2477547117579695,3.3432081915002594,3.3445882537423945,3.3867510216238226,0.25757267464272166,0.1439391089327091,1.3221876538695285,2.445884838854264,0.8775452610882297,0.7940730292120066,0.27430586177787175,0.13897967017840054,3.7241461894928167,1.7115000764688548,0.1881925110523379,1.2325158377757162,2.113416820082882,3.2146465264678445,,COMPLETE
8,0.25865227568226945,2026-04-12 23:25:58.209497,2026-04-12 23:26:00.659508,0 days 00:00:02.450011,0.8556226023737441,0.4214422962057286,1.3405085969289574,0.1036634157292471,0.10199983732585115,0.18758929697854748,1.2813348073648008,0.1487294964712418,0.14426155883642527,0.2822090051553566,1.0722715472299058,3.36214634822542,4.498997443951861,1.3099797385674432,0.9237177101041923,1.2697166345350421,2.7720757993795844,1.621702307943825,0.25297586129952526,0.35714479620010053,1.8546693963465997,0.24045113403355006,2.2405805612946135,1.4979909410671277,0.25973536453725443,0.7144393131097432,1.1810970754652488,3.2776331220237247,0.46543736260056773,,COMPLETE
9,0.2509181810978328,2026-04-12 23:26:00.660393,2026-04-12 23:26:03.473638,0 days 00:00:02.813245,0.19994278254364248,2.7929018550910776,0.2999327032958846,0.2146406524604869,0.10997959032388707,1.2492175283159117,4.1753803075184335,1.6882022447363862,0.45109653340121175,0.34549437457269533,0.6867090776580449,0.9553057578887411,0.8830568083719574,2.81343883728721,0.31641701954844287,4.38851454510497,4.336720537130749,0.42548918777106237,0.1062332156990954,3.7773340393735215,0.5339148796046899,3.583662952414401,0.1462513716989619,3.961055478182881,0.19407209432804684,1.1088653955197347,0.9300725537404403,1.5224174271071171,3.89492303883841,,COMPLETE
10,0.27788550898583253,2026-04-12 23:26:03.474326,2026-04-12 23:26:06.076390,0 days 00:00:02.602064,0.38471569858573823,0.1411475375744899,4.694587995591945,0.24592266640710253,0.9591306586964499,4.271906202534824,0.18074074732332313,3.8364834250811493,3.301643616195548,4.9759253777463925,0.10237384946561917,0.3006266993930878,2.194309355738222,0.10570905089825085,0.11186259266452868,0.11165481730607958,0.299390907409177,0.10354983379808327,0.47277268411994716,2.1245986901363914,4.882950331441303,1.00739266866336,4.922686868821581,0.11447689083124304,4.868571330735698,0.13592684560311952,4.845805299341187,0.4653693802103219,1.822145599469548,,COMPLETE
11,0.29525721815098804,2026-04-12 23:26:06.077320,2026-04-12 23:26:08.621528,0 days 00:00:02.544208,0.34452590988896264,4.078173982345347,0.47430137697113445,0.374664403578959,4.908267283569983,3.3088555142988096,4.883827310709064,0.11051158946165518,2.713916521689966,4.672553729801875,1.9135605088838479,0.10116148148868637,0.10625556226593508,0.36245843422430474,0.5415243811475672,0.5367720088609034,1.5551821783887179,0.3917750867535228,0.8425124754124721,0.10887995298124047,3.584829348240464,0.43068002442276226,0.33585137688922484,0.3629092415676978,0.7211295584283746,0.35361377419940165,0.10852543171450915,0.7237158835153942,1.3677052768780333,,COMPLETE
12,0.30642190852187445,2026-04-12 23:26:08.622210,2026-04-12 23:26:11.368974,0 days 00:00:02.746764,0.351709954324241,0.13346795039233209,0.10529096108845992,0.10256899912949333,2.07453198221127,2.5981168684058553,0.34264798083024633,0.3006868156531187,1.551154353418854,2.4316469786803747,1.8876513253530876,0.20429781711770043,0.101501658431785,0.3569553386586243,1.5825696392355095,0.4099993204480416,0.4370235555834694,0.24304502865536418,4.939700593732622,0.34013055588342356,2.562734480318982,0.2518892983548897,0.4976822974191909,0.4397482273879362,1.5234400721507122,0.34863173285790217,4.832259207239229,0.38419907416983695,2.0961949094059205,,COMPLETE
13,0.2989527126471011,2026-04-12 23:26:11.369812,2026-04-12 23:26:13.825724,0 days 00:00:02.455912,0.4344759255959666,0.1033528853534306,0.10901312288398804,0.1106198992733577,1.8215980917220378,2.144294889749604,0.3489344821287616,0.2927056040374204,1.7143295697396068,2.367176431315815,2.1530997124588245,0.2228750438560285,0.2681294433004453,0.2836219594607184,1.7361662759490577,0.11762302532254444,0.4441638392894503,0.2435375439520972,0.4448514453646972,0.43039448896484384,3.0905633075783303,1.3080781969353894,0.2564219898043445,0.3565349447689046,1.4839008161633727,0.44714857189397234,4.853846679767199,0.328503449147539,2.165205954208912,,COMPLETE
14,0.28434272167362423,2026-04-12 23:26:13.826655,2026-04-12 23:26:16.412499,0 days 00:00:02.585844,0.1035478113099931,0.1808559424638677,0.7001203563466535,0.18084537142653817,1.7692499862492705,1.9182268332937737,0.1425779663991945,0.2741626291067073,4.915301506662266,2.6166598359141884,0.5696572565636993,0.2005239281063061,1.6806444817664092,0.1903094061672556,1.6987886730233817,0.756577682486808,0.5035507894745244,0.24318330792911041,4.407412965793335,0.15505679842647643,2.4220238328882955,0.44566228442287564,0.10225041334238645,0.10579248993606635,2.3013760028391856,0.1035044697124402,2.118810638592363,0.1599393152497496,2.394872373572391,,COMPLETE
15,0.3088512977704615,2026-04-12 23:26:16.413280,2026-04-12 23:26:19.124553,0 days 00:00:02.711273,0.5362612588596554,0.2066066047667093,0.13594146452907233,0.15843623254905936,2.9210529554209588,2.3187122454449587,0.3150545053029457,0.457763930096061,0.7770124013045979,0.8610286782274048,2.0202001286378013,0.4296491952099692,0.5377644567142932,0.4461700918642478,0.3195957045022981,0.17771724835057892,2.1281094345957396,0.189880017604651,1.0526688105574167,0.519021474148709,4.308488374779874,0.6894364792221,0.21635105951498795,0.3834918195661984,4.245797219334227,0.5160694392373987,2.5010967277498293,0.5322354284298381,4.58976208550703,,COMPLETE
16,0.29450212842823864,2026-04-12 23:26:19.125257,2026-04-12 23:26:21.775792,0 days 00:00:02.650535,1.4320558649952642,0.2539895905663853,0.5617796579565599,0.31769088144609625,0.5026960246578991,0.5406127874228773,0.2589909929376795,0.5545349359867842,0.7583000780874661,0.609764836198339,2.5390575371397306,0.5396250749236621,0.6183160077295631,0.5706669642612222,0.22502954791541482,0.17202334507454084,2.5713483396535244,0.14642650997964757,1.277629878503749,1.7051919576194896,4.685942844211122,1.5927465157837761,0.20157864732318492,0.1956335012305437,4.797727692785037,0.5257152847273063,2.455156339654898,0.6747280670468467,4.9273706051770585,,COMPLETE
17,0.3151598660088173,2026-04-12 23:26:21.776721,2026-04-12 23:26:24.290783,0 days 00:00:02.514062,0.5731712012190633,0.24846529663299013,0.21371593396114438,0.15777222591563492,4.819579494612539,1.3751221060627097,0.48768345913168454,2.018838811558495,0.6711775496093682,0.7135154445662872,4.931535578780688,0.4039833070571085,0.4973222488597627,0.1775796652421519,0.4290311755600537,0.15954546872866976,4.613805446769346,0.5562447673901625,0.5549349785179124,0.579379971711997,1.505533121608753,0.694066765194083,0.18353073594716932,0.25615312940888785,3.169486541630274,0.20006028835557943,3.0936939373386654,0.22086612247028015,0.11152272414171292,,COMPLETE
18,0.2895493612258247,2026-04-12 23:26:24.291724,2026-04-12 23:26:26.916967,0 days 00:00:02.625243,4.899130072587948,0.295281334013045,0.17932947890240925,0.1601178482125902,2.670379143275841,4.822298132326869,0.5203633518492554,2.154717524250109,0.26827014793262544,0.7299667068913216,4.078445499731221,0.4488913444984818,0.1996667485394907,0.11725527548945465,0.16004791704192903,0.14623628615163792,4.9053686477700165,0.5763528389893083,0.3485613633370402,0.5139835303597724,0.3506992803116066,0.8409054412534691,0.21719323776476412,0.2458007447390899,3.2777646926735398,4.642491946671225,1.6118411191319801,0.20799769523786574,0.11562032329478213,,COMPLETE
19,0.3039141794735463,2026-04-12 23:26:26.917786,2026-04-12 23:26:29.420412,0 days 00:00:02.502626,0.5808803763118876,0.5587882305129338,0.17584234946330432,0.29174501160803257,1.017057654789277,1.4456977918861869,0.10261731850625408,4.162085208520946,0.5720575671329103,1.0790146298565053,4.645142042996751,0.6814273491102459,0.48961035289512395,0.17805644689703506,0.40004684989331035,0.10056885984669577,2.797245586038953,0.6658505718052288,1.4201353788512359,1.4840819229384137,1.4692534377004034,1.6605116744337107,0.5668185741213718,0.4630198944832034,1.0383450704113706,0.640221055824937,0.4802776376317293,0.1059609461372389,0.26055745535518654,,COMPLETE
20,0.3077578295728918,2026-04-12 23:26:29.421363,2026-04-12 23:26:32.211387,0 days 00:00:02.790024,0.5591441130035115,0.25286247212500174,0.32566778842696087,4.685829677099449,1.3081373370079268,0.7993408258595464,0.23824194473196128,1.791372146876866,1.7036071595430324,0.5424003258467135,1.5214827326691756,0.3292615457950185,0.17841968578516287,0.5628721538934656,0.17220799945699353,1.9340912875361111,2.308048704721361,0.37691016720258896,0.65598028131951,0.5710214832154459,2.0308920800036185,4.661142481797667,1.8808618027439086,2.367032743983539,3.5109542130513307,0.16125670899509784,3.2941836094572405,0.5229513250099894,0.1020019125385911,,COMPLETE
21,0.29679395744789694,2026-04-12 23:26:32.212057,2026-04-12 23:26:34.835192,0 days 00:00:02.623135,0.2861318929463818,0.19845582080956942,0.1439297953205091,0.1590860389433453,4.194485091475907,1.6064708153699405,0.5127554565461254,2.5171632525060788,0.8170298745993142,0.1070302428171855,2.902924337774324,0.1582963824501164,0.7160840389528821,0.22314912555616145,0.44017030412691066,0.2934618854764352,3.9485006272124843,0.16115230715639556,0.6503770931893327,1.0941319457663734,3.463413463072255,0.6424420105755092,0.10430246447335129,0.14753612912880346,2.1496363490456893,0.23376601790346357,3.1334632967905693,1.082912015560149,3.042177807436134,,COMPLETE
22,0.303111766996128,2026-04-12 23:26:34.836144,2026-04-12 23:26:37.394046,0 days 00:00:02.557902,0.2512507606574903,0.10382005614298548,0.23222752772665417,0.15562893858660837,4.835456843615299,2.9108683481939908,0.8050121457501632,1.301546142709516,1.1831995679669016,1.391817198001206,1.403279052100924,0.30922328925336273,0.40909377945516334,0.156328618961083,0.5742463124908598,0.17024566262148563,1.7938489335146355,0.1832875439751901,0.31089711470982245,4.689947920001015,3.779563916573332,0.7073553440205049,0.17688584262360937,0.2671803694903698,2.574132457209001,0.11478844363659857,3.2809831490730006,0.22876385330558643,0.1991129098485712,,COMPLETE
23,0.3033647705523623,2026-04-12 23:26:37.394778,2026-04-12 23:26:40.386995,0 days 00:00:02.992217,0.5621511016935781,0.16773248584770628,0.4983521948403592,0.43028922664597563,2.92371761478154,1.2852311570390298,1.5882988411460832,0.49054401771063655,0.6475013618287465,3.253156444333533,0.4301751543554406,1.689540898579375,1.468293854125992,0.5354282288146114,0.35579096346141814,0.5413607617811124,0.9675173585760536,0.342641495020837,1.15395673540266,0.1820293921972672,2.501906983809686,0.37109293623171397,0.14695756754660072,0.15873153574957746,3.8736373662743637,0.19938426252802235,1.71609540193659,0.7391834555777599,0.9838612279792088,,COMPLETE
24,0.30997674961397825,2026-04-12 23:26:40.387745,2026-04-12 23:26:42.815386,0 days 00:00:02.427641,1.0289781674862095,0.28911278320672834,0.35970657586340493,0.21739771013712259,2.52730223634443,2.1400483058945485,0.3613241367678494,0.20330139358189414,0.21826602281437318,1.7474842176498528,0.8133319368656676,4.923622908063306,2.6420876470017203,0.2612644199836799,1.122102765338221,0.14259693903240767,3.418890617366494,0.9575498926068188,0.5288463945274047,0.6057369502473728,1.3186483490772465,0.5841271140911614,0.26395703607452153,0.5121728983297618,1.0664093980228893,0.298926616161973,3.420408143152006,0.5303740540416427,1.4442430244717803,,COMPLETE
25,0.31521075044752866,2026-04-12 23:26:42.816123,2026-04-12 23:26:45.417918,0 days 00:00:02.601795,1.4151134875581026,0.6328843200200029,0.3367377956556828,0.1366319417147225,2.483360142621849,0.6393208584590974,0.3186923644304528,0.22302638464847374,0.22457004653705134,1.6496775568840782,3.235791941442732,4.300003619175179,2.7513877778346587,0.2534133032013936,1.1361603991840932,0.14481562004153073,3.4756048246091638,0.9771185483557985,0.19605863648031735,0.6640806470996794,1.0867757824327309,1.236387268053099,0.2842328644161985,0.5386319574677095,0.5310347894505281,0.4581682917555691,1.7116075991869963,0.3098134006750216,1.462209958191598,,COMPLETE
26,0.3149691124405531,2026-04-12 23:26:45.418683,2026-04-12 23:26:48.035878,0 days 00:00:02.617195,1.307815938682362,0.5838670955164159,0.43479035948817873,0.2584524773859701,1.4174411460687941,0.5381532346936978,0.46312670797269506,0.2019162687860424,0.21403280255104748,1.3985351591742805,3.421033856063671,4.4936444294024245,2.50261106588146,0.24197992672027238,1.3319822876091667,0.136869029351279,3.7271493544689904,0.9147064488263459,0.1772830064665283,0.6971042015018819,1.017285443931737,2.1526809313972763,0.40509068875295184,0.5633432111016501,0.4782821838250251,0.2972171182282787,1.8063100225359352,0.18904584337501937,1.492947085279609,,COMPLETE
27,0.31427345720443156,2026-04-12 23:26:48.036653,2026-04-12 23:26:50.618899,0 days 00:00:02.582246,1.4319954995474777,0.6360390708341028,0.24905199676114517,0.12768949146712394,1.3927936537309302,0.5588067564877585,0.5908039267519736,0.2015587573929069,0.20666999953947524,1.2318655737665374,3.448137412509876,4.925763915276979,2.0891980642963746,0.14494307281228075,2.4478309888733736,0.14377733665435524,3.397534796897891,0.7429570267458275,0.1953192447792651,1.2511932852373822,0.8138060739590641,2.3564528033638235,0.4738999546640716,0.9609762982753504,0.49176072252647696,0.39153767952503366,1.6165145641059793,0.16519699828898327,0.7587222715059391,,COMPLETE
28,0.2973566918882016,2026-04-12 23:26:50.619775,2026-04-12 23:26:53.149572,0 days 00:00:02.529797,1.519945524875926,0.8538527576719793,0.7896585736886129,0.30062894496209736,0.6719116942674149,0.5243475854643289,0.1910118241631011,0.711334989653093,0.10004691238546592,0.4830155529008238,4.65156220142187,3.17098374686737,1.377878952186384,0.23111313650774393,1.295752881027084,0.21459827228500747,4.816916343371223,1.8466096915675239,0.1536489124143873,0.8005970034641837,0.5725988429668114,2.329408530584919,0.3646407888450861,0.5981757570509714,0.5926215226959088,0.7661140174320207,0.7122779306332845,0.3067667219833494,1.545520865077773,,COMPLETE
29,0.31112874060757906,2026-04-12 23:26:53.150352,2026-04-12 23:26:55.667291,0 days 00:00:02.516939,2.340055292798976,1.2198863298238078,0.42671685447104796,0.6090849322085341,1.333038425642717,0.6610230066979815,1.0069582115550682,2.996678950794184,0.204695839611314,0.8870225034356168,2.812771315455867,3.279084027763153,3.025348624683338,0.13548765561610954,1.1772158579975147,0.7526016472496918,3.2377380428960154,0.8808222164359238,0.2200321019441822,2.6585573198250216,1.1101395218846875,1.1276841412854997,0.8823694169751698,0.9967494676154065,0.7590161400928989,1.6166835972905298,1.0460431770029541,0.18166272691096805,1.0891717678191273,,COMPLETE
30,0.28854596688603457,2026-04-12 23:26:55.667963,2026-04-12 23:26:58.198436,0 days 00:00:02.530473,1.0772853711901968,1.3171524168546866,0.8476939206341768,1.0656965790501964,1.1264924788368507,0.9015124876329448,0.3963780709186369,0.19516848743361848,0.4059958498630237,1.832157361449049,1.511631419835444,2.053600432573536,1.0029539881440668,0.19626174734630553,0.658062437477247,1.082175877679429,1.932694525939537,0.532373530836346,0.14045635221961913,0.3289456414927032,0.9337641737707333,1.8973317442613498,1.3313434305232361,1.4850982819216494,0.40432067759566626,0.14538481646066415,1.4691008819437166,0.10060064688862719,0.7312668012215932,,COMPLETE
