number,value,datetime_start,datetime_complete,duration,params_BOUGUER,params_CRUST_RHO,params_CTD,params_DEM,params_EMAG2_LOG,params_FREE_AIR,params_GEOID,params_LAB,params_LITH_RHO,params_MAG_SEIS_MOHO,params_MOHO,params_MOHO_GRAV,params_P_DIFF_40_60,params_REVEAL_P120,params_REVEAL_P210,params_REVEAL_P40,params_REVEAL_P60,params_REVEAL_S100,params_REVEAL_S140,params_REVEAL_S200,params_REVEAL_S220,params_REVEAL_S50,params_SEDIMENT,params_SI,params_S_DIFF_200_220,params_VOLC_DIST,params_VPVS_DIFF,params_VP_120_VS_140,params_VP_40_VS_50,system_attrs_fixed_params,state
127,0.32186741056309104,2026-04-12 23:31:13.695214,2026-04-12 23:31:16.343127,0 days 00:00:02.647913,0.19844725253827,0.1561012184154935,0.17597503196701297,0.18085507919771307,0.9394358137893761,0.13906560161787368,0.2126607257923123,0.6831345938296746,2.6686958370163443,2.3208745052831334,0.1626939954654662,0.8918072484383872,1.4646968635038815,0.5528237054693323,0.12138374886505504,2.377173569478359,1.5263315147710412,3.72458253711463,1.2395793576665757,1.7883058027265701,0.7566674479657302,0.6688279269885814,0.11805500713657209,0.23646540320860507,1.6703805492188133,0.22805485286458646,1.3410755856615773,4.470165028062867,0.13509626536651811,,COMPLETE
128,0.3082400582008009,2026-04-12 23:31:16.343896,2026-04-12 23:31:18.997498,0 days 00:00:02.653602,0.17717139470615076,0.10056877858275966,0.24770462160749543,0.17132068595498362,0.8683488963227372,0.10064162972243987,0.17780794930196175,0.7419947073324699,3.346152320517818,2.5527681966233464,0.19684597419980887,0.5189236531634098,1.7832720229357086,0.47255811627352995,0.10003344793283468,1.535065210329448,1.7007271532165704,4.15105516827031,1.094310360104551,1.294275099007486,0.678466669935518,1.0807111464873689,0.1386081581843758,0.19803525875924685,3.6209151484401114,0.3075385238568103,0.5797641066756773,3.1163162375886064,0.1982850216878581,,COMPLETE
129,0.3197352330324734,2026-04-12 23:31:18.998210,2026-04-12 23:31:21.705097,0 days 00:00:02.706887,0.14361168166049681,0.17549098645583794,0.3205369869161282,0.15240480946600768,1.24339214656453,0.1687320115420646,0.1546996640218748,0.6090346123009237,4.007234889591217,1.5524577693019115,0.18869098563415188,0.36928754486065735,1.6378141414294374,0.6809192092045003,0.1484137728916063,2.0585358409635206,2.0617569146748824,4.5525629025031975,0.6871113592777188,0.9374672772495338,0.6086009235359487,0.8653273956652382,0.10004477330849623,0.29315390298437133,2.3594790985912613,0.28162119778366096,0.9481030063871048,3.8035085891515634,0.10631079169239985,,COMPLETE
130,0.30865691104684057,2026-04-12 23:31:21.705835,2026-04-12 23:31:24.546490,0 days 00:00:02.840655,0.16537480279094297,4.8670430636961,0.1893908621941052,0.19197029565716953,1.145662823544385,0.12885781329200527,0.14340573481790522,0.46265077866246807,2.127201373834339,1.40439508665926,0.20465324769671003,0.6877973601252734,1.3698766151715434,0.6562504472928438,0.11036328904718072,1.8500643652283904,2.3270450369097935,2.3410420028436585,0.6219509219536036,1.0022813917648097,0.5349138030873299,0.5339611311053295,0.1277398864793855,0.2569653099109721,1.3576260224875507,0.3609794365020694,0.7198008513959162,2.791835453088067,0.17701976844828327,,COMPLETE
131,0.32312364611603633,2026-04-12 23:31:24.549780,2026-04-12 23:31:27.603867,0 days 00:00:03.054087,0.1911697827007712,0.15115202824807142,0.17731132181855194,0.1807017743497703,0.9469142990724925,0.14093360835638818,0.20969966717640257,0.6844960220575091,2.6401599519422705,2.275759140957599,0.16453521169404278,0.9096574082417622,1.4537376043341714,0.5533139228152469,0.12157447272542045,2.375363428443642,1.5001042954288784,3.8057909887256494,0.8263466470764058,2.207777449179581,0.7413070639034275,0.6432591354840173,0.11691578100519864,0.2440691935592556,2.0468313582848947,0.22895477690214955,1.3096398200390411,4.475869681973616,0.13437569182827386,,COMPLETE
132,0.32519969090505246,2026-04-12 23:31:27.604598,2026-04-12 23:31:30.242391,0 days 00:00:02.637793,0.15361962526112505,0.13857300542096448,0.21093432519788372,0.1451391638844021,1.0199378520474067,0.1438894998188148,0.22860120910875414,0.8047666499580578,2.914188740343106,1.9904984304957098,0.16348321357215226,0.5817508249286485,2.071484002181749,0.4222956616942018,0.13056954818314886,1.738292233063618,1.8883497754017868,2.9148482253583308,0.8532756981737962,0.8081475223581068,0.8685366587336911,0.6196357953639687,0.11614791199474413,0.34284492176284337,2.0365430418775157,0.2639999138083672,1.2354440407916756,3.595590045690948,0.1263430014018468,,COMPLETE
133,0.31973721181247095,2026-04-12 23:31:30.243221,2026-04-12 23:31:32.979996,0 days 00:00:02.736775,0.1020248901316056,0.13479394499229808,0.15258800064866498,0.1249265521391271,1.0404989869506738,0.11721956427167764,0.24088594069175565,0.9942629735908793,2.6964905453759935,2.222653013611115,0.12503217135664316,0.5960144492333668,2.4293677384188417,0.4289108538998375,0.13361792945864956,2.7293535664824176,1.8452252840812837,2.9824245034051984,0.8378567869369143,1.425774856548163,0.827603833315099,0.637104187779072,0.1170309164898238,0.34248356911695427,2.0071489251537704,0.2668345082259766,1.2534176255978573,3.5622126851509046,0.14758433544218968,,COMPLETE
134,0.3182145829633737,2026-04-12 23:31:32.981572,2026-04-12 23:31:35.574069,0 days 00:00:02.592497,0.1960901690963726,0.14016996706237603,0.21204218670916317,0.14372680010913028,1.0852277270219899,0.14715201647713527,0.22532617360063198,0.8052367305611693,3.490305199875885,1.8121655113976363,0.1472549354343063,0.8636818710617982,2.1117964792194,0.6006850865264632,0.1126350007146433,2.318114755706352,2.0625433722119286,4.048897044059838,0.735354304757064,1.6119740880274318,0.7413918008974605,0.9986540493167572,0.14362539351585996,0.4004763793113992,4.564175371377772,0.19910016476780448,0.9995507604895392,4.5899094142621095,0.12193308642804984,,COMPLETE
135,0.31270132455507016,2026-04-12 23:31:35.574801,2026-04-12 23:31:38.569380,0 days 00:00:02.994579,0.2982051637631547,0.11424310689349941,0.17355503882299256,0.208129838911202,0.7414301169930347,0.1698374602069479,0.24981737010525973,1.119675890200367,4.21779373817388,2.0662588237897976,0.18287130403611476,0.3358638060337795,1.566827934178506,0.7481411187969473,0.17299246741122576,1.496895128990252,1.2671336139225304,2.13624538781611,1.017828147695113,0.8368338833459935,0.853137304934733,0.7227556095132363,0.1555932879138935,0.27988637427931135,2.5831633025305174,0.32601570146597725,1.5893657524093774,3.901304432592824,0.16201178952316495,,COMPLETE
136,0.31503633950827137,2026-04-12 23:31:38.571949,2026-04-12 23:31:41.461184,0 days 00:00:02.889235,0.15849999363625325,0.1456508049751053,0.23475534235099652,0.24397900131705397,1.5147970793482608,0.14395139551373476,0.2074744333312232,0.5222720090911821,4.8839638139365755,2.9123489728059373,0.25395708151438084,0.5666409645021449,1.7081338199104203,0.5416658756484748,0.14811631010237256,1.7467836691591718,1.515032722194292,3.444890561359812,0.8891697893904185,1.2085775941576367,0.6033980788216385,1.2126912530787701,0.11509670042945695,0.22104884711310974,1.7850896284123439,0.299908095989539,1.1934271529531897,3.4468512329271532,0.14136952843036438,,COMPLETE
137,0.324003200410265,2026-04-12 23:31:41.462263,2026-04-12 23:31:44.089968,0 days 00:00:02.627705,0.1822182868098839,0.10682018034287906,0.2962955600106928,0.18544513792833636,1.2575535323395843,0.15365572498499822,0.16701250442592647,0.8433817441610778,2.415390913617935,2.2694371974898684,0.1654407731686693,0.5179095832078007,1.4884446185108329,0.9515039709797621,0.11830166867583115,2.0382564440367283,1.123599370660203,2.4681660869609896,0.9561914132531228,1.0431039155156325,0.7082826413176017,0.5514853505371795,0.130345949171929,0.3659265708107661,2.772478114755369,0.3545009771308321,0.45867766322844356,3.244612824493037,0.1144541864871482,,COMPLETE
138,0.31603733893383534,2026-04-12 23:31:44.090717,2026-04-12 23:31:47.029915,0 days 00:00:02.939198,0.130613540199743,0.10896047935794127,0.9490234869686656,3.7433509001637915,1.3073974348734156,0.15506389514448268,0.1685042519393918,0.8642857298046062,2.0426575492882604,2.613930272926326,0.16591763362430206,0.6585207682665085,1.4572626081221811,0.9508924447364553,0.1393569385998632,1.9931845766169625,1.1789105010620786,2.495806598023017,0.7928440591924765,1.1728776808367773,0.6733710557736085,0.5508552558186484,0.1335689803755836,0.3662554997618609,2.3475647259752503,0.36120095990729423,0.44991090837877074,3.2707355940304907,0.11565333434938545,,COMPLETE
139,0.31650287651664083,2026-04-12 23:31:47.030610,2026-04-12 23:31:49.805986,0 days 00:00:02.775376,0.18820195038003712,0.11752323061853578,0.26809457875150267,0.1828500017280753,1.182990671831531,0.10884173249320225,0.1344592911818614,0.75958815247364,2.4578626620373973,3.1931038503238547,0.14081927458784896,0.7704921291309692,1.844459556834552,0.9780620513059964,0.11939319094082138,2.1817651519230887,1.1738906708465473,1.8902479366009297,1.078477563821531,2.0432450849522286,0.9456331048671416,0.614587125125213,0.1626861930885238,0.25478056847558817,2.753931850200075,0.3939372473315231,0.4806689229197298,2.3236854457033576,0.12285648654437586,,COMPLETE
140,0.319971281509703,2026-04-12 23:31:49.806916,2026-04-12 23:31:52.770163,0 days 00:00:02.963247,0.1742949469744646,0.17505214800259009,0.3006012115177114,0.21139145963524475,0.8666259324864988,0.1382739392068704,0.1626742214837575,0.6961790457601768,2.876800680177213,2.3063312503098143,0.1297603814065324,0.5112380657744757,1.4335051458833186,0.41101935285445546,0.1548791897786732,2.8355518607311616,1.3914772854315187,2.1553689795212705,0.9914410639704656,2.4027313763750353,0.5455964030861361,0.5150749502141655,0.10944433504058194,0.3029315601359748,1.4072562991404052,0.16032676399039836,0.5155100070849427,3.769445078773285,0.13591742936959364,,COMPLETE
141,0.31825084141458965,2026-04-12 23:31:52.771020,2026-04-12 23:31:55.501811,0 days 00:00:02.730791,0.22627035946638932,0.13280767170902494,0.20783354893828296,0.14305721011313233,0.9829702670441366,0.12076353885253041,0.1773999328302821,0.5783479418635428,3.321318655138101,2.034023199440083,0.20995601668694389,0.44171571156321776,1.5692465512586362,0.8332756706578545,0.10734673219176101,1.6675355021271439,1.8829415240599148,3.017428858553382,0.8518719288914829,1.0741667648942883,0.7635848549954574,0.9009349115797711,0.12207431150625309,0.38657535196470694,3.203243103817859,0.33967062270772785,0.5883722208197208,4.393377927064766,0.10592643478008251,,COMPLETE
142,0.32480258898956926,2026-04-12 23:31:55.502663,2026-04-12 23:31:58.235441,0 days 00:00:02.732778,0.15446114764263308,0.10763626853782035,0.23302801924618094,0.16248238029972745,1.1008290335120787,0.16191571353982917,0.18644665038510663,0.9554144696419713,3.8293794236114813,2.4153165425192444,0.1744312915875721,0.5123662362463236,1.358380557656308,0.5959431438946731,0.12999267229590794,2.4791162010298318,2.3587603722320503,2.5937813017532663,1.2200924567809033,0.9807347910909386,0.7205720250873784,0.6768068978854447,0.12714378996689107,0.3336080856282429,2.4500386715605167,0.28524747199136674,0.41149746606036824,2.9091004513905196,0.11027255922056557,,COMPLETE
143,0.32491990894010075,2026-04-12 23:31:58.236186,2026-04-12 23:32:00.992462,0 days 00:00:02.756276,0.11976265936255388,0.1074170760302789,0.24911960226975993,0.19294776123508248,1.425371886310582,0.16449664061523592,0.22171549093986267,1.1667515802179367,3.7622976589162276,2.4819435303844637,0.1112499826816223,0.6377153434869038,2.037303893527397,0.6026352712344843,0.13397484472636514,3.0420394646554456,2.472149818893791,2.6875592644451025,1.3863333090808323,0.979041692525842,0.897541593242968,0.6849474729192404,0.1329064092328986,0.3350516511168225,1.6137777838222909,0.28040136769040186,0.35515732398661864,2.857377918321127,0.12713988756662914,,COMPLETE
144,0.3208118834054807,2026-04-12 23:32:00.993227,2026-04-12 23:32:03.931360,0 days 00:00:02.938133,0.12294817630136373,0.10625276496750558,0.2440772366636758,0.19288979497919578,1.1106054076213518,0.16253444693382388,0.2653657529303187,1.111856554016119,3.952424640724554,2.482356897094623,0.10737366555351038,0.7139288285878281,2.5621583285400304,0.45580999674006845,0.13595680017099887,3.4707517776475094,2.5485599764877884,2.58010018836076,1.408715472507804,0.8047657105169639,0.8814701688391375,0.6689201422332924,0.14679246177154703,0.34106913230255526,2.040279011143601,0.28607656303098733,0.36356695237565445,2.6621372789124584,0.153543192657201,,COMPLETE
145,0.31647853663848435,2026-04-12 23:32:03.932551,2026-04-12 23:32:07.224038,0 days 00:00:03.291487,0.11242918279400614,0.10120112842980139,0.2796162025127162,0.16737788712982704,1.264463521029613,0.17355466905624314,0.22438537298900713,1.2766972748308494,3.7179409692674166,2.723565288997098,0.1173800777022153,0.6028572589302017,2.0124346513963323,0.5253804791026775,0.12806744976702128,3.041157409994804,1.6523797457728995,2.3000632277623985,1.7553318592740839,0.9513317624706484,0.7035371466126835,0.5578636451321962,0.13164480013106236,0.2817237690861941,2.415786184298503,0.2232571538141068,0.4002423791559684,2.846636496763089,0.13036058576922402,,COMPLETE
146,0.3208479682993846,2026-04-12 23:32:07.226852,2026-04-12 23:32:09.994268,0 days 00:00:02.767416,0.13828846566663539,0.11825787154737845,4.864204633051221,0.1786184741501241,0.7987905309030908,0.15033136960556015,0.20842934043328923,0.9130745513131506,4.568128683520612,2.3412122689715082,0.16116091535857505,0.5557776497276865,2.2557844327814864,0.7658873348866031,0.11582802074978629,2.1984585762925497,1.7773465586796888,2.7674896057111624,1.4670203017612087,1.0146784007826701,0.6339918433746919,0.7230532334888623,0.10749412757036417,0.3488197509003236,1.9366564440968876,0.316186591538138,0.3481618012996763,2.5692624039512926,0.1109140211591005,,COMPLETE
147,0.32572817532423193,2026-04-12 23:32:09.994999,2026-04-12 23:32:12.928736,0 days 00:00:02.933737,0.15030207257809514,0.1470814205901042,0.3820531803625887,0.15595338530157432,1.438461900069333,0.21872983178933295,0.1967266557775117,0.8245364627324473,2.5166888797199403,3.4367508918948495,0.10049760045969831,0.9293495475781302,0.13706425929253377,0.5616228045851948,0.12561050786648278,2.585152219277712,2.869321999710728,2.0413940130058816,1.3484638325823235,0.7988482784434946,0.8383898898550952,0.6141325953548444,0.16525134597737892,0.3173332663332611,2.1696812110693937,0.2402764384976439,1.5117722854108877,3.2485248027904388,0.14422469471602553,,COMPLETE
148,0.3255971799686905,2026-04-12 23:32:12.929594,2026-04-12 23:32:15.620498,0 days 00:00:02.690904,0.15308300534422517,0.10869194442073589,0.34556572197172686,0.15736639077047113,1.5532488239507285,0.20878380264242247,0.19410145948830348,0.7928370989404653,1.9276554218409072,3.4433703689127553,0.10782624589403247,0.8995384350776506,0.20539598127775108,0.5596459601269521,0.12672008996254105,2.5481023470022532,2.356038798319358,1.692493878010538,1.2599428378415654,0.8691299535846538,0.8135013926319519,0.493185422514779,0.14319679240409955,0.3198114290268005,1.5758265488120435,0.23970765842078834,1.5376936026678574,3.0759873665446165,0.14434511952693885,,COMPLETE
149,0.3170364809071827,2026-04-12 23:32:15.621223,2026-04-12 23:32:18.262975,0 days 00:00:02.641752,0.15318283959797901,0.10756608444852059,0.3819392098171585,0.16324223500072133,1.5846646038786536,0.21902063178732173,2.05379269271792,1.0104054327644767,2.363100853406952,4.227359265380886,0.12016395701906868,0.9657794043079602,0.1490534781020562,1.1433775188941557,0.13016601508996536,2.648750393612403,2.7484474612773204,1.6672989241334557,2.2211860744774916,0.7961137083470885,0.8233047177320488,0.46245005403939793,0.1409935220371498,0.3073932650704018,1.545517104109219,0.24716533766383422,1.5052434361153577,3.113096816291661,0.163413733964878,,COMPLETE
150,0.3062757851264907,2026-04-12 23:32:18.263831,2026-04-12 23:32:20.936650,0 days 00:00:02.672819,0.1293984996699161,0.1124523823679906,0.34688547273785514,0.15305468893339416,1.4871419216490034,0.21215721864942078,0.191783307834561,1.4647612526002496,1.7636791597171275,3.490141834398381,0.10395341442761173,0.6720538273682554,0.10828184111461493,0.6380077904154902,0.10027030705837865,3.4099362869126493,2.4471237085287108,2.1063850861541957,1.2686172464070626,0.6825876666318968,0.9320690691958098,0.4917283984728156,0.17163770771530532,0.33036645017800514,1.6690613820937505,0.27809615112641867,1.576749602370964,3.2703810115168337,0.1870618551846991,,COMPLETE
151,0.32567618569302087,2026-04-12 23:32:20.937370,2026-04-12 23:32:24.016031,0 days 00:00:03.078661,0.1499674611726444,0.14361180232555815,0.3098810873832072,0.1883501004343234,1.4460770442453366,0.17658922983950046,0.15789975631110642,0.7975995833166394,2.8746245798583283,3.7015646276391165,0.1013380545663749,0.8380737586844623,0.14388441552195733,0.5916487297712272,0.12003135299209701,2.5570530164403396,2.2308335300696505,2.581370931601746,1.5860608419470021,0.9129308523578535,1.0199442756035269,0.5892756363031227,0.12647216649961973,0.2716878743966958,2.183034839193261,0.20522317096138706,1.264717858537041,2.959876525684215,0.14600020610316047,,COMPLETE
152,0.32573991809241215,2026-04-12 23:32:24.016848,2026-04-12 23:32:26.621165,0 days 00:00:02.604317,0.15036600908108438,0.1357815218479596,0.3154431427501382,0.15007950139963597,1.4267027728150392,0.19404024593099242,0.15795400409751367,0.8309525871377723,2.9125524805615006,3.473003126594577,0.101537204822906,1.029118225879563,0.13765901572380757,0.5820605216429264,0.1114741517987207,3.798403938795841,2.2294289538842134,2.403579166929528,1.605424061360932,0.8859533836430463,1.0244688937366397,0.5845149822742434,0.13154264540702415,0.3669723911251236,2.214386033312935,0.21012282366929919,1.4279999223262274,2.2239868587491793,0.1430304127914027,,COMPLETE
153,0.3181043439685288,2026-04-12 23:32:26.622037,2026-04-12 23:32:29.292544,0 days 00:00:02.670507,0.14826768111047037,0.13697549672413128,0.460792482098022,0.1538320428079431,1.8732341549354972,0.1978549412846376,0.14344021865223194,0.830069606073161,2.8937527925392588,4.795219412672704,0.10109499440029127,1.036231900960311,0.1369241904438524,0.4929139120200601,0.1465394312697409,3.1808341382319996,3.2143912226346494,2.3803031797794865,1.7973545812218752,0.8852039656830056,0.9677493406091954,0.5994279224949992,0.1559690882729633,0.2633961771349762,2.1922542575871646,0.20018268685102175,1.765875996816656,2.255892898557565,0.14985881573494028,,COMPLETE
154,0.3181367743662117,2026-04-12 23:32:29.293398,2026-04-12 23:32:31.981421,0 days 00:00:02.688023,0.13786153999058068,0.14461903562937137,0.32418995026459496,0.19044730949107735,1.4158321744711342,0.1993780452860277,0.11735654613827162,1.1998895949216641,3.0004732296976377,3.8048079590832375,0.1060548011259342,1.2882183423717288,0.1966832559701398,0.567056747652414,0.11368649837385747,4.189669816713228,2.282145597069165,0.12103359824409646,1.5104450232558668,0.757248681171276,1.021282219218335,0.4396005972166639,0.13516520905131219,0.3700380687802374,1.768175666737519,0.2120220880041697,1.3831971211586196,2.911399422617661,0.1441042861663124,,COMPLETE
155,0.31675441620543365,2026-04-12 23:32:31.986583,2026-04-12 23:32:34.808551,0 days 00:00:02.821968,0.11588360027046365,0.1162273916334079,0.3631510777379964,0.16734956396781994,1.5463883926674649,0.2344553238190833,0.12555498214533925,0.7947954760702689,1.9414037589004831,3.3651715370454296,0.11563147159087975,0.8015288235934362,0.13329923101742266,0.594993272549052,0.13811997463266282,3.647139354071924,2.862898897953702,1.7444111516445189,1.5831856396885444,0.687317143077628,0.8916206552818244,0.5748551061091016,0.10872118498120224,0.3242457273160288,2.190578410065129,0.16424885887240548,1.4592595306047522,2.0001231453870556,0.16977963103647767,,COMPLETE
156,0.3211750465483284,2026-04-12 23:32:34.809389,2026-04-12 23:32:37.822095,0 days 00:00:03.012706,0.17229019359473013,0.10049180175450062,0.3116819217101709,0.21982610503871738,1.2804178317252737,0.16094534236442534,0.1560823244172418,0.9003309694759521,2.2755208041969315,4.269219522014456,0.11146747323566072,0.9275355518593498,0.17728430865210784,0.5352079175245371,0.125200423950826,2.4708535412852233,2.543325102045748,1.9384969451418816,1.9760187670634017,0.9411569201174473,0.8146570317809178,0.5155754079198616,0.14649612906027257,0.2923988202479635,1.584859223509364,0.186342050783715,1.9321856717740273,2.4277626296090062,0.14202861271818198,,COMPLETE
157,0.31640345076617976,2026-04-12 23:32:37.827851,2026-04-12 23:32:41.026166,0 days 00:00:03.198315,0.13041764954551013,0.132793138030276,0.34296292277995777,0.14901614876406863,1.7453274756838302,0.1750898193247308,0.16195269771292506,0.9629033879968746,2.507460347142202,3.4910329063380305,0.13764036318383135,1.0876963408033553,0.11210084791877671,0.4518026201781872,0.11562263462853525,2.5020427198703583,2.1766668999826755,2.46547424801536,1.3288768893076663,0.8250868384859186,1.074228876844936,0.564743349919115,1.9832041746319395,0.3085282355071545,2.5872696655184675,0.23399049205039646,1.2728004341620092,2.606206774684932,0.2151141771100411,,COMPLETE
158,0.324576152810221,2026-04-12 23:32:41.027139,2026-04-12 23:32:43.936583,0 days 00:00:02.909444,0.1536062932171476,0.16753772505721257,0.28748803394957057,0.19669335268907817,1.3894071869147304,0.15065252996423556,0.1370632240690986,0.8349655244234386,3.461819741209906,3.1720845145294865,0.1268814502465213,0.8455545364918098,0.15602278754862034,0.7593471977549281,0.13202281846382724,2.927618274184758,1.986005227857811,2.1917041958280175,1.2062345024222982,0.9995717595110684,0.39275376335012463,0.8378297722783571,0.12920706818875555,0.27540730979063927,1.8970951601479382,0.2558086755060902,1.1642039919220981,3.5574067069896587,0.12409900573263699,,COMPLETE
