number,value,datetime_start,datetime_complete,duration,params_BOUGUER,params_CRUST_RHO,params_CTD,params_DEM,params_EMAG2_LOG,params_FREE_AIR,params_GEOID,params_LAB,params_LITH_RHO,params_MAG_SEIS_MOHO,params_MOHO,params_MOHO_GRAV,params_P_DIFF_40_60,params_REVEAL_P120,params_REVEAL_P210,params_REVEAL_P40,params_REVEAL_P60,params_REVEAL_S100,params_REVEAL_S140,params_REVEAL_S200,params_REVEAL_S220,params_REVEAL_S50,params_SEDIMENT,params_SI,params_S_DIFF_200_220,params_VOLC_DIST,params_VPVS_DIFF,params_VP_120_VS_140,params_VP_40_VS_50,system_attrs_fixed_params,state
287,0.3205487474472166,2026-04-12 23:38:57.423192,2026-04-12 23:39:00.113936,0 days 00:00:02.690744,0.1013150317858243,0.15762747648795042,1.0913393109144336,0.10115113403194248,0.8927686887645552,0.1480516787609775,0.20637136223802877,3.090188655360274,0.8054243076905844,4.715100111483615,0.14188363072542098,2.5907667266471717,0.1643446591650369,1.3401747262100838,0.15062879465683396,4.022748546309825,1.124175222682221,0.5812638224380999,3.3634522401876996,0.529057731734016,0.20911221000682642,0.317788143701752,2.1312906844155646,3.021470607802531,0.9299044422658714,0.2057921011189322,1.062153082372127,1.4347257877836803,0.6323773848699411,,COMPLETE
288,0.2947470288783684,2026-04-12 23:39:00.114667,2026-04-12 23:39:02.922822,0 days 00:00:02.808155,0.14296480956442684,0.19550543802109455,0.9164760339218972,0.6297838274074176,0.8517737277187729,0.15575963796758063,2.923121757653386,3.712350398062534,0.886058843612529,0.4352869769659099,0.12672278438685816,1.920740191945139,0.14781436805777148,1.2359226290210927,0.20455545889089943,3.63356278056576,1.2419846134201158,0.7099091179529905,3.5671539154294183,0.4770494211855827,0.15566919520088235,0.2879660188725797,0.5359425723646745,1.8659595187597793,0.971786105124897,2.0274311074523736,1.138886864081475,1.6597810677119853,0.1281086874190083,,COMPLETE
289,0.31355920378462854,2026-04-12 23:39:02.928557,2026-04-12 23:39:05.653239,0 days 00:00:02.724682,0.11095464370159648,0.2221944097832285,0.6145801645962146,0.5147461649910594,0.7420867501534562,0.17700332798891383,0.19100202011631595,3.692956099975296,0.938723193833549,4.9912534205702626,0.10922042167966249,2.1969159515317647,4.356763079684407,1.4284986752387092,0.15743396776013502,4.356963332387656,0.9437521106566439,0.5206682715822833,3.7588534358669525,0.5876801803790591,0.1443085872211928,0.2561345025911321,1.7399999437026465,3.3658086923018886,1.6744669024964582,0.18786000870092817,1.25341401701711,1.295574974413615,4.412985948755096,,COMPLETE
290,0.3138921593123446,2026-04-12 23:39:05.653977,2026-04-12 23:39:08.657757,0 days 00:00:03.003780,0.12230681682630119,0.20856440863739792,0.84029065077757,0.10021162977027129,0.9539747224234134,0.21332661919536225,1.2097642143607643,3.400557627148574,0.7883674781643428,4.617324870508043,0.18119724153493508,2.0548890846361094,0.15615533672598697,1.1155079625477817,0.1867220272126296,3.9889995560583555,0.358704058291796,0.6953153713223845,3.319391732495562,0.5329544475653031,0.2249055243600242,0.2996641016664719,1.8362225932835634,4.304399386257579,1.5722354245655477,0.20956673448584862,1.3832920126263004,1.7733030970993882,0.15611512260892751,,COMPLETE
291,0.3233281902163069,2026-04-12 23:39:08.659647,2026-04-12 23:39:12.292298,0 days 00:00:03.632651,0.10013511691665193,0.19188206804838112,0.6652100990645922,0.11552713128028554,0.6602347412793003,0.16227028428688348,2.136105416784803,2.6205484734000697,1.025588653612349,4.506423696798897,0.13583703955682813,1.7834185718154845,0.14165435493486597,1.0900041097368665,0.24874937337384984,4.542070250801162,0.8189602778833401,0.6659982847672227,3.0010866740362627,0.45066043552833956,0.1882993589768142,0.35354920717828536,1.3089466897669126,2.8718483536870303,1.1234284177953255,0.24830766984613353,1.0345801090530609,1.5539390399300637,0.13633486892039473,,COMPLETE
292,0.33333917721668344,2026-04-12 23:39:12.293874,2026-04-12 23:39:15.402565,0 days 00:00:03.108691,0.11290925312385991,0.22343202048575725,0.6014806518660679,0.12086861552533862,0.8831617491081815,0.18825443092893882,0.17181897590053236,2.940680107305673,0.8455174924323574,4.951506904469331,0.15950383047452477,2.384689701951353,0.18685535668520478,1.1840498358749685,0.2091364042028796,3.4957309933723635,1.013420908625525,0.5726651049058494,3.487268700801381,0.8118602194300777,0.17496072784515923,0.3285950700665152,1.0645166285774839,3.2883948664232725,1.1912115085955446,0.19427923135974717,1.1895692813510998,1.840042866439687,0.12290468704970806,,COMPLETE
293,0.32910607101698214,2026-04-12 23:39:15.403559,2026-04-12 23:39:17.966682,0 days 00:00:02.563123,2.497724722631214,0.21430217226205567,0.5652088522160281,0.11054745062699382,0.8265897371551629,0.23317327020255865,0.17155896447994853,3.0175790351241663,0.8537656738033863,4.999841844165573,0.16649659813246293,2.384188769749428,0.19512531683205694,1.2787770543000698,0.1775723384985973,3.4657989182444537,1.016248297164922,0.6083564870469154,2.8546852321805254,0.8240690260130877,0.36703723850624914,0.2884614129728132,0.6381471697310659,3.5473605219466737,1.2206948553343693,0.21100420822884242,1.105413734572915,1.8458866002567373,0.1210940254016856,,COMPLETE
294,0.3369884064182392,2026-04-12 23:39:17.967583,2026-04-12 23:39:20.774099,0 days 00:00:02.806516,0.13430994436285526,0.22786779914639038,0.5835094072965396,0.12210239627495179,0.934444276604435,0.19851620604076345,0.1761688547691238,3.4454490968823572,0.584736515728214,4.977627177405292,0.19193311577935745,2.8881213320681067,0.17756359337458882,1.0457282421234408,0.20972534116671024,3.695559993934773,1.064405832205789,0.5972520810111195,3.13520593345868,0.7919746816685047,0.20841039837272107,0.37129166103706107,1.0487733721605408,3.105185858992537,1.8622853314412164,0.1863797276498647,1.1700546496670716,1.9848850827282056,0.11773608697360678,,COMPLETE
295,0.3297075274312513,2026-04-12 23:39:20.774853,2026-04-12 23:39:23.731244,0 days 00:00:02.956391,0.11484674494475294,0.23231523179186717,2.265482507887227,0.11392354782212125,0.9000442718119093,0.19150011394788685,0.1838566141990462,3.324686969940368,0.4686739934021046,4.5930489334250435,0.19489457209559422,3.020449413100765,0.1768109670323973,1.019477818265061,0.22398179224203163,3.7750559521915106,1.0911482414308873,0.5547575500799969,3.8972687507517456,0.8076323586731562,0.21086808532321746,0.3869706578722608,1.0039265319155521,3.376389694718662,1.7712045222575754,0.19027486630348087,0.940495643762184,1.8911307992274597,0.1228032002717896,,COMPLETE
296,0.3284994743457951,2026-04-12 23:39:23.732074,2026-04-12 23:39:26.597188,0 days 00:00:02.865114,0.12320154816496037,0.22175705334894133,0.5099813694917341,0.1057073720795557,0.9576165124338524,0.19079619079863588,0.21816040339132398,1.6709695437015775,1.536488714471924,4.52880090972755,0.17887222237977066,3.292337480572094,0.18676870384213848,0.8324015234898859,0.21317918841213676,3.483987004236947,1.164779943726012,0.643200084026307,2.5625636929235975,0.7849661988759176,0.21806668061680232,0.40270921606815546,1.103372942958568,3.985440603406572,1.9432169112693127,0.18579479402171067,1.1604450779488136,1.9848349961656502,0.11943335217011557,,COMPLETE
297,0.32626103418410857,2026-04-12 23:39:26.601698,2026-04-12 23:39:29.570347,0 days 00:00:02.968649,0.14328084752856807,0.24801195711772267,0.5474724545056596,0.11989786448990838,0.9685804903505028,0.17310533013783147,0.19490459483594547,3.5747515391276297,0.6559398909172511,4.989706529850067,0.15796923302249435,2.50108532266828,0.20812934553255616,2.8496102161868424,0.19950562242755726,3.991455660486601,0.9806809137119225,0.5813879321347301,3.332039784962595,0.7708945726667122,0.11916850707837441,0.35497913560006056,0.9087158688272612,3.9883830080560023,1.6048543473363497,0.2063776746856954,1.0467789793873867,1.7344923509662136,0.12796656301385811,,COMPLETE
298,0.302392165708111,2026-04-12 23:39:29.571067,2026-04-12 23:39:32.318557,0 days 00:00:02.747490,0.11282802066431226,0.22640606026485344,0.5993768172686768,0.10000763756075713,0.1471430644192179,0.14229047733407363,0.1688145779584431,4.141017716763814,1.0967624116215051,4.323139926324496,0.16044277243520227,2.2437343319238137,0.1865589494490809,1.042714093330459,0.2046543162483572,4.168625560290348,0.9319033908038823,0.7264726476639919,2.8952591791982587,0.6157902352692424,0.2341325334987476,0.331955994124192,1.0377851564258616,3.1855045622807374,1.812375263321788,0.18398407702972447,1.1662473011350338,2.0100690713004954,0.11429300645025552,,COMPLETE
299,0.3339396575278549,2026-04-12 23:39:32.319447,2026-04-12 23:39:35.165884,0 days 00:00:02.846437,0.13356741211425133,0.25249527383937725,0.517370809826856,0.11270597683484906,0.9016475221016247,0.20257334390693765,0.16269753955521607,3.8466609290880145,0.5981050760135623,4.990425161714776,0.15275754870901384,1.311102070542247,0.17038118750622044,0.9123632780574397,0.19224562167879344,3.7279202460086176,1.0494916128859824,1.0311548526091565,3.614525154602526,0.8262969767001882,0.29722542442695504,0.35817898868166004,1.196427305839926,3.174392862269576,1.3350373017118813,0.2000882276193018,1.2283821095785394,1.8157329719587734,0.14311708090244454,,COMPLETE
